WARNING: timestamping does nothing in combination with -O. See the manual
for details.

--2021-04-07 06:13:49--  https://ftp.ncbi.nlm.nih.gov//genomes/all/GCF/000/001/405/GCF_000001405.39_GRCh38.p13/GCF_000001405.39_GRCh38.p13_genomic.gtf.gz
Resolving ftp.ncbi.nlm.nih.gov (ftp.ncbi.nlm.nih.gov)... 165.112.9.228, 165.112.9.229
Connecting to ftp.ncbi.nlm.nih.gov (ftp.ncbi.nlm.nih.gov)|165.112.9.228|:443... connected.
HTTP request sent, awaiting response... 200 OK
Length: 44006430 (42M) [application/x-gzip]
Saving to: ‘/Users/kqrw311/snpEff/download/ncbi/GRCh38.p13/GCF_000001405.39_GRCh38.p13_genomic.gtf.gz’

     0K .......... .......... .......... .......... ..........  0%  127K 5m38s
    50K .......... .......... .......... .......... ..........  0%  230K 4m22s
   100K .......... .......... .......... .......... ..........  0% 1.55M 3m3s
   150K .......... .......... .......... .......... ..........  0%  348K 2m48s
   200K .......... .......... .......... .......... ..........  0% 7.03M 2m16s
   250K .......... .......... .......... .......... ..........  0%  905K 2m1s
   300K .......... .......... .......... .......... ..........  0%  325K 2m2s
   350K .......... .......... .......... .......... ..........  0% 32.4M 1m47s
   400K .......... .......... .......... .......... ..........  1% 1.06M 99s
   450K .......... .......... .......... .......... ..........  1%  756K 95s
   500K .......... .......... .......... .......... ..........  1%  469K 94s
   550K .......... .......... .......... .......... ..........  1% 1.07M 90s
   600K .......... .......... .......... .......... ..........  1% 7.12M 83s
   650K .......... .......... .......... .......... ..........  1% 9.22M 77s
   700K .......... .......... .......... .......... ..........  1%  683K 76s
   750K .......... .......... .......... .......... ..........  1%  720K 75s
   800K .......... .......... .......... .......... ..........  1% 4.65M 71s
   850K .......... .......... .......... .......... ..........  2% 14.6M 67s
   900K .......... .......... .......... .......... ..........  2% 5.33M 64s
   950K .......... .......... .......... .......... ..........  2% 10.3M 61s
  1000K .......... .......... .......... .......... ..........  2% 1.35M 59s
  1050K .......... .......... .......... .......... ..........  2% 28.3M 57s
  1100K .......... .......... .......... .......... ..........  2% 1.55M 55s
  1150K .......... .......... .......... .......... ..........  2% 10.3M 53s
  1200K .......... .......... .......... .......... ..........  2%  484K 54s
  1250K .......... .......... .......... .......... ..........  3% 6.99M 52s
  1300K .......... .......... .......... .......... ..........  3% 48.7M 50s
  1350K .......... .......... .......... .......... ..........  3% 6.69M 49s
  1400K .......... .......... .......... .......... ..........  3% 7.19M 47s
  1450K .......... .......... .......... .......... ..........  3% 37.2M 46s
  1500K .......... .......... .......... .......... ..........  3% 3.48M 45s
  1550K .......... .......... .......... .......... ..........  3%  102M 43s
  1600K .......... .......... .......... .......... ..........  3% 9.93M 42s
  1650K .......... .......... .......... .......... ..........  3%  271K 45s
  1700K .......... .......... .......... .......... ..........  4% 10.6M 44s
  1750K .......... .......... .......... .......... ..........  4% 5.99M 43s
  1800K .......... .......... .......... .......... ..........  4% 10.4M 42s
  1850K .......... .......... .......... .......... ..........  4% 9.27M 41s
  1900K .......... .......... .......... .......... ..........  4% 10.1M 40s
  1950K .......... .......... .......... .......... ..........  4% 10.9M 39s
  2000K .......... .......... .......... .......... ..........  4% 2.60M 38s
  2050K .......... .......... .......... .......... ..........  4% 6.09M 37s
  2100K .......... .......... .......... .......... ..........  5% 4.76M 37s
  2150K .......... .......... .......... .......... ..........  5% 7.51M 36s
  2200K .......... .......... .......... .......... ..........  5%  162K 41s
  2250K .......... .......... .......... .......... ..........  5% 3.79M 40s
  2300K .......... .......... .......... .......... ..........  5% 10.2M 39s
  2350K .......... .......... .......... .......... ..........  5% 3.58M 38s
  2400K .......... .......... .......... .......... ..........  5% 8.15M 38s
  2450K .......... .......... .......... .......... ..........  5% 3.13M 37s
  2500K .......... .......... .......... .......... ..........  5% 13.5M 36s
  2550K .......... .......... .......... .......... ..........  6%  103M 36s
  2600K .......... .......... .......... .......... ..........  6%  153M 35s
  2650K .......... .......... .......... .......... ..........  6%  174M 34s
  2700K .......... .......... .......... .......... ..........  6%  173M 34s
  2750K .......... .......... .......... .......... ..........  6%  122M 33s
  2800K .......... .......... .......... .......... ..........  6% 99.2M 32s
  2850K .......... .......... .......... .......... ..........  6%  156M 32s
  2900K .......... .......... .......... .......... ..........  6%  112M 31s
  2950K .......... .......... .......... .......... ..........  6%  118M 31s
  3000K .......... .......... .......... .......... ..........  7%  170M 30s
  3050K .......... .......... .......... .......... ..........  7%  191M 30s
  3100K .......... .......... .......... .......... ..........  7%  217M 29s
  3150K .......... .......... .......... .......... ..........  7% 5.52M 29s
  3200K .......... .......... .......... .......... ..........  7% 4.94M 28s
  3250K .......... .......... .......... .......... ..........  7% 7.31M 28s
  3300K .......... .......... .......... .......... ..........  7% 4.86M 28s
  3350K .......... .......... .......... .......... ..........  7%  616K 28s
  3400K .......... .......... .......... .......... ..........  8% 6.79M 28s
  3450K .......... .......... .......... .......... ..........  8% 10.7M 27s
  3500K .......... .......... .......... .......... ..........  8% 1.90M 27s
  3550K .......... .......... .......... .......... ..........  8% 18.8M 27s
  3600K .......... .......... .......... .......... ..........  8% 2.41M 27s
  3650K .......... .......... .......... .......... ..........  8% 22.7M 26s
  3700K .......... .......... .......... .......... ..........  8% 11.0M 26s
  3750K .......... .......... .......... .......... ..........  8% 11.0M 26s
  3800K .......... .......... .......... .......... ..........  8% 1.81M 26s
  3850K .......... .......... .......... .......... ..........  9% 6.39M 25s
  3900K .......... .......... .......... .......... ..........  9% 4.37M 25s
  3950K .......... .......... .......... .......... ..........  9% 32.8M 25s
  4000K .......... .......... .......... .......... ..........  9% 4.01M 24s
  4050K .......... .......... .......... .......... ..........  9% 4.52M 24s
  4100K .......... .......... .......... .......... ..........  9% 4.54M 24s
  4150K .......... .......... .......... .......... ..........  9% 11.0M 24s
  4200K .......... .......... .......... .......... ..........  9%  726K 24s
  4250K .......... .......... .......... .......... .......... 10% 6.91M 24s
  4300K .......... .......... .......... .......... .......... 10% 5.47M 24s
  4350K .......... .......... .......... .......... .......... 10% 10.8M 23s
  4400K .......... .......... .......... .......... .......... 10% 2.56M 23s
  4450K .......... .......... .......... .......... .......... 10% 10.6M 23s
  4500K .......... .......... .......... .......... .......... 10% 10.9M 23s
  4550K .......... .......... .......... .......... .......... 10% 5.16M 23s
  4600K .......... .......... .......... .......... .......... 10% 11.3M 22s
  4650K .......... .......... .......... .......... .......... 10% 8.70M 22s
  4700K .......... .......... .......... .......... .......... 11% 11.1M 22s
  4750K .......... .......... .......... .......... .......... 11% 7.24M 22s
  4800K .......... .......... .......... .......... .......... 11% 4.78M 21s
  4850K .......... .......... .......... .......... .......... 11% 9.32M 21s
  4900K .......... .......... .......... .......... .......... 11% 11.2M 21s
  4950K .......... .......... .......... .......... .......... 11% 11.3M 21s
  5000K .......... .......... .......... .......... .......... 11%  514K 21s
  5050K .......... .......... .......... .......... .......... 11% 7.78M 21s
  5100K .......... .......... .......... .......... .......... 11% 5.58M 21s
  5150K .......... .......... .......... .......... .......... 12% 18.8M 21s
  5200K .......... .......... .......... .......... .......... 12% 8.98M 21s
  5250K .......... .......... .......... .......... .......... 12% 5.18M 20s
  5300K .......... .......... .......... .......... .......... 12% 5.62M 20s
  5350K .......... .......... .......... .......... .......... 12% 11.7M 20s
  5400K .......... .......... .......... .......... .......... 12% 2.45M 20s
  5450K .......... .......... .......... .......... .......... 12% 88.9M 20s
  5500K .......... .......... .......... .......... .......... 12% 9.59M 20s
  5550K .......... .......... .......... .......... .......... 13% 7.71M 19s
  5600K .......... .......... .......... .......... .......... 13% 5.17M 19s
  5650K .......... .......... .......... .......... .......... 13% 2.90M 19s
  5700K .......... .......... .......... .......... .......... 13% 2.57M 19s
  5750K .......... .......... .......... .......... .......... 13% 10.3M 19s
  5800K .......... .......... .......... .......... .......... 13%  878K 19s
  5850K .......... .......... .......... .......... .......... 13% 3.09M 19s
  5900K .......... .......... .......... .......... .......... 13% 6.24M 19s
  5950K .......... .......... .......... .......... .......... 13% 8.15M 19s
  6000K .......... .......... .......... .......... .......... 14% 8.41M 19s
  6050K .......... .......... .......... .......... .......... 14% 11.0M 19s
  6100K .......... .......... .......... .......... .......... 14% 10.4M 18s
  6150K .......... .......... .......... .......... .......... 14% 2.73M 18s
  6200K .......... .......... .......... .......... .......... 14% 10.9M 18s
  6250K .......... .......... .......... .......... .......... 14% 3.12M 18s
  6300K .......... .......... .......... .......... .......... 14% 17.1M 18s
  6350K .......... .......... .......... .......... .......... 14% 8.27M 18s
  6400K .......... .......... .......... .......... .......... 15% 5.48M 18s
  6450K .......... .......... .......... .......... .......... 15% 4.11M 18s
  6500K .......... .......... .......... .......... .......... 15% 2.07M 18s
  6550K .......... .......... .......... .......... .......... 15% 5.70M 17s
  6600K .......... .......... .......... .......... .......... 15% 11.1M 17s
  6650K .......... .......... .......... .......... .......... 15% 1.14M 17s
  6700K .......... .......... .......... .......... .......... 15% 11.0M 17s
  6750K .......... .......... .......... .......... .......... 15% 1.73M 17s
  6800K .......... .......... .......... .......... .......... 15% 8.52M 17s
  6850K .......... .......... .......... .......... .......... 16% 9.94M 17s
  6900K .......... .......... .......... .......... .......... 16% 4.88M 17s
  6950K .......... .......... .......... .......... .......... 16% 11.0M 17s
  7000K .......... .......... .......... .......... .......... 16% 5.22M 17s
  7050K .......... .......... .......... .......... .......... 16% 10.4M 17s
  7100K .......... .......... .......... .......... .......... 16% 3.00M 17s
  7150K .......... .......... .......... .......... .......... 16% 11.0M 16s
  7200K .......... .......... .......... .......... .......... 16% 2.14M 16s
  7250K .......... .......... .......... .......... .......... 16% 5.72M 16s
  7300K .......... .......... .......... .......... .......... 17% 16.8M 16s
  7350K .......... .......... .......... .......... .......... 17% 8.14M 16s
  7400K .......... .......... .......... .......... .......... 17% 3.52M 16s
  7450K .......... .......... .......... .......... .......... 17% 21.6M 16s
  7500K .......... .......... .......... .......... .......... 17% 1.06M 16s
  7550K .......... .......... .......... .......... .......... 17% 3.04M 16s
  7600K .......... .......... .......... .......... .......... 17% 1.34M 16s
  7650K .......... .......... .......... .......... .......... 17% 6.42M 16s
  7700K .......... .......... .......... .......... .......... 18% 3.67M 16s
  7750K .......... .......... .......... .......... .......... 18% 5.50M 16s
  7800K .......... .......... .......... .......... .......... 18% 7.42M 16s
  7850K .......... .......... .......... .......... .......... 18% 8.54M 16s
  7900K .......... .......... .......... .......... .......... 18% 8.40M 15s
  7950K .......... .......... .......... .......... .......... 18% 7.46M 15s
  8000K .......... .......... .......... .......... .......... 18% 1.72M 15s
  8050K .......... .......... .......... .......... .......... 18% 23.1M 15s
  8100K .......... .......... .......... .......... .......... 18% 8.51M 15s
  8150K .......... .......... .......... .......... .......... 19% 7.29M 15s
  8200K .......... .......... .......... .......... .......... 19% 6.93M 15s
  8250K .......... .......... .......... .......... .......... 19% 1.75M 15s
  8300K .......... .......... .......... .......... .......... 19% 9.42M 15s
  8350K .......... .......... .......... .......... .......... 19% 2.51M 15s
  8400K .......... .......... .......... .......... .......... 19% 1.66M 15s
  8450K .......... .......... .......... .......... .......... 19% 16.2M 15s
  8500K .......... .......... .......... .......... .......... 19% 10.9M 15s
  8550K .......... .......... .......... .......... .......... 20% 4.86M 15s
  8600K .......... .......... .......... .......... .......... 20% 7.15M 15s
  8650K .......... .......... .......... .......... .......... 20% 6.71M 15s
  8700K .......... .......... .......... .......... .......... 20% 6.63M 14s
  8750K .......... .......... .......... .......... .......... 20% 11.1M 14s
  8800K .......... .......... .......... .......... .......... 20%  926K 14s
  8850K .......... .......... .......... .......... .......... 20% 12.0M 14s
  8900K .......... .......... .......... .......... .......... 20% 9.26M 14s
  8950K .......... .......... .......... .......... .......... 20% 6.80M 14s
  9000K .......... .......... .......... .......... .......... 21% 7.82M 14s
  9050K .......... .......... .......... .......... .......... 21% 4.17M 14s
  9100K .......... .......... .......... .......... .......... 21% 8.92M 14s
  9150K .......... .......... .......... .......... .......... 21% 1.82M 14s
  9200K .......... .......... .......... .......... .......... 21% 7.93M 14s
  9250K .......... .......... .......... .......... .......... 21% 15.9M 14s
  9300K .......... .......... .......... .......... .......... 21% 5.02M 14s
  9350K .......... .......... .......... .......... .......... 21% 7.32M 14s
  9400K .......... .......... .......... .......... .......... 21% 4.88M 14s
  9450K .......... .......... .......... .......... .......... 22% 6.95M 14s
  9500K .......... .......... .......... .......... .......... 22% 22.2M 14s
  9550K .......... .......... .......... .......... .......... 22%  107M 13s
  9600K .......... .......... .......... .......... .......... 22% 2.11M 13s
  9650K .......... .......... .......... .......... .......... 22% 10.8M 13s
  9700K .......... .......... .......... .......... .......... 22% 2.93M 13s
  9750K .......... .......... .......... .......... .......... 22%  206M 13s
  9800K .......... .......... .......... .......... .......... 22%  918K 13s
  9850K .......... .......... .......... .......... .......... 23%  125M 13s
  9900K .......... .......... .......... .......... .......... 23% 4.70M 13s
  9950K .......... .......... .......... .......... .......... 23% 4.02M 13s
 10000K .......... .......... .......... .......... .......... 23%  594K 13s
 10050K .......... .......... .......... .......... .......... 23%  135M 13s
 10100K .......... .......... .......... .......... .......... 23% 27.4M 13s
 10150K .......... .......... .......... .......... .......... 23% 4.72M 13s
 10200K .......... .......... .......... .......... .......... 23%  166M 13s
 10250K .......... .......... .......... .......... .......... 23% 3.76M 13s
 10300K .......... .......... .......... .......... .......... 24% 8.50M 13s
 10350K .......... .......... .......... .......... .......... 24% 6.79M 13s
 10400K .......... .......... .......... .......... .......... 24% 4.36M 13s
 10450K .......... .......... .......... .......... .......... 24% 2.17M 13s
 10500K .......... .......... .......... .......... .......... 24% 11.8M 13s
 10550K .......... .......... .......... .......... .......... 24% 85.1M 13s
 10600K .......... .......... .......... .......... .......... 24% 13.1M 13s
 10650K .......... .......... .......... .......... .......... 24% 2.93M 13s
 10700K .......... .......... .......... .......... .......... 25% 16.2M 13s
 10750K .......... .......... .......... .......... .......... 25% 3.48M 12s
 10800K .......... .......... .......... .......... .......... 25% 1.00M 13s
 10850K .......... .......... .......... .......... .......... 25% 3.20M 13s
 10900K .......... .......... .......... .......... .......... 25% 13.4M 12s
 10950K .......... .......... .......... .......... .......... 25% 4.28M 12s
 11000K .......... .......... .......... .......... .......... 25% 6.73M 12s
 11050K .......... .......... .......... .......... .......... 25% 54.0M 12s
 11100K .......... .......... .......... .......... .......... 25% 2.76M 12s
 11150K .......... .......... .......... .......... .......... 26% 8.61M 12s
 11200K .......... .......... .......... .......... .......... 26% 5.33M 12s
 11250K .......... .......... .......... .......... .......... 26% 4.76M 12s
 11300K .......... .......... .......... .......... .......... 26% 9.65M 12s
 11350K .......... .......... .......... .......... .......... 26% 1.84M 12s
 11400K .......... .......... .......... .......... .......... 26% 11.1M 12s
 11450K .......... .......... .......... .......... .......... 26% 1.77M 12s
 11500K .......... .......... .......... .......... .......... 26% 4.66M 12s
 11550K .......... .......... .......... .......... .......... 26% 3.85M 12s
 11600K .......... .......... .......... .......... .......... 27% 3.50M 12s
 11650K .......... .......... .......... .......... .......... 27% 1.87M 12s
 11700K .......... .......... .......... .......... .......... 27% 6.94M 12s
 11750K .......... .......... .......... .......... .......... 27% 11.3M 12s
 11800K .......... .......... .......... .......... .......... 27% 7.00M 12s
 11850K .......... .......... .......... .......... .......... 27% 5.92M 12s
 11900K .......... .......... .......... .......... .......... 27% 11.7M 12s
 11950K .......... .......... .......... .......... .......... 27% 10.5M 12s
 12000K .......... .......... .......... .......... .......... 28% 3.62M 12s
 12050K .......... .......... .......... .......... .......... 28% 21.5M 11s
 12100K .......... .......... .......... .......... .......... 28% 13.8M 11s
 12150K .......... .......... .......... .......... .......... 28% 9.69M 11s
 12200K .......... .......... .......... .......... .......... 28% 3.31M 11s
 12250K .......... .......... .......... .......... .......... 28% 58.6M 11s
 12300K .......... .......... .......... .......... .......... 28%  715K 11s
 12350K .......... .......... .......... .......... .......... 28% 3.19M 11s
 12400K .......... .......... .......... .......... .......... 28% 3.48M 11s
 12450K .......... .......... .......... .......... .......... 29% 6.86M 11s
 12500K .......... .......... .......... .......... .......... 29% 16.5M 11s
 12550K .......... .......... .......... .......... .......... 29% 6.89M 11s
 12600K .......... .......... .......... .......... .......... 29% 10.9M 11s
 12650K .......... .......... .......... .......... .......... 29% 4.68M 11s
 12700K .......... .......... .......... .......... .......... 29%  345K 11s
 12750K .......... .......... .......... .......... .......... 29%  192M 11s
 12800K .......... .......... .......... .......... .......... 29% 8.02M 11s
 12850K .......... .......... .......... .......... .......... 30% 98.6M 11s
 12900K .......... .......... .......... .......... .......... 30% 9.02M 11s
 12950K .......... .......... .......... .......... .......... 30%  109M 11s
 13000K .......... .......... .......... .......... .......... 30% 96.5M 11s
 13050K .......... .......... .......... .......... .......... 30%  146M 11s
 13100K .......... .......... .......... .......... .......... 30% 4.63M 11s
 13150K .......... .......... .......... .......... .......... 30% 1.47M 11s
 13200K .......... .......... .......... .......... .......... 30%  107M 11s
 13250K .......... .......... .......... .......... .......... 30%  124M 11s
 13300K .......... .......... .......... .......... .......... 31%  154M 11s
 13350K .......... .......... .......... .......... .......... 31%  128M 11s
 13400K .......... .......... .......... .......... .......... 31%  150M 11s
 13450K .......... .......... .......... .......... .......... 31%  186M 11s
 13500K .......... .......... .......... .......... .......... 31%  977K 11s
 13550K .......... .......... .......... .......... .......... 31% 67.3M 11s
 13600K .......... .......... .......... .......... .......... 31% 10.2M 11s
 13650K .......... .......... .......... .......... .......... 31% 3.18M 11s
 13700K .......... .......... .......... .......... .......... 31% 4.64M 10s
 13750K .......... .......... .......... .......... .......... 32% 79.7M 10s
 13800K .......... .......... .......... .......... .......... 32% 1.93M 10s
 13850K .......... .......... .......... .......... .......... 32% 1.49M 10s
 13900K .......... .......... .......... .......... .......... 32%  712K 11s
 13950K .......... .......... .......... .......... .......... 32% 3.28M 11s
 14000K .......... .......... .......... .......... .......... 32% 2.83M 10s
 14050K .......... .......... .......... .......... .......... 32% 64.4M 10s
 14100K .......... .......... .......... .......... .......... 32% 5.84M 10s
 14150K .......... .......... .......... .......... .......... 33%  110M 10s
 14200K .......... .......... .......... .......... .......... 33% 15.7M 10s
 14250K .......... .......... .......... .......... .......... 33%  885K 10s
 14300K .......... .......... .......... .......... .......... 33% 12.5M 10s
 14350K .......... .......... .......... .......... .......... 33% 1.90M 10s
 14400K .......... .......... .......... .......... .......... 33% 11.9M 10s
 14450K .......... .......... .......... .......... .......... 33% 4.97M 10s
 14500K .......... .......... .......... .......... .......... 33% 7.19M 10s
 14550K .......... .......... .......... .......... .......... 33% 5.00M 10s
 14600K .......... .......... .......... .......... .......... 34% 3.92M 10s
 14650K .......... .......... .......... .......... .......... 34% 1.16M 10s
 14700K .......... .......... .......... .......... .......... 34% 42.4M 10s
 14750K .......... .......... .......... .......... .......... 34%  547K 10s
 14800K .......... .......... .......... .......... .......... 34% 8.27M 10s
 14850K .......... .......... .......... .......... .......... 34% 13.1M 10s
 14900K .......... .......... .......... .......... .......... 34% 14.4M 10s
 14950K .......... .......... .......... .......... .......... 34% 3.51M 10s
 15000K .......... .......... .......... .......... .......... 35%  149M 10s
 15050K .......... .......... .......... .......... .......... 35% 4.57M 10s
 15100K .......... .......... .......... .......... .......... 35% 3.76M 10s
 15150K .......... .......... .......... .......... .......... 35%  457K 10s
 15200K .......... .......... .......... .......... .......... 35% 4.08M 10s
 15250K .......... .......... .......... .......... .......... 35% 10.2M 10s
 15300K .......... .......... .......... .......... .......... 35% 6.10M 10s
 15350K .......... .......... .......... .......... .......... 35% 4.01M 10s
 15400K .......... .......... .......... .......... .......... 35% 4.20M 10s
 15450K .......... .......... .......... .......... .......... 36% 10.4M 10s
 15500K .......... .......... .......... .......... .......... 36% 10.4M 10s
 15550K .......... .......... .......... .......... .......... 36% 7.28M 10s
 15600K .......... .......... .......... .......... .......... 36% 1.05M 10s
 15650K .......... .......... .......... .......... .......... 36% 3.42M 10s
 15700K .......... .......... .......... .......... .......... 36% 12.2M 10s
 15750K .......... .......... .......... .......... .......... 36% 6.36M 10s
 15800K .......... .......... .......... .......... .......... 36% 8.82M 10s
 15850K .......... .......... .......... .......... .......... 36% 12.4M 10s
 15900K .......... .......... .......... .......... .......... 37% 12.3M 10s
 15950K .......... .......... .......... .......... .......... 37% 13.2M 10s
 16000K .......... .......... .......... .......... .......... 37% 1.86M 10s
 16050K .......... .......... .......... .......... .......... 37% 1.15M 10s
 16100K .......... .......... .......... .......... .......... 37% 76.8M 10s
 16150K .......... .......... .......... .......... .......... 37% 11.5M 10s
 16200K .......... .......... .......... .......... .......... 37% 1.35M 10s
 16250K .......... .......... .......... .......... .......... 37% 2.49M 10s
 16300K .......... .......... .......... .......... .......... 38% 1.42M 10s
 16350K .......... .......... .......... .......... .......... 38% 7.36M 9s
 16400K .......... .......... .......... .......... .......... 38% 20.5M 9s
 16450K .......... .......... .......... .......... .......... 38% 4.00M 9s
 16500K .......... .......... .......... .......... .......... 38%  181M 9s
 16550K .......... .......... .......... .......... .......... 38% 4.56M 9s
 16600K .......... .......... .......... .......... .......... 38%  115M 9s
 16650K .......... .......... .......... .......... .......... 38% 1.60M 9s
 16700K .......... .......... .......... .......... .......... 38% 1.97M 9s
 16750K .......... .......... .......... .......... .......... 39%  160M 9s
 16800K .......... .......... .......... .......... .......... 39% 7.66M 9s
 16850K .......... .......... .......... .......... .......... 39% 5.26M 9s
 16900K .......... .......... .......... .......... .......... 39% 6.85M 9s
 16950K .......... .......... .......... .......... .......... 39% 97.9M 9s
 17000K .......... .......... .......... .......... .......... 39% 6.67M 9s
 17050K .......... .......... .......... .......... .......... 39%  102M 9s
 17100K .......... .......... .......... .......... .......... 39% 1.07M 9s
 17150K .......... .......... .......... .......... .......... 40% 3.09M 9s
 17200K .......... .......... .......... .......... .......... 40% 2.15M 9s
 17250K .......... .......... .......... .......... .......... 40% 18.9M 9s
 17300K .......... .......... .......... .......... .......... 40% 5.70M 9s
 17350K .......... .......... .......... .......... .......... 40% 27.3M 9s
 17400K .......... .......... .......... .......... .......... 40% 11.5M 9s
 17450K .......... .......... .......... .......... .......... 40% 15.0M 9s
 17500K .......... .......... .......... .......... .......... 40% 3.86M 9s
 17550K .......... .......... .......... .......... .......... 40%  897K 9s
 17600K .......... .......... .......... .......... .......... 41% 1.28M 9s
 17650K .......... .......... .......... .......... .......... 41% 8.45M 9s
 17700K .......... .......... .......... .......... .......... 41% 5.00M 9s
 17750K .......... .......... .......... .......... .......... 41% 10.0M 9s
 17800K .......... .......... .......... .......... .......... 41% 3.98M 9s
 17850K .......... .......... .......... .......... .......... 41% 6.86M 9s
 17900K .......... .......... .......... .......... .......... 41% 6.41M 9s
 17950K .......... .......... .......... .......... .......... 41% 3.33M 9s
 18000K .......... .......... .......... .......... .......... 42% 2.58M 9s
 18050K .......... .......... .......... .......... .......... 42% 2.02M 9s
 18100K .......... .......... .......... .......... .......... 42% 8.35M 9s
 18150K .......... .......... .......... .......... .......... 42% 5.42M 9s
 18200K .......... .......... .......... .......... .......... 42% 4.19M 9s
 18250K .......... .......... .......... .......... .......... 42% 6.77M 9s
 18300K .......... .......... .......... .......... .......... 42% 10.3M 8s
 18350K .......... .......... .......... .......... .......... 42% 7.90M 8s
 18400K .......... .......... .......... .......... .......... 42% 2.61M 8s
 18450K .......... .......... .......... .......... .......... 43% 4.55M 8s
 18500K .......... .......... .......... .......... .......... 43% 1.22M 8s
 18550K .......... .......... .......... .......... .......... 43% 7.17M 8s
 18600K .......... .......... .......... .......... .......... 43%  883K 8s
 18650K .......... .......... .......... .......... .......... 43% 5.28M 8s
 18700K .......... .......... .......... .......... .......... 43% 7.97M 8s
 18750K .......... .......... .......... .......... .......... 43% 2.14M 8s
 18800K .......... .......... .......... .......... .......... 43% 5.25M 8s
 18850K .......... .......... .......... .......... .......... 43% 2.99M 8s
 18900K .......... .......... .......... .......... .......... 44% 5.16M 8s
 18950K .......... .......... .......... .......... .......... 44% 3.94M 8s
 19000K .......... .......... .......... .......... .......... 44% 2.05M 8s
 19050K .......... .......... .......... .......... .......... 44% 3.22M 8s
 19100K .......... .......... .......... .......... .......... 44% 4.21M 8s
 19150K .......... .......... .......... .......... .......... 44%  509K 8s
 19200K .......... .......... .......... .......... .......... 44% 1.05M 8s
 19250K .......... .......... .......... .......... .......... 44% 3.84M 8s
 19300K .......... .......... .......... .......... .......... 45% 2.90M 8s
 19350K .......... .......... .......... .......... .......... 45% 3.84M 8s
 19400K .......... .......... .......... .......... .......... 45% 3.35M 8s
 19450K .......... .......... .......... .......... .......... 45% 1.81M 8s
 19500K .......... .......... .......... .......... .......... 45% 3.38M 8s
 19550K .......... .......... .......... .......... .......... 45%  479K 8s
 19600K .......... .......... .......... .......... .......... 45% 1.30M 8s
 19650K .......... .......... .......... .......... .......... 45% 4.76M 8s
 19700K .......... .......... .......... .......... .......... 45% 6.01M 8s
 19750K .......... .......... .......... .......... .......... 46% 8.85M 8s
 19800K .......... .......... .......... .......... .......... 46% 11.1M 8s
 19850K .......... .......... .......... .......... .......... 46% 6.95M 8s
 19900K .......... .......... .......... .......... .......... 46% 6.95M 8s
 19950K .......... .......... .......... .......... .......... 46% 2.89M 8s
 20000K .......... .......... .......... .......... .......... 46% 1.05M 8s
 20050K .......... .......... .......... .......... .......... 46% 5.62M 8s
 20100K .......... .......... .......... .......... .......... 46% 5.96M 8s
 20150K .......... .......... .......... .......... .......... 47% 10.7M 8s
 20200K .......... .......... .......... .......... .......... 47% 10.2M 8s
 20250K .......... .......... .......... .......... .......... 47% 11.2M 8s
 20300K .......... .......... .......... .......... .......... 47% 3.64M 8s
 20350K .......... .......... .......... .......... .......... 47% 7.80M 8s
 20400K .......... .......... .......... .......... .......... 47% 1.22M 8s
 20450K .......... .......... .......... .......... .......... 47% 2.15M 8s
 20500K .......... .......... .......... .......... .......... 47% 3.05M 8s
 20550K .......... .......... .......... .......... .......... 47% 10.2M 8s
 20600K .......... .......... .......... .......... .......... 48% 11.0M 8s
 20650K .......... .......... .......... .......... .......... 48% 5.68M 8s
 20700K .......... .......... .......... .......... .......... 48% 9.48M 8s
 20750K .......... .......... .......... .......... .......... 48% 10.2M 8s
 20800K .......... .......... .......... .......... .......... 48% 1.41M 8s
 20850K .......... .......... .......... .......... .......... 48% 2.46M 8s
 20900K .......... .......... .......... .......... .......... 48% 1.34M 8s
 20950K .......... .......... .......... .......... .......... 48% 48.6M 8s
 21000K .......... .......... .......... .......... .......... 48% 11.9M 8s
 21050K .......... .......... .......... .......... .......... 49% 3.18M 8s
 21100K .......... .......... .......... .......... .......... 49% 17.7M 8s
 21150K .......... .......... .......... .......... .......... 49% 6.13M 8s
 21200K .......... .......... .......... .......... .......... 49% 4.04M 8s
 21250K .......... .......... .......... .......... .......... 49% 2.88M 8s
 21300K .......... .......... .......... .......... .......... 49% 2.20M 8s
 21350K .......... .......... .......... .......... .......... 49% 11.1M 7s
 21400K .......... .......... .......... .......... .......... 49% 12.9M 7s
 21450K .......... .......... .......... .......... .......... 50% 14.3M 7s
 21500K .......... .......... .......... .......... .......... 50% 14.3M 7s
 21550K .......... .......... .......... .......... .......... 50% 7.45M 7s
 21600K .......... .......... .......... .......... .......... 50% 6.62M 7s
 21650K .......... .......... .......... .......... .......... 50% 17.8M 7s
 21700K .......... .......... .......... .......... .......... 50%  545K 7s
 21750K .......... .......... .......... .......... .......... 50% 7.82M 7s
 21800K .......... .......... .......... .......... .......... 50% 9.61M 7s
 21850K .......... .......... .......... .......... .......... 50% 3.68M 7s
 21900K .......... .......... .......... .......... .......... 51% 10.1M 7s
 21950K .......... .......... .......... .......... .......... 51% 14.4M 7s
 22000K .......... .......... .......... .......... .......... 51% 2.52M 7s
 22050K .......... .......... .......... .......... .......... 51% 12.1M 7s
 22100K .......... .......... .......... .......... .......... 51%  105M 7s
 22150K .......... .......... .......... .......... .......... 51% 1.75M 7s
 22200K .......... .......... .......... .......... .......... 51%  943K 7s
 22250K .......... .......... .......... .......... .......... 51% 11.6M 7s
 22300K .......... .......... .......... .......... .......... 52% 17.1M 7s
 22350K .......... .......... .......... .......... .......... 52% 10.9M 7s
 22400K .......... .......... .......... .......... .......... 52% 8.24M 7s
 22450K .......... .......... .......... .......... .......... 52%  167M 7s
 22500K .......... .......... .......... .......... .......... 52% 7.39M 7s
 22550K .......... .......... .......... .......... .......... 52%  147M 7s
 22600K .......... .......... .......... .......... .......... 52% 2.10M 7s
 22650K .......... .......... .......... .......... .......... 52% 1.26M 7s
 22700K .......... .......... .......... .......... .......... 52%  155M 7s
 22750K .......... .......... .......... .......... .......... 53% 8.05M 7s
 22800K .......... .......... .......... .......... .......... 53% 10.0M 7s
 22850K .......... .......... .......... .......... .......... 53%  139M 7s
 22900K .......... .......... .......... .......... .......... 53% 9.49M 7s
 22950K .......... .......... .......... .......... .......... 53% 53.2M 7s
 23000K .......... .......... .......... .......... .......... 53% 5.39M 7s
 23050K .......... .......... .......... .......... .......... 53% 15.4M 7s
 23100K .......... .......... .......... .......... .......... 53%  602K 7s
 23150K .......... .......... .......... .......... .......... 53% 22.1M 7s
 23200K .......... .......... .......... .......... .......... 54% 10.1M 7s
 23250K .......... .......... .......... .......... .......... 54% 3.19M 7s
 23300K .......... .......... .......... .......... .......... 54% 2.00M 7s
 23350K .......... .......... .......... .......... .......... 54%  107M 7s
 23400K .......... .......... .......... .......... .......... 54% 31.4M 7s
 23450K .......... .......... .......... .......... .......... 54% 28.4M 7s
 23500K .......... .......... .......... .......... .......... 54% 20.1M 7s
 23550K .......... .......... .......... .......... .......... 54% 1.25M 7s
 23600K .......... .......... .......... .......... .......... 55% 23.2M 7s
 23650K .......... .......... .......... .......... .......... 55% 17.9M 6s
 23700K .......... .......... .......... .......... .......... 55% 13.8M 6s
 23750K .......... .......... .......... .......... .......... 55% 16.8M 6s
 23800K .......... .......... .......... .......... .......... 55% 4.20M 6s
 23850K .......... .......... .......... .......... .......... 55% 3.43M 6s
 23900K .......... .......... .......... .......... .......... 55% 43.5M 6s
 23950K .......... .......... .......... .......... .......... 55% 8.80M 6s
 24000K .......... .......... .......... .......... .......... 55%  949K 6s
 24050K .......... .......... .......... .......... .......... 56% 3.20M 6s
 24100K .......... .......... .......... .......... .......... 56% 77.5M 6s
 24150K .......... .......... .......... .......... .......... 56%  126M 6s
 24200K .......... .......... .......... .......... .......... 56% 23.8M 6s
 24250K .......... .......... .......... .......... .......... 56% 6.11M 6s
 24300K .......... .......... .......... .......... .......... 56% 23.7M 6s
 24350K .......... .......... .......... .......... .......... 56%  184M 6s
 24400K .......... .......... .......... .......... .......... 56% 11.6M 6s
 24450K .......... .......... .......... .......... .......... 57%  813K 6s
 24500K .......... .......... .......... .......... .......... 57% 10.5M 6s
 24550K .......... .......... .......... .......... .......... 57% 7.42M 6s
 24600K .......... .......... .......... .......... .......... 57% 4.78M 6s
 24650K .......... .......... .......... .......... .......... 57%  101M 6s
 24700K .......... .......... .......... .......... .......... 57% 11.6M 6s
 24750K .......... .......... .......... .......... .......... 57% 15.1M 6s
 24800K .......... .......... .......... .......... .......... 57%  550K 6s
 24850K .......... .......... .......... .......... .......... 57% 4.44M 6s
 24900K .......... .......... .......... .......... .......... 58% 2.41M 6s
 24950K .......... .......... .......... .......... .......... 58%  217M 6s
 25000K .......... .......... .......... .......... .......... 58%  153M 6s
 25050K .......... .......... .......... .......... .......... 58%  182M 6s
 25100K .......... .......... .......... .......... .......... 58% 35.6M 6s
 25150K .......... .......... .......... .......... .......... 58% 18.0M 6s
 25200K .......... .......... .......... .......... .......... 58%  979K 6s
 25250K .......... .......... .......... .......... .......... 58% 1.01M 6s
 25300K .......... .......... .......... .......... .......... 58%  186M 6s
 25350K .......... .......... .......... .......... .......... 59% 41.3M 6s
 25400K .......... .......... .......... .......... .......... 59% 17.6M 6s
 25450K .......... .......... .......... .......... .......... 59% 1.27M 6s
 25500K .......... .......... .......... .......... .......... 59%  764K 6s
 25550K .......... .......... .......... .......... .......... 59% 1.78M 6s
 25600K .......... .......... .......... .......... .......... 59% 4.38M 6s
 25650K .......... .......... .......... .......... .......... 59% 1.59M 6s
 25700K .......... .......... .......... .......... .......... 59% 2.29M 6s
 25750K .......... .......... .......... .......... .......... 60% 20.3M 6s
 25800K .......... .......... .......... .......... .......... 60% 18.1M 6s
 25850K .......... .......... .......... .......... .......... 60% 1.99M 6s
 25900K .......... .......... .......... .......... .......... 60% 1.41M 6s
 25950K .......... .......... .......... .......... .......... 60% 4.57M 6s
 26000K .......... .......... .......... .......... .......... 60% 4.09M 6s
 26050K .......... .......... .......... .......... .......... 60% 2.74M 6s
 26100K .......... .......... .......... .......... .......... 60% 15.1M 6s
 26150K .......... .......... .......... .......... .......... 60% 1.92M 6s
 26200K .......... .......... .......... .......... .......... 61% 78.3M 6s
 26250K .......... .......... .......... .......... .......... 61%  937K 6s
 26300K .......... .......... .......... .......... .......... 61% 20.6M 6s
 26350K .......... .......... .......... .......... .......... 61% 4.38M 6s
 26400K .......... .......... .......... .......... .......... 61% 2.43M 6s
 26450K .......... .......... .......... .......... .......... 61%  247M 5s
 26500K .......... .......... .......... .......... .......... 61%  347K 6s
 26550K .......... .......... .......... .......... .......... 61% 19.5M 6s
 26600K .......... .......... .......... .......... .......... 62% 13.8M 6s
 26650K .......... .......... .......... .......... .......... 62% 8.88M 5s
 26700K .......... .......... .......... .......... .......... 62% 4.40M 5s
 26750K .......... .......... .......... .......... .......... 62% 1.48M 5s
 26800K .......... .......... .......... .......... .......... 62% 5.34M 5s
 26850K .......... .......... .......... .......... .......... 62% 7.00M 5s
 26900K .......... .......... .......... .......... .......... 62% 5.41M 5s
 26950K .......... .......... .......... .......... .......... 62% 1.49M 5s
 27000K .......... .......... .......... .......... .......... 62% 4.91M 5s
 27050K .......... .......... .......... .......... .......... 63% 81.1M 5s
 27100K .......... .......... .......... .......... .......... 63% 5.95M 5s
 27150K .......... .......... .......... .......... .......... 63% 2.08M 5s
 27200K .......... .......... .......... .......... .......... 63% 1.67M 5s
 27250K .......... .......... .......... .......... .......... 63%  701K 5s
 27300K .......... .......... .......... .......... .......... 63% 19.4M 5s
 27350K .......... .......... .......... .......... .......... 63% 10.4M 5s
 27400K .......... .......... .......... .......... .......... 63% 6.94M 5s
 27450K .......... .......... .......... .......... .......... 63% 1.16M 5s
 27500K .......... .......... .......... .......... .......... 64% 1.08M 5s
 27550K .......... .......... .......... .......... .......... 64% 6.04M 5s
 27600K .......... .......... .......... .......... .......... 64% 17.6M 5s
 27650K .......... .......... .......... .......... .......... 64% 8.33M 5s
 27700K .......... .......... .......... .......... .......... 64% 5.84M 5s
 27750K .......... .......... .......... .......... .......... 64%  342K 5s
 27800K .......... .......... .......... .......... .......... 64% 7.40M 5s
 27850K .......... .......... .......... .......... .......... 64%  173M 5s
 27900K .......... .......... .......... .......... .......... 65% 2.59M 5s
 27950K .......... .......... .......... .......... .......... 65% 59.0M 5s
 28000K .......... .......... .......... .......... .......... 65%  547K 5s
 28050K .......... .......... .......... .......... .......... 65%  133M 5s
 28100K .......... .......... .......... .......... .......... 65% 18.0M 5s
 28150K .......... .......... .......... .......... .......... 65% 18.8M 5s
 28200K .......... .......... .......... .......... .......... 65% 12.9M 5s
 28250K .......... .......... .......... .......... .......... 65%  562K 5s
 28300K .......... .......... .......... .......... .......... 65% 18.2M 5s
 28350K .......... .......... .......... .......... .......... 66% 4.32M 5s
 28400K .......... .......... .......... .......... .......... 66% 6.44M 5s
 28450K .......... .......... .......... .......... .......... 66%  873K 5s
 28500K .......... .......... .......... .......... .......... 66% 1.41M 5s
 28550K .......... .......... .......... .......... .......... 66% 9.83M 5s
 28600K .......... .......... .......... .......... .......... 66%  208M 5s
 28650K .......... .......... .......... .......... .......... 66% 20.2M 5s
 28700K .......... .......... .......... .......... .......... 66% 19.9M 5s
 28750K .......... .......... .......... .......... .......... 67%  458K 5s
 28800K .......... .......... .......... .......... .......... 67% 3.14M 5s
 28850K .......... .......... .......... .......... .......... 67% 18.9M 5s
 28900K .......... .......... .......... .......... .......... 67% 18.8M 5s
 28950K .......... .......... .......... .......... .......... 67%  432K 5s
 29000K .......... .......... .......... .......... .......... 67% 12.6M 5s
 29050K .......... .......... .......... .......... .......... 67% 3.12M 5s
 29100K .......... .......... .......... .......... .......... 67%  110M 5s
 29150K .......... .......... .......... .......... .......... 67% 5.29M 5s
 29200K .......... .......... .......... .......... .......... 68%  981K 5s
 29250K .......... .......... .......... .......... .......... 68% 1.32M 5s
 29300K .......... .......... .......... .......... .......... 68% 25.5M 5s
 29350K .......... .......... .......... .......... .......... 68% 8.23M 5s
 29400K .......... .......... .......... .......... .......... 68% 1.41M 5s
 29450K .......... .......... .......... .......... .......... 68% 20.4M 5s
 29500K .......... .......... .......... .......... .......... 68% 1.01M 5s
 29550K .......... .......... .......... .......... .......... 68% 5.06M 5s
 29600K .......... .......... .......... .......... .......... 68% 7.22M 5s
 29650K .......... .......... .......... .......... .......... 69% 1.05M 5s
 29700K .......... .......... .......... .......... .......... 69% 1.31M 5s
 29750K .......... .......... .......... .......... .......... 69% 2.05M 5s
 29800K .......... .......... .......... .......... .......... 69% 9.44M 5s
 29850K .......... .......... .......... .......... .......... 69% 5.54M 5s
 29900K .......... .......... .......... .......... .......... 69% 2.80M 5s
 29950K .......... .......... .......... .......... .......... 69%  195M 5s
 30000K .......... .......... .......... .......... .......... 69%  514K 5s
 30050K .......... .......... .......... .......... .......... 70%  226M 5s
 30100K .......... .......... .......... .......... .......... 70% 13.9M 4s
 30150K .......... .......... .......... .......... .......... 70% 17.7M 4s
 30200K .......... .......... .......... .......... .......... 70% 5.20M 4s
 30250K .......... .......... .......... .......... .......... 70%  985K 4s
 30300K .......... .......... .......... .......... .......... 70%  142M 4s
 30350K .......... .......... .......... .......... .......... 70% 23.5M 4s
 30400K .......... .......... .......... .......... .......... 70% 4.12M 4s
 30450K .......... .......... .......... .......... .......... 70% 9.74M 4s
 30500K .......... .......... .......... .......... .......... 71% 1005K 4s
 30550K .......... .......... .......... .......... .......... 71% 3.49M 4s
 30600K .......... .......... .......... .......... .......... 71%  220M 4s
 30650K .......... .......... .......... .......... .......... 71% 34.4M 4s
 30700K .......... .......... .......... .......... .......... 71% 17.0M 4s
 30750K .......... .......... .......... .......... .......... 71% 7.70M 4s
 30800K .......... .......... .......... .......... .......... 71%  844K 4s
 30850K .......... .......... .......... .......... .......... 71% 4.16M 4s
 30900K .......... .......... .......... .......... .......... 72% 9.03M 4s
 30950K .......... .......... .......... .......... .......... 72% 19.0M 4s
 31000K .......... .......... .......... .......... .......... 72% 20.2M 4s
 31050K .......... .......... .......... .......... .......... 72%  453K 4s
 31100K .......... .......... .......... .......... .......... 72% 3.09M 4s
 31150K .......... .......... .......... .......... .......... 72%  234M 4s
 31200K .......... .......... .......... .......... .......... 72% 15.4M 4s
 31250K .......... .......... .......... .......... .......... 72% 7.34M 4s
 31300K .......... .......... .......... .......... .......... 72% 1.24M 4s
 31350K .......... .......... .......... .......... .......... 73% 3.37M 4s
 31400K .......... .......... .......... .......... .......... 73% 24.7M 4s
 31450K .......... .......... .......... .......... .......... 73% 19.1M 4s
 31500K .......... .......... .......... .......... .......... 73% 16.7M 4s
 31550K .......... .......... .......... .......... .......... 73%  758K 4s
 31600K .......... .......... .......... .......... .......... 73% 3.08M 4s
 31650K .......... .......... .......... .......... .......... 73% 3.90M 4s
 31700K .......... .......... .......... .......... .......... 73% 11.3M 4s
 31750K .......... .......... .......... .......... .......... 73% 35.4M 4s
 31800K .......... .......... .......... .......... .......... 74% 8.74M 4s
 31850K .......... .......... .......... .......... .......... 74%  471K 4s
 31900K .......... .......... .......... .......... .......... 74% 49.2M 4s
 31950K .......... .......... .......... .......... .......... 74% 18.0M 4s
 32000K .......... .......... .......... .......... .......... 74% 3.98M 4s
 32050K .......... .......... .......... .......... .......... 74% 27.9M 4s
 32100K .......... .......... .......... .......... .......... 74%  591K 4s
 32150K .......... .......... .......... .......... .......... 74% 10.6M 4s
 32200K .......... .......... .......... .......... .......... 75%  167M 4s
 32250K .......... .......... .......... .......... .......... 75% 9.21M 4s
 32300K .......... .......... .......... .......... .......... 75% 17.9M 4s
 32350K .......... .......... .......... .......... .......... 75%  843K 4s
 32400K .......... .......... .......... .......... .......... 75% 4.76M 4s
 32450K .......... .......... .......... .......... .......... 75% 7.45M 4s
 32500K .......... .......... .......... .......... .......... 75%  124M 4s
 32550K .......... .......... .......... .......... .......... 75% 7.74M 4s
 32600K .......... .......... .......... .......... .......... 75%  463K 4s
 32650K .......... .......... .......... .......... .......... 76% 3.42M 4s
 32700K .......... .......... .......... .......... .......... 76% 32.5M 4s
 32750K .......... .......... .......... .......... .......... 76% 5.35M 4s
 32800K .......... .......... .......... .......... .......... 76% 12.0M 4s
 32850K .......... .......... .......... .......... .......... 76% 7.25M 4s
 32900K .......... .......... .......... .......... .......... 76%  752K 4s
 32950K .......... .......... .......... .......... .......... 76% 6.48M 4s
 33000K .......... .......... .......... .......... .......... 76% 5.57M 3s
 33050K .......... .......... .......... .......... .......... 77% 6.02M 3s
 33100K .......... .......... .......... .......... .......... 77% 6.73M 3s
 33150K .......... .......... .......... .......... .......... 77% 3.03M 3s
 33200K .......... .......... .......... .......... .......... 77% 1.08M 3s
 33250K .......... .......... .......... .......... .......... 77% 7.23M 3s
 33300K .......... .......... .......... .......... .......... 77% 7.38M 3s
 33350K .......... .......... .......... .......... .......... 77% 39.4M 3s
 33400K .......... .......... .......... .......... .......... 77% 1.67M 3s
 33450K .......... .......... .......... .......... .......... 77% 2.43M 3s
 33500K .......... .......... .......... .......... .......... 78% 4.35M 3s
 33550K .......... .......... .......... .......... .......... 78% 13.1M 3s
 33600K .......... .......... .......... .......... .......... 78% 11.8M 3s
 33650K .......... .......... .......... .......... .......... 78% 7.09M 3s
 33700K .......... .......... .......... .......... .......... 78%  277M 3s
 33750K .......... .......... .......... .......... .......... 78% 1.14M 3s
 33800K .......... .......... .......... .......... .......... 78% 1.60M 3s
 33850K .......... .......... .......... .......... .......... 78% 19.3M 3s
 33900K .......... .......... .......... .......... .......... 78% 19.0M 3s
 33950K .......... .......... .......... .......... .......... 79% 1.91M 3s
 34000K .......... .......... .......... .......... .......... 79% 3.53M 3s
 34050K .......... .......... .......... .......... .......... 79% 19.3M 3s
 34100K .......... .......... .......... .......... .......... 79% 1.35M 3s
 34150K .......... .......... .......... .......... .......... 79% 5.61M 3s
 34200K .......... .......... .......... .......... .......... 79% 2.55M 3s
 34250K .......... .......... .......... .......... .......... 79% 7.88M 3s
 34300K .......... .......... .......... .......... .......... 79% 2.13M 3s
 34350K .......... .......... .......... .......... .......... 80% 24.5M 3s
 34400K .......... .......... .......... .......... .......... 80% 1.30M 3s
 34450K .......... .......... .......... .......... .......... 80% 14.7M 3s
 34500K .......... .......... .......... .......... .......... 80% 5.08M 3s
 34550K .......... .......... .......... .......... .......... 80% 1.40M 3s
 34600K .......... .......... .......... .......... .......... 80% 19.4M 3s
 34650K .......... .......... .......... .......... .......... 80% 1003K 3s
 34700K .......... .......... .......... .......... .......... 80% 15.3M 3s
 34750K .......... .......... .......... .......... .......... 80% 13.1M 3s
 34800K .......... .......... .......... .......... .......... 81% 3.26M 3s
 34850K .......... .......... .......... .......... .......... 81%  695K 3s
 34900K .......... .......... .......... .......... .......... 81% 3.69M 3s
 34950K .......... .......... .......... .......... .......... 81% 23.6M 3s
 35000K .......... .......... .......... .......... .......... 81% 4.16M 3s
 35050K .......... .......... .......... .......... .......... 81% 6.47M 3s
 35100K .......... .......... .......... .......... .......... 81% 5.62M 3s
 35150K .......... .......... .......... .......... .......... 81% 1.07M 3s
 35200K .......... .......... .......... .......... .......... 82% 2.09M 3s
 35250K .......... .......... .......... .......... .......... 82% 5.98M 3s
 35300K .......... .......... .......... .......... .......... 82% 2.51M 3s
 35350K .......... .......... .......... .......... .......... 82% 4.04M 3s
 35400K .......... .......... .......... .......... .......... 82% 8.83M 3s
 35450K .......... .......... .......... .......... .......... 82%  969K 3s
 35500K .......... .......... .......... .......... .......... 82% 3.13M 3s
 35550K .......... .......... .......... .......... .......... 82% 5.09M 3s
 35600K .......... .......... .......... .......... .......... 82% 2.42M 3s
 35650K .......... .......... .......... .......... .......... 83% 17.8M 3s
 35700K .......... .......... .......... .......... .......... 83% 4.23M 3s
 35750K .......... .......... .......... .......... .......... 83% 1.14M 3s
 35800K .......... .......... .......... .......... .......... 83% 2.44M 3s
 35850K .......... .......... .......... .......... .......... 83% 2.76M 2s
 35900K .......... .......... .......... .......... .......... 83% 10.3M 2s
 35950K .......... .......... .......... .......... .......... 83% 3.68M 2s
 36000K .......... .......... .......... .......... .......... 83% 4.57M 2s
 36050K .......... .......... .......... .......... .......... 84% 1.91M 2s
 36100K .......... .......... .......... .......... .......... 84% 3.98M 2s
 36150K .......... .......... .......... .......... .......... 84% 1020K 2s
 36200K .......... .......... .......... .......... .......... 84% 17.9M 2s
 36250K .......... .......... .......... .......... .......... 84% 8.47M 2s
 36300K .......... .......... .......... .......... .......... 84% 11.0M 2s
 36350K .......... .......... .......... .......... .......... 84%  340K 2s
 36400K .......... .......... .......... .......... .......... 84%  304K 2s
 36450K .......... .......... .......... .......... .......... 84%  212K 2s
 36500K .......... .......... .......... .......... .......... 85% 11.9M 2s
 36550K .......... .......... .......... .......... .......... 85% 11.0M 2s
 36600K .......... .......... .......... .......... .......... 85% 7.12M 2s
 36650K .......... .......... .......... .......... .......... 85% 7.34M 2s
 36700K .......... .......... .......... .......... .......... 85% 1.67M 2s
 36750K .......... .......... .......... .......... .......... 85%  885K 2s
 36800K .......... .......... .......... .......... .......... 85% 2.73M 2s
 36850K .......... .......... .......... .......... .......... 85% 4.54M 2s
 36900K .......... .......... .......... .......... .......... 85% 6.65M 2s
 36950K .......... .......... .......... .......... .......... 86% 3.97M 2s
 37000K .......... .......... .......... .......... .......... 86% 3.61M 2s
 37050K .......... .......... .......... .......... .......... 86% 3.20M 2s
 37100K .......... .......... .......... .......... .......... 86%  920K 2s
 37150K .......... .......... .......... .......... .......... 86% 1.84M 2s
 37200K .......... .......... .......... .......... .......... 86% 6.78M 2s
 37250K .......... .......... .......... .......... .......... 86% 2.95M 2s
 37300K .......... .......... .......... .......... .......... 86% 58.5M 2s
 37350K .......... .......... .......... .......... .......... 87% 3.07M 2s
 37400K .......... .......... .......... .......... .......... 87% 7.41M 2s
 37450K .......... .......... .......... .......... .......... 87%  840K 2s
 37500K .......... .......... .......... .......... .......... 87% 3.34M 2s
 37550K .......... .......... .......... .......... .......... 87% 10.0M 2s
 37600K .......... .......... .......... .......... .......... 87% 2.20M 2s
 37650K .......... .......... .......... .......... .......... 87% 15.2M 2s
 37700K .......... .......... .......... .......... .......... 87% 10.8M 2s
 37750K .......... .......... .......... .......... .......... 87% 78.8K 2s
 37800K .......... .......... .......... .......... .......... 88%  940K 2s
 37850K .......... .......... .......... .......... .......... 88% 11.8M 2s
 37900K .......... .......... .......... .......... .......... 88% 3.06M 2s
 37950K .......... .......... .......... .......... .......... 88% 17.5M 2s
 38000K .......... .......... .......... .......... .......... 88% 2.45M 2s
 38050K .......... .......... .......... .......... .......... 88% 11.1M 2s
 38100K .......... .......... .......... .......... .......... 88%  805K 2s
 38150K .......... .......... .......... .......... .......... 88% 7.60M 2s
 38200K .......... .......... .......... .......... .......... 89% 3.25M 2s
 38250K .......... .......... .......... .......... .......... 89% 11.2M 2s
 38300K .......... .......... .......... .......... .......... 89%  789K 2s
 38350K .......... .......... .......... .......... .......... 89% 5.28M 2s
 38400K .......... .......... .......... .......... .......... 89% 8.14M 2s
 38450K .......... .......... .......... .......... .......... 89%  927K 2s
 38500K .......... .......... .......... .......... .......... 89% 7.17M 2s
 38550K .......... .......... .......... .......... .......... 89% 4.47M 2s
 38600K .......... .......... .......... .......... .......... 89%  755K 2s
 38650K .......... .......... .......... .......... .......... 90% 6.70M 2s
 38700K .......... .......... .......... .......... .......... 90%  338K 2s
 38750K .......... .......... .......... .......... .......... 90%  263K 2s
 38800K .......... .......... .......... .......... .......... 90%  132K 2s
 38850K .......... .......... .......... .......... .......... 90% 10.5M 2s
 38900K .......... .......... .......... .......... .......... 90% 2.47M 2s
 38950K .......... .......... .......... .......... .......... 90% 11.1M 2s
 39000K .......... .......... .......... .......... .......... 90% 10.5M 2s
 39050K .......... .......... .......... .......... .......... 90% 1.78M 2s
 39100K .......... .......... .......... .......... .......... 91% 5.44M 2s
 39150K .......... .......... .......... .......... .......... 91% 8.20M 1s
 39200K .......... .......... .......... .......... .......... 91%  659K 1s
 39250K .......... .......... .......... .......... .......... 91%  176M 1s
 39300K .......... .......... .......... .......... .......... 91% 2.57M 1s
 39350K .......... .......... .......... .......... .......... 91% 8.80M 1s
 39400K .......... .......... .......... .......... .......... 91% 17.4M 1s
 39450K .......... .......... .......... .......... .......... 91% 5.17M 1s
 39500K .......... .......... .......... .......... .......... 92% 87.2M 1s
 39550K .......... .......... .......... .......... .......... 92% 1.95M 1s
 39600K .......... .......... .......... .......... .......... 92%  875K 1s
 39650K .......... .......... .......... .......... .......... 92% 16.1M 1s
 39700K .......... .......... .......... .......... .......... 92% 6.89M 1s
 39750K .......... .......... .......... .......... .......... 92% 56.8M 1s
 39800K .......... .......... .......... .......... .......... 92% 13.6M 1s
 39850K .......... .......... .......... .......... .......... 92% 9.52M 1s
 39900K .......... .......... .......... .......... .......... 92% 4.31M 1s
 39950K .......... .......... .......... .......... .......... 93% 2.51M 1s
 40000K .......... .......... .......... .......... .......... 93% 2.20M 1s
 40050K .......... .......... .......... .......... .......... 93% 7.85M 1s
 40100K .......... .......... .......... .......... .......... 93%  227M 1s
 40150K .......... .......... .......... .......... .......... 93% 6.16M 1s
 40200K .......... .......... .......... .......... .......... 93%  165M 1s
 40250K .......... .......... .......... .......... .......... 93% 6.51M 1s
 40300K .......... .......... .......... .......... .......... 93% 4.58M 1s
 40350K .......... .......... .......... .......... .......... 94% 4.17M 1s
 40400K .......... .......... .......... .......... .......... 94% 2.96M 1s
 40450K .......... .......... .......... .......... .......... 94% 11.0M 1s
 40500K .......... .......... .......... .......... .......... 94%  186M 1s
 40550K .......... .......... .......... .......... .......... 94% 1.97M 1s
 40600K .......... .......... .......... .......... .......... 94% 20.1M 1s
 40650K .......... .......... .......... .......... .......... 94% 3.57M 1s
 40700K .......... .......... .......... .......... .......... 94%  148M 1s
 40750K .......... .......... .......... .......... .......... 94% 5.62M 1s
 40800K .......... .......... .......... .......... .......... 95% 2.84M 1s
 40850K .......... .......... .......... .......... .......... 95% 92.7M 1s
 40900K .......... .......... .......... .......... .......... 95% 20.8M 1s
 40950K .......... .......... .......... .......... .......... 95% 6.21M 1s
 41000K .......... .......... .......... .......... .......... 95% 1.21M 1s
 41050K .......... .......... .......... .......... .......... 95% 3.46M 1s
 41100K .......... .......... .......... .......... .......... 95% 2.57M 1s
 41150K .......... .......... .......... .......... .......... 95% 15.4M 1s
 41200K .......... .......... .......... .......... .......... 95% 3.25M 1s
 41250K .......... .......... .......... .......... .......... 96% 17.9M 1s
 41300K .......... .......... .......... .......... .......... 96% 10.6M 1s
 41350K .......... .......... .......... .......... .......... 96% 43.7M 1s
 41400K .......... .......... .......... .......... .......... 96% 3.18M 1s
 41450K .......... .......... .......... .......... .......... 96% 18.0M 1s
 41500K .......... .......... .......... .......... .......... 96% 17.6M 1s
 41550K .......... .......... .......... .......... .......... 96%  815K 1s
 41600K .......... .......... .......... .......... .......... 96% 71.9M 1s
 41650K .......... .......... .......... .......... .......... 97% 1.84M 0s
 41700K .......... .......... .......... .......... .......... 97% 8.96M 0s
 41750K .......... .......... .......... .......... .......... 97% 76.3M 0s
 41800K .......... .......... .......... .......... .......... 97% 31.7M 0s
 41850K .......... .......... .......... .......... .......... 97% 22.4M 0s
 41900K .......... .......... .......... .......... .......... 97% 6.34M 0s
 41950K .......... .......... .......... .......... .......... 97%  219M 0s
 42000K .......... .......... .......... .......... .......... 97% 1.42M 0s
 42050K .......... .......... .......... .......... .......... 97% 6.34M 0s
 42100K .......... .......... .......... .......... .......... 98% 2.40M 0s
 42150K .......... .......... .......... .......... .......... 98% 6.25M 0s
 42200K .......... .......... .......... .......... .......... 98%  114M 0s
 42250K .......... .......... .......... .......... .......... 98% 24.2M 0s
 42300K .......... .......... .......... .......... .......... 98% 8.09M 0s
 42350K .......... .......... .......... .......... .......... 98% 94.4M 0s
 42400K .......... .......... .......... .......... .......... 98% 9.88M 0s
 42450K .......... .......... .......... .......... .......... 98% 1.35M 0s
 42500K .......... .......... .......... .......... .......... 99% 12.9M 0s
 42550K .......... .......... .......... .......... .......... 99% 1.41M 0s
 42600K .......... .......... .......... .......... .......... 99% 7.54M 0s
 42650K .......... .......... .......... .......... .......... 99% 12.4M 0s
 42700K .......... .......... .......... .......... .......... 99% 11.2M 0s
 42750K .......... .......... .......... .......... .......... 99% 29.3M 0s
 42800K .......... .......... .......... .......... .......... 99% 9.42M 0s
 42850K .......... .......... .......... .......... .......... 99% 13.9M 0s
 42900K .......... .......... .......... .......... .......... 99% 1.64M 0s
 42950K .......... .......... .....                           100%  189M=16s

2021-04-07 06:14:06 (2.56 MB/s) - ‘/Users/kqrw311/snpEff/download/ncbi/GRCh38.p13/GCF_000001405.39_GRCh38.p13_genomic.gtf.gz’ saved [44006430/44006430]

