WARNING: timestamping does nothing in combination with -O. See the manual
for details.

--2021-04-07 06:13:29--  https://ftp.ncbi.nlm.nih.gov//genomes/all/GCF/000/001/405/GCF_000001405.39_GRCh38.p13/GCF_000001405.39_GRCh38.p13_genomic.gtf.gz
Resolving ftp.ncbi.nlm.nih.gov (ftp.ncbi.nlm.nih.gov)... 165.112.9.228, 165.112.9.229
Connecting to ftp.ncbi.nlm.nih.gov (ftp.ncbi.nlm.nih.gov)|165.112.9.228|:443... connected.
HTTP request sent, awaiting response... 200 OK
Length: 44006430 (42M) [application/x-gzip]
Saving to: ‘/Users/kqrw311/snpEff/download/ncbi/GRCh38.p13/GCF_000001405.39_GRCh38.p13_genomic.gtf.gz’

     0K .......... .......... .......... .......... ..........  0%  194K 3m41s
    50K .......... .......... .......... .......... ..........  0%  440K 2m39s
   100K .......... .......... .......... .......... ..........  0% 2.85M 1m51s
   150K .......... .......... .......... .......... ..........  0%  751K 97s
   200K .......... .......... .......... .......... ..........  0% 2.47M 81s
   250K .......... .......... .......... .......... ..........  0% 3.43M 70s
   300K .......... .......... .......... .......... ..........  0%  406K 75s
   350K .......... .......... .......... .......... ..........  0% 33.5M 65s
   400K .......... .......... .......... .......... ..........  1% 1.04M 62s
   450K .......... .......... .......... .......... ..........  1% 1.22M 60s
   500K .......... .......... .......... .......... ..........  1% 10.8M 54s
   550K .......... .......... .......... .......... ..........  1% 4.29M 51s
   600K .......... .......... .......... .......... ..........  1% 6.01M 47s
   650K .......... .......... .......... .......... ..........  1% 5.20M 44s
   700K .......... .......... .......... .......... ..........  1% 1.15M 44s
   750K .......... .......... .......... .......... ..........  1% 4.96M 41s
   800K .......... .......... .......... .......... ..........  1% 2.85M 40s
   850K .......... .......... .......... .......... ..........  2% 9.76M 38s
   900K .......... .......... .......... .......... ..........  2%  863K 38s
   950K .......... .......... .......... .......... ..........  2% 1.86M 37s
  1000K .......... .......... .......... .......... ..........  2% 9.85M 36s
  1050K .......... .......... .......... .......... ..........  2% 19.0M 34s
  1100K .......... .......... .......... .......... ..........  2% 8.76M 33s
  1150K .......... .......... .......... .......... ..........  2% 31.8M 32s
  1200K .......... .......... .......... .......... ..........  2% 4.29M 31s
  1250K .......... .......... .......... .......... ..........  3%  349K 34s
  1300K .......... .......... .......... .......... ..........  3% 23.9M 33s
  1350K .......... .......... .......... .......... ..........  3%  106M 32s
  1400K .......... .......... .......... .......... ..........  3%  105M 30s
  1450K .......... .......... .......... .......... ..........  3%  131M 29s
  1500K .......... .......... .......... .......... ..........  3%  129M 28s
  1550K .......... .......... .......... .......... ..........  3%  130M 28s
  1600K .......... .......... .......... .......... ..........  3%  107M 27s
  1650K .......... .......... .......... .......... ..........  3%  137M 26s
  1700K .......... .......... .......... .......... ..........  4%  142M 25s
  1750K .......... .......... .......... .......... ..........  4%  159M 24s
  1800K .......... .......... .......... .......... ..........  4% 26.3M 24s
  1850K .......... .......... .......... .......... ..........  4%  642K 25s
  1900K .......... .......... .......... .......... ..........  4%  115M 24s
  1950K .......... .......... .......... .......... ..........  4% 4.28M 24s
  2000K .......... .......... .......... .......... ..........  4% 4.44M 23s
  2050K .......... .......... .......... .......... ..........  4% 4.44M 23s
  2100K .......... .......... .......... .......... ..........  5%  136M 22s
  2150K .......... .......... .......... .......... ..........  5% 3.13M 22s
  2200K .......... .......... .......... .......... ..........  5% 8.76M 22s
  2250K .......... .......... .......... .......... ..........  5% 13.1M 21s
  2300K .......... .......... .......... .......... ..........  5% 21.9M 21s
  2350K .......... .......... .......... .......... ..........  5%  128M 20s
  2400K .......... .......... .......... .......... ..........  5%  574K 21s
  2450K .......... .......... .......... .......... ..........  5% 8.51M 21s
  2500K .......... .......... .......... .......... ..........  5% 5.83M 21s
  2550K .......... .......... .......... .......... ..........  6% 28.3M 20s
  2600K .......... .......... .......... .......... ..........  6% 3.86M 20s
  2650K .......... .......... .......... .......... ..........  6% 29.7M 20s
  2700K .......... .......... .......... .......... ..........  6% 10.7M 19s
  2750K .......... .......... .......... .......... ..........  6% 19.7M 19s
  2800K .......... .......... .......... .......... ..........  6% 2.62M 19s
  2850K .......... .......... .......... .......... ..........  6% 3.56M 19s
  2900K .......... .......... .......... .......... ..........  6% 1.40M 19s
  2950K .......... .......... .......... .......... ..........  6% 1.15M 19s
  3000K .......... .......... .......... .......... ..........  7% 96.5M 19s
  3050K .......... .......... .......... .......... ..........  7% 28.0M 19s
  3100K .......... .......... .......... .......... ..........  7% 2.03M 19s
  3150K .......... .......... .......... .......... ..........  7% 9.37M 18s
  3200K .......... .......... .......... .......... ..........  7% 27.5M 18s
  3250K .......... .......... .......... .......... ..........  7% 3.00M 18s
  3300K .......... .......... .......... .......... ..........  7% 20.0M 18s
  3350K .......... .......... .......... .......... ..........  7% 1.85M 18s
  3400K .......... .......... .......... .......... ..........  8% 2.84M 18s
  3450K .......... .......... .......... .......... ..........  8% 1.41M 18s
  3500K .......... .......... .......... .......... ..........  8% 22.1M 17s
  3550K .......... .......... .......... .......... ..........  8% 4.77M 17s
  3600K .......... .......... .......... .......... ..........  8% 2.18M 17s
  3650K .......... .......... .......... .......... ..........  8% 3.55M 17s
  3700K .......... .......... .......... .......... ..........  8% 5.08M 17s
  3750K .......... .......... .......... .......... ..........  8% 7.08M 17s
  3800K .......... .......... .......... .......... ..........  8% 13.5M 17s
  3850K .......... .......... .......... .......... ..........  9% 7.78M 17s
  3900K .......... .......... .......... .......... ..........  9% 70.7M 16s
  3950K .......... .......... .......... .......... ..........  9% 1.94M 16s
  4000K .......... .......... .......... .......... ..........  9% 5.56M 16s
  4050K .......... .......... .......... .......... ..........  9% 6.51M 16s
  4100K .......... .......... .......... .......... ..........  9% 1.86M 16s
  4150K .......... .......... .......... .......... ..........  9% 1.40M 16s
  4200K .......... .......... .......... .......... ..........  9% 12.1M 16s
  4250K .......... .......... .......... .......... .......... 10% 4.91M 16s
  4300K .......... .......... .......... .......... .......... 10% 19.8M 16s
  4350K .......... .......... .......... .......... .......... 10% 3.75M 16s
  4400K .......... .......... .......... .......... .......... 10%  126M 15s
  4450K .......... .......... .......... .......... .......... 10% 22.6M 15s
  4500K .......... .......... .......... .......... .......... 10%  112K 19s
  4550K .......... .......... .......... .......... .......... 10% 5.04M 19s
  4600K .......... .......... .......... .......... .......... 10% 2.63M 19s
  4650K .......... .......... .......... .......... .......... 10% 3.32M 19s
  4700K .......... .......... .......... .......... .......... 11% 2.78M 18s
  4750K .......... .......... .......... .......... .......... 11% 7.31M 18s
  4800K .......... .......... .......... .......... .......... 11% 2.86M 18s
  4850K .......... .......... .......... .......... .......... 11% 2.13M 18s
  4900K .......... .......... .......... .......... .......... 11% 11.6M 18s
  4950K .......... .......... .......... .......... .......... 11% 37.3M 18s
  5000K .......... .......... .......... .......... .......... 11% 16.9M 18s
  5050K .......... .......... .......... .......... .......... 11% 3.88M 18s
  5100K .......... .......... .......... .......... .......... 11% 15.5M 17s
  5150K .......... .......... .......... .......... .......... 12%  997K 18s
  5200K .......... .......... .......... .......... .......... 12% 1.13M 18s
  5250K .......... .......... .......... .......... .......... 12% 2.78M 18s
  5300K .......... .......... .......... .......... .......... 12% 22.2M 17s
  5350K .......... .......... .......... .......... .......... 12%  556K 18s
  5400K .......... .......... .......... .......... .......... 12% 1.74M 18s
  5450K .......... .......... .......... .......... .......... 12%  176M 18s
  5500K .......... .......... .......... .......... .......... 12% 4.47M 18s
  5550K .......... .......... .......... .......... .......... 13% 13.1M 17s
  5600K .......... .......... .......... .......... .......... 13% 3.98M 17s
  5650K .......... .......... .......... .......... .......... 13%  228M 17s
  5700K .......... .......... .......... .......... .......... 13% 20.6M 17s
  5750K .......... .......... .......... .......... .......... 13% 1.75M 17s
  5800K .......... .......... .......... .......... .......... 13% 9.20M 17s
  5850K .......... .......... .......... .......... .......... 13% 6.00M 17s
  5900K .......... .......... .......... .......... .......... 13%  893K 17s
  5950K .......... .......... .......... .......... .......... 13% 4.59M 17s
  6000K .......... .......... .......... .......... .......... 14% 5.44M 17s
  6050K .......... .......... .......... .......... .......... 14% 18.2M 17s
  6100K .......... .......... .......... .......... .......... 14% 18.3M 16s
  6150K .......... .......... .......... .......... .......... 14% 14.6M 16s
  6200K .......... .......... .......... .......... .......... 14% 3.24M 16s
  6250K .......... .......... .......... .......... .......... 14%  135M 16s
  6300K .......... .......... .......... .......... .......... 14% 14.9M 16s
  6350K .......... .......... .......... .......... .......... 14% 2.90M 16s
  6400K .......... .......... .......... .......... .......... 15% 8.72M 16s
  6450K .......... .......... .......... .......... .......... 15%  984K 16s
  6500K .......... .......... .......... .......... .......... 15% 19.5M 16s
  6550K .......... .......... .......... .......... .......... 15% 19.9M 16s
  6600K .......... .......... .......... .......... .......... 15% 3.05M 16s
  6650K .......... .......... .......... .......... .......... 15% 17.7M 16s
  6700K .......... .......... .......... .......... .......... 15% 95.7M 15s
  6750K .......... .......... .......... .......... .......... 15% 20.9M 15s
  6800K .......... .......... .......... .......... .......... 15% 14.3M 15s
  6850K .......... .......... .......... .......... .......... 16% 16.4M 15s
  6900K .......... .......... .......... .......... .......... 16% 5.75M 15s
  6950K .......... .......... .......... .......... .......... 16% 13.8M 15s
  7000K .......... .......... .......... .......... .......... 16% 1.53M 15s
  7050K .......... .......... .......... .......... .......... 16%  646K 15s
  7100K .......... .......... .......... .......... .......... 16% 16.0M 15s
  7150K .......... .......... .......... .......... .......... 16% 21.3M 15s
  7200K .......... .......... .......... .......... .......... 16% 7.74M 15s
  7250K .......... .......... .......... .......... .......... 16% 99.6M 15s
  7300K .......... .......... .......... .......... .......... 17% 20.9M 15s
  7350K .......... .......... .......... .......... .......... 17% 4.42M 15s
  7400K .......... .......... .......... .......... .......... 17% 2.64M 14s
  7450K .......... .......... .......... .......... .......... 17% 22.4M 14s
  7500K .......... .......... .......... .......... .......... 17% 17.9M 14s
  7550K .......... .......... .......... .......... .......... 17% 2.44M 14s
  7600K .......... .......... .......... .......... .......... 17%  411K 15s
  7650K .......... .......... .......... .......... .......... 17% 2.20M 15s
  7700K .......... .......... .......... .......... .......... 18%  222M 15s
  7750K .......... .......... .......... .......... .......... 18% 20.0M 14s
  7800K .......... .......... .......... .......... .......... 18% 17.8M 14s
  7850K .......... .......... .......... .......... .......... 18% 17.8M 14s
  7900K .......... .......... .......... .......... .......... 18% 20.5M 14s
  7950K .......... .......... .......... .......... .......... 18% 2.65M 14s
  8000K .......... .......... .......... .......... .......... 18%  239K 15s
  8050K .......... .......... .......... .......... .......... 18% 1.76M 15s
  8100K .......... .......... .......... .......... .......... 18%  220M 15s
  8150K .......... .......... .......... .......... .......... 19%  247M 15s
  8200K .......... .......... .......... .......... .......... 19% 43.4M 15s
  8250K .......... .......... .......... .......... .......... 19%  132M 15s
  8300K .......... .......... .......... .......... .......... 19%  148M 14s
  8350K .......... .......... .......... .......... .......... 19%  134M 14s
  8400K .......... .......... .......... .......... .......... 19%  171M 14s
  8450K .......... .......... .......... .......... .......... 19%  198M 14s
  8500K .......... .......... .......... .......... .......... 19%  133M 14s
  8550K .......... .......... .......... .......... .......... 20% 9.92M 14s
  8600K .......... .......... .......... .......... .......... 20% 20.7M 14s
  8650K .......... .......... .......... .......... .......... 20% 14.3M 14s
  8700K .......... .......... .......... .......... .......... 20%  401K 14s
  8750K .......... .......... .......... .......... .......... 20% 20.7M 14s
  8800K .......... .......... .......... .......... .......... 20% 14.0M 14s
  8850K .......... .......... .......... .......... .......... 20% 10.3M 14s
  8900K .......... .......... .......... .......... .......... 20% 4.57M 14s
  8950K .......... .......... .......... .......... .......... 20% 1.18M 14s
  9000K .......... .......... .......... .......... .......... 21% 4.61M 14s
  9050K .......... .......... .......... .......... .......... 21% 1.76M 14s
  9100K .......... .......... .......... .......... .......... 21% 10.6M 14s
  9150K .......... .......... .......... .......... .......... 21% 5.59M 14s
  9200K .......... .......... .......... .......... .......... 21% 14.7M 14s
  9250K .......... .......... .......... .......... .......... 21% 9.44M 14s
  9300K .......... .......... .......... .......... .......... 21%  783K 14s
  9350K .......... .......... .......... .......... .......... 21% 15.8M 14s
  9400K .......... .......... .......... .......... .......... 21% 1.51M 14s
  9450K .......... .......... .......... .......... .......... 22% 11.4M 14s
  9500K .......... .......... .......... .......... .......... 22% 10.5M 13s
  9550K .......... .......... .......... .......... .......... 22% 5.10M 13s
  9600K .......... .......... .......... .......... .......... 22% 2.14M 13s
  9650K .......... .......... .......... .......... .......... 22%  202M 13s
  9700K .......... .......... .......... .......... .......... 22%  105K 15s
  9750K .......... .......... .......... .......... .......... 22% 5.24M 15s
  9800K .......... .......... .......... .......... .......... 22% 11.1M 15s
  9850K .......... .......... .......... .......... .......... 23%  104M 15s
  9900K .......... .......... .......... .......... .......... 23% 6.83M 15s
  9950K .......... .......... .......... .......... .......... 23% 1.34M 15s
 10000K .......... .......... .......... .......... .......... 23%  111K 16s
 10050K .......... .......... .......... .......... .......... 23% 21.4M 16s
 10100K .......... .......... .......... .......... .......... 23% 17.3M 16s
 10150K .......... .......... .......... .......... .......... 23% 17.6M 16s
 10200K .......... .......... .......... .......... .......... 23% 2.11M 16s
 10250K .......... .......... .......... .......... .......... 23% 1.70M 16s
 10300K .......... .......... .......... .......... .......... 24% 1.06M 16s
 10350K .......... .......... .......... .......... .......... 24% 54.0M 16s
 10400K .......... .......... .......... .......... .......... 24% 1.76M 16s
 10450K .......... .......... .......... .......... .......... 24% 3.27M 15s
 10500K .......... .......... .......... .......... .......... 24% 2.54M 15s
 10550K .......... .......... .......... .......... .......... 24% 19.1M 15s
 10600K .......... .......... .......... .......... .......... 24% 1.09M 15s
 10650K .......... .......... .......... .......... .......... 24% 2.03M 15s
 10700K .......... .......... .......... .......... .......... 25% 3.26M 15s
 10750K .......... .......... .......... .......... .......... 25% 1.91M 15s
 10800K .......... .......... .......... .......... .......... 25%  119M 15s
 10850K .......... .......... .......... .......... .......... 25% 1.06M 15s
 10900K .......... .......... .......... .......... .......... 25% 8.68M 15s
 10950K .......... .......... .......... .......... .......... 25% 5.19M 15s
 11000K .......... .......... .......... .......... .......... 25% 18.2M 15s
 11050K .......... .......... .......... .......... .......... 25% 3.03M 15s
 11100K .......... .......... .......... .......... .......... 25% 98.6M 15s
 11150K .......... .......... .......... .......... .......... 26%  419K 15s
 11200K .......... .......... .......... .......... .......... 26% 2.88M 15s
 11250K .......... .......... .......... .......... .......... 26% 17.1M 15s
 11300K .......... .......... .......... .......... .......... 26% 5.77M 15s
 11350K .......... .......... .......... .......... .......... 26% 79.0M 15s
 11400K .......... .......... .......... .......... .......... 26% 5.65M 15s
 11450K .......... .......... .......... .......... .......... 26% 94.7K 16s
 11500K .......... .......... .......... .......... .......... 26% 4.77M 16s
 11550K .......... .......... .......... .......... .......... 26% 17.1M 16s
 11600K .......... .......... .......... .......... .......... 27% 7.63M 16s
 11650K .......... .......... .......... .......... .......... 27% 10.5M 16s
 11700K .......... .......... .......... .......... .......... 27% 12.5M 16s
 11750K .......... .......... .......... .......... .......... 27%  907K 16s
 11800K .......... .......... .......... .......... .......... 27% 5.82M 16s
 11850K .......... .......... .......... .......... .......... 27% 13.2M 16s
 11900K .......... .......... .......... .......... .......... 27% 7.83M 16s
 11950K .......... .......... .......... .......... .......... 27%  637K 16s
 12000K .......... .......... .......... .......... .......... 28% 20.8M 16s
 12050K .......... .......... .......... .......... .......... 28% 1.06M 16s
 12100K .......... .......... .......... .......... .......... 28% 2.74M 16s
 12150K .......... .......... .......... .......... .......... 28% 5.42M 16s
 12200K .......... .......... .......... .......... .......... 28% 4.01M 15s
 12250K .......... .......... .......... .......... .......... 28% 1.23M 15s
 12300K .......... .......... .......... .......... .......... 28% 10.9M 15s
 12350K .......... .......... .......... .......... .......... 28%  759K 15s
 12400K .......... .......... .......... .......... .......... 28%  960K 16s
 12450K .......... .......... .......... .......... .......... 29% 11.7M 15s
 12500K .......... .......... .......... .......... .......... 29% 4.98M 15s
 12550K .......... .......... .......... .......... .......... 29% 1.23M 15s
 12600K .......... .......... .......... .......... .......... 29% 3.45M 15s
 12650K .......... .......... .......... .......... .......... 29% 1.74M 15s
 12700K .......... .......... .......... .......... .......... 29% 3.57M 15s
 12750K .......... .......... .......... .......... .......... 29% 6.84M 15s
 12800K .......... .......... .......... .......... .......... 29% 8.28M 15s
 12850K .......... .......... .......... .......... .......... 30% 1.31M 15s
 12900K .......... .......... .......... .......... .......... 30% 1.78M 15s
 12950K .......... .......... .......... .......... .......... 30% 1.94M 15s
 13000K .......... .......... .......... .......... .......... 30% 2.14M 15s
 13050K .......... .......... .......... .......... .......... 30% 2.40M 15s
 13100K .......... .......... .......... .......... .......... 30% 2.83M 15s
 13150K .......... .......... .......... .......... .......... 30% 8.48M 15s
 13200K .......... .......... .......... .......... .......... 30% 1.08M 15s
 13250K .......... .......... .......... .......... .......... 30% 2.15M 15s
 13300K .......... .......... .......... .......... .......... 31% 2.29M 15s
 13350K .......... .......... .......... .......... .......... 31% 13.3M 15s
 13400K .......... .......... .......... .......... .......... 31% 1.91M 15s
 13450K .......... .......... .......... .......... .......... 31% 9.83M 15s
 13500K .......... .......... .......... .......... .......... 31% 5.09M 15s
 13550K .......... .......... .......... .......... .......... 31% 3.07M 15s
 13600K .......... .......... .......... .......... .......... 31%  665K 15s
 13650K .......... .......... .......... .......... .......... 31% 19.0M 15s
 13700K .......... .......... .......... .......... .......... 31% 1.17M 15s
 13750K .......... .......... .......... .......... .......... 32% 6.76M 15s
 13800K .......... .......... .......... .......... .......... 32% 1.18M 15s
 13850K .......... .......... .......... .......... .......... 32% 50.8M 14s
 13900K .......... .......... .......... .......... .......... 32% 4.49M 14s
 13950K .......... .......... .......... .......... .......... 32%  900K 14s
 14000K .......... .......... .......... .......... .......... 32% 3.10M 14s
 14050K .......... .......... .......... .......... .......... 32%  942K 14s
 14100K .......... .......... .......... .......... .......... 32% 75.1M 14s
 14150K .......... .......... .......... .......... .......... 33% 31.6M 14s
 14200K .......... .......... .......... .......... .......... 33% 3.87M 14s
 14250K .......... .......... .......... .......... .......... 33% 1.07M 14s
 14300K .......... .......... .......... .......... .......... 33% 1.18M 14s
 14350K .......... .......... .......... .......... .......... 33% 4.41M 14s
 14400K .......... .......... .......... .......... .......... 33% 5.91M 14s
 14450K .......... .......... .......... .......... .......... 33% 39.2M 14s
 14500K .......... .......... .......... .......... .......... 33% 4.16M 14s
 14550K .......... .......... .......... .......... .......... 33% 1.02M 14s
 14600K .......... .......... .......... .......... .......... 34%  219K 14s
 14650K .......... .......... .......... .......... .......... 34% 10.8M 14s
 14700K .......... .......... .......... .......... .......... 34% 4.33M 14s
 14750K .......... .......... .......... .......... .......... 34% 2.41M 14s
 14800K .......... .......... .......... .......... .......... 34% 6.40M 14s
 14850K .......... .......... .......... .......... .......... 34% 2.08M 14s
 14900K .......... .......... .......... .......... .......... 34% 1.69M 14s
 14950K ..........