WARNING: timestamping does nothing in combination with -O. See the manual
for details.

--2021-04-07 06:13:28--  https://ftp.ncbi.nlm.nih.gov//genomes/all/GCF/000/001/405/GCF_000001405.39_GRCh38.p13/GCF_000001405.39_GRCh38.p13_genomic.fna.gz
Resolving ftp.ncbi.nlm.nih.gov (ftp.ncbi.nlm.nih.gov)... 165.112.9.228, 165.112.9.229
Connecting to ftp.ncbi.nlm.nih.gov (ftp.ncbi.nlm.nih.gov)|165.112.9.228|:443... connected.
HTTP request sent, awaiting response... 200 OK
Length: 964894122 (920M) [application/x-gzip]
Saving to: ‘/Users/kqrw311/snpEff/download/ncbi/GRCh38.p13/GCF_000001405.39_GRCh38.p13_genomic.fna.gz’

     0K .......... .......... .......... .......... ..........  0%  799K 19m39s
    50K .......... .......... .......... .......... ..........  0%  814K 19m28s
   100K .......... .......... .......... .......... ..........  0% 11.2M 13m26s
   150K .......... .......... .......... .......... ..........  0% 86.6M 10m7s
   200K .......... .......... .......... .......... ..........  0%  616K 13m11s
   250K .......... .......... .......... .......... ..........  0% 10.6M 11m14s
   300K .......... .......... .......... .......... ..........  0% 18.3M 9m45s
   350K .......... .......... .......... .......... ..........  0% 20.5M 8m37s
   400K .......... .......... .......... .......... ..........  0% 1.50M 8m48s
   450K .......... .......... .......... .......... ..........  0% 22.6M 7m59s
   500K .......... .......... .......... .......... ..........  0% 7.49M 7m27s
   550K .......... .......... .......... .......... ..........  0% 90.1M 6m50s
   600K .......... .......... .......... .......... ..........  0% 2.26M 6m50s
   650K .......... .......... .......... .......... ..........  0% 11.5M 6m26s
   700K .......... .......... .......... .......... ..........  0% 26.5M 6m3s
   750K .......... .......... .......... .......... ..........  0% 15.4M 5m44s
   800K .......... .......... .......... .......... ..........  0% 5.70M 5m33s
   850K .......... .......... .......... .......... ..........  0% 6.68M 5m22s
   900K .......... .......... .......... .......... ..........  0% 11.6M 5m10s
   950K .......... .......... .......... .......... ..........  0% 12.1M 4m58s
  1000K .......... .......... .......... .......... ..........  0% 11.8M 4m47s
  1050K .......... .......... .......... .......... ..........  0% 17.2M 4m37s
  1100K .......... .......... .......... .......... ..........  0% 9.09M 4m29s
  1150K .......... .......... .......... .......... ..........  0% 17.3M 4m20s
  1200K .......... .......... .......... .......... ..........  0% 1.12M 4m42s
  1250K .......... .......... .......... .......... ..........  0% 11.9M 4m35s
  1300K .......... .......... .......... .......... ..........  0% 20.3M 4m26s
  1350K .......... .......... .......... .......... ..........  0% 39.1M 4m17s
  1400K .......... .......... .......... .......... ..........  0% 6.17M 4m14s
  1450K .......... .......... .......... .......... ..........  0% 11.5M 4m8s
  1500K .......... .......... .......... .......... ..........  0% 3.27M 4m9s
  1550K .......... .......... .......... .......... ..........  0% 62.3M 4m2s
  1600K .......... .......... .......... .......... ..........  0% 17.9M 3m56s
  1650K .......... .......... .......... .......... ..........  0% 9.64M 3m52s
  1700K .......... .......... .......... .......... ..........  0% 13.8M 3m47s
  1750K .......... .......... .......... .......... ..........  0% 30.8M 3m41s
  1800K .......... .......... .......... .......... ..........  0% 4.06M 3m42s
  1850K .......... .......... .......... .......... ..........  0%  157M 3m36s
  1900K .......... .......... .......... .......... ..........  0% 8.63M 3m33s
  1950K .......... .......... .......... .......... ..........  0% 12.9M 3m29s
  2000K .......... .......... .......... .......... ..........  0% 10.9M 3m26s
  2050K .......... .......... .......... .......... ..........  0%  127M 3m22s
  2100K .......... .......... .......... .......... ..........  0% 6.61M 3m20s
  2150K .......... .......... .......... .......... ..........  0% 11.8M 3m17s
  2200K .......... .......... .......... .......... ..........  0% 4.54M 3m17s
  2250K .......... .......... .......... .......... ..........  0% 10.4M 3m15s
  2300K .......... .......... .......... .......... ..........  0% 3.94M 3m16s
  2350K .......... .......... .......... .......... ..........  0% 15.8M 3m13s
  2400K .......... .......... .......... .......... ..........  0% 6.20M 3m12s
  2450K .......... .......... .......... .......... ..........  0% 1.30M 3m22s
  2500K .......... .......... .......... .......... ..........  0% 5.69M 3m21s
  2550K .......... .......... .......... .......... ..........  0%  127M 3m18s
  2600K .......... .......... .......... .......... ..........  0% 34.5M 3m14s
  2650K .......... .......... .......... .......... ..........  0% 20.0M 3m12s
  2700K .......... .......... .......... .......... ..........  0% 19.3M 3m9s
  2750K .......... .......... .......... .......... ..........  0% 2.15M 3m13s
  2800K .......... .......... .......... .......... ..........  0%  102M 3m10s
  2850K .......... .......... .......... .......... ..........  0% 4.97M 3m10s
  2900K .......... .......... .......... .......... ..........  0% 87.3M 3m7s
  2950K .......... .......... .......... .......... ..........  0% 16.8M 3m5s
  3000K .......... .......... .......... .......... ..........  0% 20.4M 3m2s
  3050K .......... .......... .......... .......... ..........  0% 4.56M 3m3s
  3100K .......... .......... .......... .......... ..........  0% 8.69M 3m1s
  3150K .......... .......... .......... .......... ..........  0% 12.6M 3m0s
  3200K .......... .......... .......... .......... ..........  0% 7.54M 2m59s
  3250K .......... .......... .......... .......... ..........  0% 19.2M 2m57s
  3300K .......... .......... .......... .......... ..........  0% 16.0M 2m55s
  3350K .......... .......... .......... .......... ..........  0% 8.53M 2m54s
  3400K .......... .......... .......... .......... ..........  0%  470K 3m20s
  3450K .......... .......... .......... .......... ..........  0% 5.71M 3m20s
  3500K .......... .......... .......... .......... ..........  0%  142M 3m17s
  3550K .......... .......... .......... .......... ..........  0% 1.91M 3m21s
  3600K .......... .......... .......... .......... ..........  0% 40.4M 3m19s
  3650K .......... .......... .......... .......... ..........  0%  133M 3m16s
  3700K .......... .......... .......... .......... ..........  0%  118M 3m14s
  3750K .......... .......... .......... .......... ..........  0%  128M 3m11s
  3800K .......... .......... .......... .......... ..........  0%  156M 3m9s
  3850K .......... .......... .......... .......... ..........  0%  185M 3m6s
  3900K .......... .......... .......... .......... ..........  0%  148M 3m4s
  3950K .......... .......... .......... .......... ..........  0%  170M 3m2s
  4000K .......... .......... .......... .......... ..........  0%  155M 3m0s
  4050K .......... .......... .......... .......... ..........  0%  182M 2m57s
  4100K .......... .......... .......... .......... ..........  0%  169M 2m55s
  4150K .......... .......... .......... .......... ..........  0%  172M 2m53s
  4200K .......... .......... .......... .......... ..........  0%  185M 2m51s
  4250K .......... .......... .......... .......... ..........  0%  205M 2m49s
  4300K .......... .......... .......... .......... ..........  0% 22.0M 2m48s
  4350K .......... .......... .......... .......... ..........  0% 29.0M 2m46s
  4400K .......... .......... .......... .......... ..........  0% 40.9M 2m45s
  4450K .......... .......... .......... .......... ..........  0% 17.6M 2m43s
  4500K .......... .......... .......... .......... ..........  0% 6.23M 2m43s
  4550K .......... .......... .......... .......... ..........  0% 8.39M 2m43s
  4600K .......... .......... .......... .......... ..........  0%  119M 2m41s
  4650K .......... .......... .......... .......... ..........  0% 5.40M 2m41s
  4700K .......... .......... .......... .......... ..........  0%  134M 2m39s
  4750K .......... .......... .......... .......... ..........  0% 16.6M 2m38s
  4800K .......... .......... .......... .......... ..........  0%  961K 2m47s
  4850K .......... .......... .......... .......... ..........  0% 10.9M 2m46s
  4900K .......... .......... .......... .......... ..........  0% 14.1M 2m45s
  4950K .......... .......... .......... .......... ..........  0% 17.6M 2m44s
  5000K .......... .......... .......... .......... ..........  0% 8.83M 2m43s
  5050K .......... .......... .......... .......... ..........  0% 15.2M 2m42s
  5100K .......... .......... .......... .......... ..........  0% 26.5M 2m41s
  5150K .......... .......... .......... .......... ..........  0% 7.00M 2m41s
  5200K .......... .......... .......... .......... ..........  0% 4.15M 2m41s
  5250K .......... .......... .......... .......... ..........  0% 9.14M 2m41s
  5300K .......... .......... .......... .......... ..........  0% 33.9M 2m39s
  5350K .......... .......... .......... .......... ..........  0% 3.42M 2m40s
  5400K .......... .......... .......... .......... ..........  0% 73.6M 2m39s
  5450K .......... .......... .......... .......... ..........  0% 72.4M 2m38s
  5500K .......... .......... .......... .......... ..........  0% 19.2M 2m37s
  5550K .......... .......... .......... .......... ..........  0% 5.29M 2m37s
  5600K .......... .......... .......... .......... ..........  0%  105M 2m35s
  5650K .......... .......... .......... .......... ..........  0% 3.29M 2m36s
  5700K .......... .......... .......... .......... ..........  0%  142M 2m35s
  5750K .......... .......... .......... .......... ..........  0% 29.8M 2m34s
  5800K .......... .......... .......... .......... ..........  0% 6.26M 2m34s
  5850K .......... .......... .......... .......... ..........  0% 20.3M 2m33s
  5900K .......... .......... .......... .......... ..........  0% 9.28M 2m33s
  5950K .......... .......... .......... .......... ..........  0%  479K 2m48s
  6000K .......... .......... .......... .......... ..........  0% 3.18M 2m49s
  6050K .......... .......... .......... .......... ..........  0%  142M 2m47s
  6100K .......... .......... .......... .......... ..........  0%  187M 2m46s
  6150K .......... .......... .......... .......... ..........  0%  167M 2m45s
  6200K .......... .......... .......... .......... ..........  0%  157M 2m43s
  6250K .......... .......... .......... .......... ..........  0%  186M 2m42s
  6300K .......... .......... .......... .......... ..........  0%  190M 2m41s
  6350K .......... .......... .......... .......... ..........  0%  165M 2m40s
  6400K .......... .......... .......... .......... ..........  0%  132M 2m38s
  6450K .......... .......... .......... .......... ..........  0%  188M 2m37s
  6500K .......... .......... .......... .......... ..........  0%  171M 2m36s
  6550K .......... .......... .......... .......... ..........  0%  170M 2m35s
  6600K .......... .......... .......... .......... ..........  0%  182M 2m34s
  6650K .......... .......... .......... .......... ..........  0%  205M 2m33s
  6700K .......... .......... .......... .......... ..........  0%  212M 2m32s
  6750K .......... .......... .......... .......... ..........  0%  203M 2m30s
  6800K .......... .......... .......... .......... ..........  0%  150M 2m29s
  6850K .......... .......... .......... .......... ..........  0%  189M 2m28s
  6900K .......... .......... .......... .......... ..........  0%  212M 2m27s
  6950K .......... .......... .......... .......... ..........  0%  210M 2m26s
  7000K .......... .......... .......... .......... ..........  0%  193M 2m25s
  7050K .......... .......... .......... .......... ..........  0% 3.52M 2m26s
  7100K .......... .......... .......... .......... ..........  0% 20.8M 2m25s
  7150K .......... .......... .......... .......... ..........  0% 4.92M 2m26s
  7200K .......... .......... .......... .......... ..........  0% 9.80M 2m25s
  7250K .......... .......... .......... .......... ..........  0% 1.86M 2m28s
  7300K .......... .......... .......... .......... ..........  0% 17.0M 2m27s
  7350K .......... .......... .......... .......... ..........  0% 19.0M 2m26s
  7400K .......... .......... .......... .......... ..........  0% 4.71M 2m27s
  7450K .......... .......... .......... .......... ..........  0% 6.53M 2m27s
  7500K .......... .......... .......... .......... ..........  0% 10.9M 2m26s
  7550K .......... .......... .......... .......... ..........  0% 1.69M 2m29s
  7600K .......... .......... .......... .......... ..........  0% 94.4M 2m28s
  7650K .......... .......... .......... .......... ..........  0% 5.37M 2m28s
  7700K .......... .......... .......... .......... ..........  0% 70.7M 2m27s
  7750K .......... .......... .......... .......... ..........  0% 13.6M 2m26s
  7800K .......... .......... .......... .......... ..........  0% 12.8M 2m26s
  7850K .......... .......... .......... .......... ..........  0%  116M 2m25s
  7900K .......... .......... .......... .......... ..........  0% 20.7M 2m24s
  7950K .......... .......... .......... .......... ..........  0% 7.91M 2m24s
  8000K .......... .......... .......... .......... ..........  0% 1.58M 2m27s
  8050K .......... .......... .......... .......... ..........  0% 1.91M 2m29s
  8100K .......... .......... .......... .......... ..........  0% 4.47M 2m29s
  8150K .......... .......... .......... .......... ..........  0%  137M 2m28s
  8200K .......... .......... .......... .......... ..........  0% 3.70M 2m29s
  8250K .......... .......... .......... .......... ..........  0% 3.61M 2m30s
  8300K .......... .......... .......... .......... ..........  0% 7.33M 2m29s
  8350K .......... .......... .......... .......... ..........  0% 8.54M 2m29s
  8400K .......... .......... .......... .......... ..........  0% 30.9M 2m29s
  8450K .......... .......... .......... .......... ..........  0% 6.78M 2m28s
  8500K .......... .......... .......... .......... ..........  0%  144M 2m28s
  8550K .......... .......... .......... .......... ..........  0% 11.5M 2m27s
  8600K .......... .......... .......... .......... ..........  0% 16.4M 2m27s
  8650K .......... .......... .......... .......... ..........  0% 5.82M 2m27s
  8700K .......... .......... .......... .......... ..........  0% 9.34M 2m26s
  8750K .......... .......... .......... .......... ..........  0% 78.4M 2m26s
  8800K .......... .......... .......... .......... ..........  0% 4.41M 2m26s
  8850K .......... .......... .......... .......... ..........  0% 2.34M 2m27s
  8900K .......... .......... .......... .......... ..........  0% 4.15M 2m28s
  8950K .......... .......... .......... .......... ..........  0% 36.9M 2m27s
  9000K .......... .......... .......... .......... ..........  0% 6.89M 2m27s
  9050K .......... .......... .......... .......... ..........  0% 23.1M 2m26s
  9100K .......... .......... .......... .......... ..........  0% 5.47M 2m26s
  9150K .......... .......... .......... .......... ..........  0% 16.4M 2m26s
  9200K .......... .......... .......... .......... ..........  0% 7.29M 2m26s
  9250K .......... .......... .......... .......... ..........  0% 2.89M 2m27s
  9300K .......... .......... .......... .......... ..........  0% 25.1M 2m26s
  9350K .......... .......... .......... .......... ..........  0% 2.89M 2m27s
  9400K .......... .......... .......... .......... ..........  1% 75.7M 2m26s
  9450K .......... .......... .......... .......... ..........  1% 7.04M 2m26s
  9500K .......... .......... .......... .......... ..........  1% 99.9M 2m25s
  9550K .......... .......... .......... .......... ..........  1% 3.37M 2m26s
  9600K .......... .......... .......... .......... ..........  1% 49.1M 2m25s
  9650K .......... .......... .......... .......... ..........  1% 3.24M 2m26s
  9700K .......... .......... .......... .......... ..........  1% 12.2M 2m26s
  9750K .......... .......... .......... .......... ..........  1% 17.1M 2m25s
  9800K .......... .......... .......... .......... ..........  1% 14.1M 2m25s
  9850K .......... .......... .......... .......... ..........  1% 4.06M 2m25s
  9900K .......... .......... .......... .......... ..........  1% 8.96M 2m25s
  9950K .......... .......... .......... .......... ..........  1% 2.97M 2m26s
 10000K .......... .......... .......... .......... ..........  1% 4.26M 2m26s
 10050K .......... .......... .......... .......... ..........  1% 4.58M 2m26s
 10100K .......... .......... .......... .......... ..........  1% 24.7M 2m26s
 10150K .......... .......... .......... .......... ..........  1% 1.18M 2m29s
 10200K .......... .......... .......... .......... ..........  1% 3.69M 2m29s
 10250K .......... .......... .......... .......... ..........  1%  156M 2m29s
 10300K .......... .......... .......... .......... ..........  1% 4.22M 2m29s
 10350K .......... .......... .......... .......... ..........  1%  196M 2m28s
 10400K .......... .......... .......... .......... ..........  1% 7.15M 2m28s
 10450K .......... .......... .......... .......... ..........  1% 3.28M 2m29s
 10500K .......... .......... .......... .......... ..........  1% 75.6M 2m28s
 10550K .......... .......... .......... .......... ..........  1% 4.40M 2m28s
 10600K .......... .......... .......... .......... ..........  1% 4.58M 2m29s
 10650K .......... .......... .......... .......... ..........  1% 2.74M 2m29s
 10700K .......... .......... .......... .......... ..........  1% 4.06M 2m30s
 10750K .......... .......... .......... .......... ..........  1% 8.26M 2m30s
 10800K .......... .......... .......... .......... ..........  1% 3.81M 2m30s
 10850K .......... .......... .......... .......... ..........  1%  191M 2m29s
 10900K .......... .......... .......... .......... ..........  1% 6.13M 2m29s
 10950K .......... .......... .......... .......... ..........  1%  174M 2m29s
 11000K .......... .......... .......... .......... ..........  1% 26.4M 2m28s
 11050K .......... .......... .......... .......... ..........  1% 6.71M 2m28s
 11100K .......... .......... .......... .......... ..........  1% 45.1M 2m28s
 11150K .......... .......... .......... .......... ..........  1% 18.6M 2m27s
 11200K .......... .......... .......... .......... ..........  1% 2.67M 2m28s
 11250K .......... .......... .......... .......... ..........  1% 25.7M 2m27s
 11300K .......... .......... .......... .......... ..........  1% 4.96M 2m28s
 11350K .......... .......... .......... .......... ..........  1% 6.71M 2m28s
 11400K .......... .......... .......... .......... ..........  1%  172M 2m27s
 11450K .......... .......... .......... .......... ..........  1% 4.86M 2m27s
 11500K .......... .......... .......... .......... ..........  1% 5.57M 2m27s
 11550K .......... .......... .......... .......... ..........  1% 56.3M 2m27s
 11600K .......... .......... .......... .......... ..........  1% 12.5M 2m26s
 11650K .......... .......... .......... .......... ..........  1% 17.9M 2m26s
 11700K .......... .......... .......... .......... ..........  1% 8.67M 2m26s
 11750K .......... .......... .......... .......... ..........  1% 5.04M 2m26s
 11800K .......... .......... .......... .......... ..........  1%  121M 2m25s
 11850K .......... .......... .......... .......... ..........  1% 2.16M 2m26s
 11900K .......... .......... .......... .......... ..........  1% 2.03M 2m28s
 11950K .......... .......... .......... .......... ..........  1% 5.17M 2m28s
 12000K .......... .......... .......... .......... ..........  1% 4.02M 2m28s
 12050K .......... .......... .......... .......... ..........  1% 5.28M 2m28s
 12100K .......... .......... .......... .......... ..........  1% 14.6M 2m28s
 12150K .......... .......... .......... .......... ..........  1% 18.5M 2m27s
 12200K .......... .......... .......... .......... ..........  1% 6.84M 2m27s
 12250K .......... .......... .......... .......... ..........  1% 3.90M 2m28s
 12300K .......... .......... .......... .......... ..........  1%  147M 2m27s
 12350K .......... .......... .......... .......... ..........  1% 8.42M 2m27s
 12400K .......... .......... .......... .......... ..........  1%  188M 2m26s
 12450K .......... .......... .......... .......... ..........  1% 2.04M 2m27s
 12500K .......... .......... .......... .......... ..........  1% 2.36M 2m28s
 12550K .......... .......... .......... .......... ..........  1%  156M 2m28s
 12600K .......... .......... .......... .......... ..........  1% 2.77M 2m29s
 12650K .......... .......... .......... .......... ..........  1%  162M 2m28s
 12700K .......... .......... .......... .......... ..........  1% 3.58M 2m28s
 12750K .......... .......... .......... .......... ..........  1%  140M 2m28s
 12800K .......... .......... .......... .......... ..........  1% 9.62M 2m28s
 12850K .......... .......... .......... .......... ..........  1% 6.81M 2m27s
 12900K .......... .......... .......... .......... ..........  1% 86.7M 2m27s
 12950K .......... .......... .......... .......... ..........  1% 4.97M 2m27s
 13000K .......... .......... .......... .......... ..........  1% 83.3M 2m27s
 13050K .......... .......... .......... .......... ..........  1% 24.9M 2m26s
 13100K .......... .......... .......... .......... ..........  1% 10.1M 2m26s
 13150K .......... .......... .......... .......... ..........  1%  683K 2m30s
 13200K .......... .......... .......... .......... ..........  1% 3.72M 2m31s
 13250K .......... .......... .......... .......... ..........  1%  180M 2m30s
 13300K .......... .......... .......... .......... ..........  1% 27.7M 2m30s
 13350K .......... .......... .......... .......... ..........  1% 3.29M 2m30s
 13400K .......... .......... .......... .......... ..........  1% 4.20M 2m31s
 13450K .......... .......... .......... .......... ..........  1%  225M 2m30s
 13500K .......... .......... .......... .......... ..........  1% 24.9M 2m30s
 13550K .......... .......... .......... .......... ..........  1% 6.05M 2m30s
 13600K .......... .......... .......... .......... ..........  1% 2.82M 2m30s
 13650K .......... .......... .......... .......... ..........  1%  131M 2m30s
 13700K .......... .......... .......... .......... ..........  1% 6.23M 2m30s
 13750K .......... .......... .......... .......... ..........  1% 1.71M 2m31s
 13800K .......... .......... .......... .......... ..........  1% 93.4M 2m30s
 13850K .......... .......... .......... .......... ..........  1% 1.03M 2m33s
 13900K .......... .......... .......... .......... ..........  1%  209M 2m33s
 13950K .......... .......... .......... .......... ..........  1% 2.78M 2m33s
 14000K .......... .......... .......... .......... ..........  1%  112M 2m33s
 14050K .......... .......... .......... .......... ..........  1% 3.13M 2m33s
 14100K .......... .......... .......... .......... ..........  1%  105M 2m33s
 14150K .......... .......... .......... .......... ..........  1% 35.4M 2m32s
 14200K .......... .......... .......... .......... ..........  1% 5.31M 2m32s
 14250K .......... .......... .......... .......... ..........  1% 9.73M 2m32s
 14300K .......... .......... .......... .......... ..........  1% 5.22M 2m32s
 14350K .......... .......... .......... .......... ..........  1%  225M 2m32s
 14400K .......... .......... .......... .......... ..........  1% 7.73M 2m31s
 14450K .......... .......... .......... .......... ..........  1%  606K 2m36s
 14500K .......... .......... .......... .......... ..........  1%  102M 2m36s
 14550K .......... .......... .......... .......... ..........  1% 11.0M 2m35s
 14600K .......... .......... .......... .......... ..........  1% 15.2M 2m35s
 14650K .......... .......... .......... .......... ..........  1% 6.08M 2m35s
 14700K .......... .......... .......... .......... ..........  1% 14.2M 2m35s
 14750K .......... .......... .......... .......... ..........  1% 14.4M 2m34s
 14800K .......... .......... .......... .......... ..........  1% 8.33M 2m34s
 14850K .......... .......... .......... .......... ..........  1% 6.51M 2m34s
 14900K .......... .......... .......... .......... ..........  1% 6.76M 2m34s
 14950K .......... .......... .......... .......... ..........  1% 76.1M 2m34s
 15000K .......... .......... .......... .......... ..........  1% 3.46M 2m34s
 15050K .......... .......... .......... .......... ..........  1% 14.6M 2m34s
 15100K .......... .......... .......... .......... ..........  1%  613K 2m38s
 15150K .......... .......... .......... .......... ..........  1% 17.7M 2m38s
 15200K .......... .......... .......... .......... ..........  1% 8.25M 2m38s
 15250K .......... .......... .......... .......... ..........  1% 25.0M 2m37s
 15300K .......... .......... .......... .......... ..........  1% 7.63M 2m37s
 15350K .......... .......... .......... .......... ..........  1%  167M 2m37s
 15400K .......... .......... .......... .......... ..........  1% 5.98M 2m37s
 15450K .......... .......... .......... .......... ..........  1% 22.0M 2m36s
 15500K .......... .......... .......... .......... ..........  1% 32.9M 2m36s
 15550K .......... .......... .......... .......... ..........  1% 5.22M 2m36s
 15600K .......... .......... .......... .......... ..........  1% 2.13M 2m37s
 15650K .......... .......... .......... .......... ..........  1%  193M 2m36s
 15700K .......... .......... .......... .......... ..........  1% 5.49M 2m36s
 15750K .......... .......... .......... .......... ..........  1% 38.2M 2m36s
 15800K .......... .......... .......... .......... ..........  1% 10.0M 2m35s
 15850K .......... .......... .......... .......... ..........  1% 80.3M 2m35s
 15900K .......... .......... .......... .......... ..........  1% 3.85M 2m35s
 15950K .......... .......... .......... .......... ..........  1% 10.9M 2m35s
 16000K .......... .......... .......... .......... ..........  1% 4.38M 2m35s
 16050K .......... .......... .......... .......... ..........  1% 17.3M 2m35s
 16100K .......... .......... .......... .......... ..........  1% 10.6M 2m35s
 16150K .......... .......... .......... .......... ..........  1% 3.03M 2m35s
 16200K .......... .......... .......... .......... ..........  1% 30.5M 2m35s
 16250K .......... .......... .......... .......... ..........  1% 1.20M 2m37s
 16300K .......... .......... .......... .......... ..........  1%  168M 2m36s
 16350K .......... .......... .......... .......... ..........  1% 7.14M 2m36s
 16400K .......... .......... .......... .......... ..........  1% 5.57M 2m36s
 16450K .......... .......... .......... .......... ..........  1% 12.8M 2m36s
 16500K .......... .......... .......... .......... ..........  1% 9.79M 2m35s
 16550K .......... .......... .......... .......... ..........  1% 4.08M 2m36s
 16600K .......... .......... .......... .......... ..........  1% 4.49M 2m36s
 16650K .......... .......... .......... .......... ..........  1% 16.4M 2m35s
 16700K .......... .......... .......... .......... ..........  1% 10.8M 2m35s
 16750K .......... .......... .......... .......... ..........  1% 3.44M 2m36s
 16800K .......... .......... .......... .......... ..........  1% 3.81M 2m36s
 16850K .......... .......... .......... .......... ..........  1%  108K 3m1s
 16900K .......... .......... .......... .......... ..........  1% 52.3M 3m0s
 16950K .......... .......... .......... .......... ..........  1% 4.07M 3m0s
 17000K .......... .......... .......... .......... ..........  1% 8.70M 3m0s
 17050K .......... .......... .......... .......... ..........  1% 2.47M 3m1s
 17100K .......... .......... .......... .......... ..........  1% 9.26M 3m0s
 17150K .......... .......... .......... .......... ..........  1% 14.1M 3m0s
 17200K .......... .......... .......... .......... ..........  1% 2.92M 3m0s
 17250K .......... .......... .......... .......... ..........  1% 11.4M 3m0s
 17300K .......... .......... .......... .......... ..........  1% 16.2M 3m0s
 17350K .......... .......... .......... .......... ..........  1% 3.82M 3m0s
 17400K .......... .......... .......... .......... ..........  1% 41.8M 2m59s
 17450K .......... .......... .......... .......... ..........  1% 16.3M 2m59s
 17500K .......... .......... .......... .......... ..........  1% 1.46M 3m0s
 17550K .......... .......... .......... .......... ..........  1% 10.5M 3m0s
 17600K .......... .......... .......... .......... ..........  1% 7.02M 3m0s
 17650K .......... .......... .......... .......... ..........  1% 9.60M 3m0s
 17700K .......... .......... .......... .......... ..........  1% 4.54M 3m0s
 17750K .......... .......... .......... .......... ..........  1% 1.13M 3m1s
 17800K .......... .......... .......... .......... ..........  1% 2.41M 3m2s
 17850K .......... .......... .......... .......... ..........  1% 8.06M 3m2s
 17900K .......... .......... .......... .......... ..........  1% 5.23M 3m2s
 17950K .......... .......... .......... .......... ..........  1% 2.42M 3m2s
 18000K .......... .......... .......... .......... ..........  1%  577K 3m6s
 18050K .......... .......... .......... .......... ..........  1% 3.63M 3m6s
 18100K .......... .......... .......... .......... ..........  1%  161M 3m6s
 18150K .......... .......... .......... .......... ..........  1% 5.39M 3m6s
 18200K .......... .......... .......... .......... ..........  1%  176M 3m5s
 18250K .......... .......... .......... .......... ..........  1% 5.75M 3m5s
 18300K .......... .......... .......... .......... ..........  1% 2.99M 3m5s
 18350K .......... .......... .......... .......... ..........  1% 5.81M 3m5s
 18400K .......... .......... .......... .......... ..........  1% 5.11M 3m5s
 18450K .......... .......... .......... .......... ..........  1% 17.2M 3m5s
 18500K .......... .......... .......... .......... ..........  1% 2.55M 3m5s
 18550K .......... .......... .......... .......... ..........  1%  110M 3m5s
 18600K .......... .......... .......... .......... ..........  1% 2.99M 3m5s
 18650K .......... .......... .......... .......... ..........  1% 1014K 3m7s
 18700K .......... .......... .......... .......... ..........  1%  673K 3m10s
 18750K .......... .......... .......... .......... ..........  1% 15.6M 3m10s
 18800K .......... .......... .......... .......... ..........  2% 9.44M 3m10s
 18850K .......... .......... .......... .......... ..........  2% 14.5M 3m9s
 18900K .......... .......... .......... .......... ..........  2% 17.4M 3m9s
 18950K .......... .......... .......... .......... ..........  2% 21.4M 3m9s
 19000K .......... .......... .......... .......... ..........  2% 8.02M 3m8s
 19050K .......... .......... .......... .......... ..........  2% 4.58M 3m8s
 19100K .......... .......... .......... .......... ..........  2% 97.1M 3m8s
 19150K .......... .......... .......... .......... ..........  2% 16.8M 3m8s
 19200K .......... .......... .......... .......... ..........  2% 5.13M 3m7s
 19250K .......... .......... .......... .......... ..........  2%  149M 3m7s
 19300K .......... .......... .......... .......... ..........  2% 5.10M 3m7s
 19350K .......... .......... .......... .......... ..........  2% 1.04M 3m9s
 19400K .......... .......... .......... .......... ..........  2% 10.6M 3m8s
 19450K .......... .......... .......... .......... ..........  2% 11.5M 3m8s
 19500K .......... .......... .......... .......... ..........  2% 16.7M 3m8s
 19550K .......... .......... .......... .......... ..........  2% 19.1M 3m7s
 19600K .......... .......... .......... .......... ..........  2% 8.63M 3m7s
 19650K .......... .......... .......... .......... ..........  2% 1001K 3m9s
 19700K .......... .......... .......... .......... ..........  2% 18.4M 3m9s
 19750K .......... .......... .......... .......... ..........  2% 3.14M 3m9s
 19800K .......... .......... .......... .......... ..........  2% 2.42M 3m9s
 19850K .......... .......... .......... .......... ..........  2% 2.20M 3m10s
 19900K .......... .......... .......... .......... ..........  2% 4.83M 3m10s
 19950K .......... .......... .......... .......... ..........  2% 15.7M 3m10s
 20000K .......... .......... .......... .......... ..........  2% 1.79M 3m10s
 20050K .......... .......... .......... .......... ..........  2% 29.8M 3m10s
 20100K .......... .......... .......... .......... ..........  2% 8.85M 3m10s
 20150K .......... .......... .......... .......... ..........  2% 10.1M 3m9s
 20200K .......... .......... .......... .......... ..........  2%  301K 3m16s
 20250K .......... .......... .......... .......... ..........  2% 17.5M 3m16s
 20300K .......... .......... .......... .......... ..........  2% 30.8M 3m16s
 20350K .......... .......... .......... .......... ..........  2%  138M 3m15s
 20400K .......... .......... .......... .......... ..........  2%  152M 3m15s
 20450K .......... .......... .......... .......... ..........  2%  180M 3m14s
 20500K .......... .......... .......... .......... ..........  2%  176M 3m14s
 20550K .......... .......... .......... .......... ..........  2%  165M 3m13s
 20600K .......... .......... .......... .......... ..........  2%  162M 3m13s
 20650K .......... .......... .......... .......... ..........  2%  224M 3m12s
 20700K .......... .......... .......... .......... ..........  2%  227M 3m12s
 20750K .......... .......... .......... .......... ..........  2%  208M 3m11s
 20800K .......... .......... .......... .......... ..........  2%  190M 3m11s
 20850K .......... .......... .......... .......... ..........  2%  967K 3m13s
 20900K .......... .......... .......... .......... ..........  2% 12.3M 3m13s
 20950K .......... .......... .......... .......... ..........  2% 18.5M 3m12s
 21000K .......... .......... .......... .......... ..........  2% 3.93M 3m12s
 21050K .......... .......... .......... .......... ..........  2% 8.20M 3m12s
 21100K .......... .......... .......... .......... ..........  2% 1.14M 3m13s
 21150K .......... .......... .......... .......... ..........  2% 81.1M 3m13s
 21200K .......... .......... .......... .......... ..........  2% 1.09M 3m14s
 21250K .......... .......... .......... .......... ..........  2% 19.0M 3m14s
 21300K .......... .......... .......... .......... ..........  2% 4.18M 3m14s
 21350K .......... .......... .......... .......... ..........  2% 22.0M 3m14s
 21400K .......... .......... .......... .......... ..........  2%  909K 3m16s
 21450K .......... .......... .......... .......... ..........  2% 3.28M 3m16s
 21500K .......... .......... .......... .......... ..........  2% 2.83M 3m16s
 21550K .......... .......... .......... .......... ..........  2%  159M 3m16s
 21600K .......... .......... .......... .......... ..........  2%  610K 3m19s
 21650K .......... .......... .......... .......... ..........  2% 17.8M 3m18s
 21700K .......... .......... .......... .......... ..........  2% 5.82M 3m18s
 21750K .......... .......... .......... .......... ..........  2% 4.87M 3m18s
 21800K .......... .......... .......... .......... ..........  2%  909K 3m20s
 21850K .......... .......... .......... .......... ..........  2% 4.99M 3m20s
 21900K .......... .......... .......... .......... ..........  2% 3.77M 3m20s
 21950K .......... .......... .......... .......... ..........  2% 3.39M 3m20s
 22000K .......... .......... .......... .......... ..........  2% 9.17M 3m20s
 22050K .......... .......... .......... .......... ..........  2% 6.28M 3m20s
 22100K .......... .......... .......... .......... ..........  2% 6.83M 3m20s
 22150K .......... .......... .......... .......... ..........  2% 15.9M 3m19s
 22200K .......... .......... .......... .......... ..........  2%  841K 3m21s
 22250K .......... .......... .......... .......... ..........  2% 5.81M 3m21s
 22300K .......... .......... .......... .......... ..........  2% 18.4M 3m21s
 22350K .......... .......... .......... .......... ..........  2% 4.85M 3m21s
 22400K .......... .......... .......... .......... ..........  2% 3.03M 3m21s
 22450K .......... .......... .......... .......... ..........  2% 3.57M 3m21s
 22500K .......... .......... .......... .......... ..........  2% 7.83M 3m21s
 22550K .......... .......... .......... .......... ..........  2% 35.4M 3m21s
 22600K .......... .......... .......... .......... ..........  2% 4.36M 3m21s
 22650K .......... .......... .......... .......... ..........  2% 4.51M 3m21s
 22700K .......... .......... .......... .......... ..........  2% 11.0M 3m20s
 22750K .......... .......... .......... .......... ..........  2%  144K 3m34s
 22800K .......... .......... .......... .......... ..........  2% 11.3M 3m33s
 22850K .......... .......... .......... .......... ..........  2%  104M 3m33s
 22900K .......... .......... .......... .......... ..........  2% 4.22M 3m33s
 22950K .......... .......... .......... .......... ..........  2%  107M 3m33s
 23000K .......... .......... .......... .......... ..........  2% 1.07M 3m34s
 23050K .......... .......... .......... .......... ..........  2% 17.9M 3m34s
 23100K .......... .......... .......... .......... ..........  2%  429K 3m38s
 23150K .......... .......... .......... .......... ..........  2% 1.48M 3m39s
 23200K .......... .......... .......... .......... ..........  2%  250K 3m46s
 23250K .......... .......... .......... .......... ..........  2% 17.6M 3m46s
 23300K .......... .......... .......... .......... ..........  2% 2.32M 3m46s
 23350K .......... .......... .......... .......... ..........  2%  281K 3m52s
 23400K .......... .......... .......... .......... ..........  2% 2.13M 3m53s
 23450K .......... .......... .......... .......... ..........  2% 5.86M 3m53s
 23500K .......... .......... .......... .......... ..........  2%  147M 3m52s
 23550K .......... .......... .......... .......... ..........  2% 3.15M 3m52s
 23600K .......... .......... .......... .......... ..........  2% 8.83M 3m52s
 23650K .......... .......... .......... .......... ..........  2% 2.24M 3m52s
 23700K .......... .......... .......... .......... ..........  2% 1.22M 3m53s
 23750K .......... .......... .......... .......... ..........  2% 1.40M 3m54s
 23800K .......... .......... .......... .......... ..........  2% 5.49M 3m54s
 23850K .......... .......... .......... .......... ..........  2% 22.1M 3m54s
 23900K .......... .......... .......... .......... ..........  2% 16.3M 3m53s
 23950K .......... .......... .......... .......... ..........  2% 15.5M 3m53s
 24000K .......... .......... .......... .......... ..........  2% 3.30M 3m53s
 24050K .......... .......... .......... .......... ..........  2% 1.14M 3m54s
 24100K .......... .......... .......... .......... ..........  2% 15.1M 3m54s
 24150K .......... .......... .......... .......... ..........  2% 5.49M 3m53s
 24200K .......... .......... .......... .......... ..........  2% 28.6M 3m53s
 24250K .......... .......... .......... .......... ..........  2% 6.61M 3m53s
 24300K .......... .......... .......... .......... ..........  2% 8.14M 3m53s
 24350K .......... .......... .......... .......... ..........  2% 17.0M 3m52s
 24400K .......... .......... .......... .......... ..........  2%  864K 3m54s
 24450K .......... .......... .......... .......... ..........  2% 9.99M 3m54s
 24500K .......... .......... .......... .......... ..........  2% 3.75M 3m54s
 24550K .......... .......... .......... .......... ..........  2% 20.0M 3m53s
 24600K .......... .......... .......... .......... ..........  2% 8.09M 3m53s
 24650K .......... .......... .......... .......... ..........  2% 3.42M 3m53s
 24700K .......... .......... .......... .......... ..........  2% 2.05M 3m53s
 24750K .......... .......... .......... .......... ..........  2% 8.12M 3m53s
 24800K .......... .......... .......... .......... ..........  2% 1.12M 3m54s
 24850K .......... .......... .......... .......... ..........  2%  144M 3m54s
 24900K .......... .......... .......... .......... ..........  2% 12.7M 3m53s
 24950K .......... .......... .......... .......... ..........  2% 2.53M 3m54s
 25000K .......... .......... .......... .......... ..........  2%  175M 3m53s
 25050K .......... .......... .......... .......... ..........  2%  572K 3m56s
 25100K .......... .......... .......... .......... ..........  2% 1.14M 3m57s
 25150K .......... .......... .......... .......... ..........  2% 77.3M 3m56s
 25200K .......... .......... .......... .......... ..........  2% 3.57M 3m57s
 25250K .......... .......... .......... .......... ..........  2% 4.71M 3m56s
 25300K .......... .......... .......... .......... ..........  2%  112K 4m12s
 25350K .......... .......... .......... .......... ..........  2% 2.09M 4m12s
 25400K .......... .......... .......... .......... ..........  2% 2.98M 4m12s
 25450K .......... .......... .......... .......... ..........  2% 4.55M 4m12s
 25500K .......... .......... .......... .......... ..........  2% 99.9M 4m12s
 25550K .......... .......... .......... .......... ..........  2% 1.55M 4m12s
 25600K .......... .......... .......... .......... ..........  2% 57.2M 4m12s
 25650K .......... .......... .......... .......... ..........  2% 5.17M 4m12s
 25700K .......... .......... .......... .......... ..........  2% 6.43M 4m12s
 25750K .......... .......... .......... .......... ..........  2%  638K 4m14s
 25800K .......... .......... .......... .......... ..........  2% 1.41M 4m15s
 25850K .......... .......... .......... .......... ..........  2%  109M 4m14s
 25900K .......... .......... .......... .......... ..........  2% 5.08M 4m14s
 25950K .......... .......... .......... .......... ..........  2% 3.07M 4m14s
 26000K .......... .......... .......... .......... ..........  2% 16.8M 4m14s
 26050K .......... .......... .......... .......... ..........  2% 2.00M 4m14s
 26100K .......... .......... .......... .......... ..........  2% 1.79M 4m14s
 26150K .......... .......... .......... .......... ..........  2% 4.74M 4m14s
 26200K .......... .......... .......... .......... ..........  2% 4.07M 4m14s
 26250K .......... .......... .......... .......... ..........  2% 1.86M 4m15s
 26300K .......... .......... .......... .......... ..........  2% 1.15M 4m16s
 26350K .......... .......... .......... .......... ..........  2% 23.7M 4m15s
 26400K .......... .......... .......... .......... ..........  2% 1.04M 4m16s
 26450K .......... .......... .......... .......... ..........  2% 2.01M 4m17s
 26500K .......... .......... .......... .......... ..........  2% 1.92M 4m17s
 26550K .......... .......... .......... .......... ..........  2% 8.17M 4m17s
 26600K .......... .......... .......... .......... ..........  2% 3.63M 4m17s
 26650K .......... .......... .......... .......... ..........  2% 4.38M 4m17s
 26700K .......... .......... .......... .......... ..........  2% 4.00M 4m16s
 26750K .......... .......... .......... .......... ..........  2% 2.80M 4m17s
 26800K .......... .......... .......... .......... ..........  2% 1.73M 4m17s
 26850K .......... .......... .......... .......... ..........  2% 2.34M 4m17s
 26900K .......... .......... .......... .......... ..........  2% 5.86M 4m17s
 26950K .......... .......... .......... .......... ..........  2% 2.32M 4m17s
 27000K .......... .......... .......... .......... ..........  2% 9.72M 4m17s
 27050K .......... .......... .......... .......... ..........  2% 2.34M 4m17s
 27100K .......... .......... .......... .......... ..........  2% 3.41M 4m17s
 27150K .......... .......... .......... .......... ..........  2% 6.02M 4m17s
 27200K .......... .......... .......... .......... ..........  2%  979K 4m18s
 27250K .......... .......... .......... .......... ..........  2% 11.9M 4m18s
 27300K .......... .......... .......... .......... ..........  2% 3.06M 4m18s
 27350K .......... .......... .......... .......... ..........  2% 3.60M 4m18s
 27400K .......... .......... .......... .......... ..........  2% 2.45M 4m18s
 27450K .......... .......... .......... .......... ..........  2% 2.63M 4m18s
 27500K .......... .......... .......... .......... ..........  2% 6.00M 4m18s
 27550K .......... .......... .......... .......... ..........  2% 4.16M 4m18s
 27600K .......... .......... .......... .......... ..........  2% 3.65M 4m18s
 27650K .......... .......... .......... .......... ..........  2% 2.36M 4m18s
 27700K .......... .......... .......... .......... ..........  2% 12.9M 4m18s
 27750K .......... .......... .......... .......... ..........  2% 5.55M 4m17s
 27800K .......... .......... .......... .......... ..........  2% 4.21M 4m17s
 27850K .......... .......... .......... .......... ..........  2% 4.32M 4m17s
 27900K .......... .......... .......... .......... ..........  2%  355K 4m21s
 27950K .......... .......... .......... .......... ..........  2% 3.26M 4m21s
 28000K .......... .......... .......... .......... ..........  2% 1.07M 4m22s
 28050K .......... .......... .......... .......... ..........  2% 14.9M 4m22s
 28100K .......... .......... .......... .......... ..........  2% 97.3M 4m22s
 28150K .......... .......... .......... .......... ..........  2% 3.85M 4m22s
 28200K .......... .......... .......... .......... ..........  2%  179M 4m21s
 28250K .......... .......... .......... .......... ..........  3% 1.23M 4m22s
 28300K .......... .......... .......... .......... ..........  3% 1.01M 4m23s
 28350K .......... .......... .......... .......... ..........  3% 8.08M 4m23s
 28400K .......... .......... .......... .......... ..........  3% 3.11M 4m23s
 28450K .......... .......... .......... .......... ..........  3% 10.1M 4m22s
 28500K .......... .......... .......... .......... ..........  3% 16.4M 4m22s
 28550K .......... .......... .......... .......... ..........  3% 3.71M 4m22s
 28600K .......... .......... .......... .......... ..........  3% 1.12M 4m23s
 28650K .......... .......... .......... .......... ..........  3% 1.51M 4m23s
 28700K .......... .......... .......... .......... ..........  3% 4.24M 4m23s
 28750K .......... .......... .......... .......... ..........  3% 5.57M 4m23s
 28800K .......... .......... .......... .......... ..........  3% 4.32M 4m23s
 28850K .......... .......... .......... .......... ..........  3% 2.37M 4m23s
 28900K .......... .......... .......... .......... ..........  3% 3.53M 4m23s
 28950K .......... .......... .......... .......... ..........  3% 8.33M 4m23s
 29000K .......... .......... .......... .......... ..........  3%  413K 4m26s
 29050K .......... .......... .......... .......... ..........  3% 2.02M 4m26s
 29100K .......... .......... .......... .......... ..........  3% 2.82M 4m27s
 29150K .......... .......... .......... .......... ..........  3% 11.4M 4m26s
 29200K .......... .......... .......... .......... ..........  3% 2.43M 4m26s
 29250K .......... .......... .......... .......... ..........  3% 6.29M 4m26s
 29300K .......... .......... .......... .......... ..........  3% 6.65M 4m26s
 29350K .......... .......... .......... .......... ..........  3%  461K 4m29s
 29400K .......... .......... .......... .......... ..........  3% 4.03M 4m29s
 29450K .......... .......... .......... ........