WARNING: timestamping does nothing in combination with -O. See the manual
for details.

--2021-04-07 06:14:49--  https://ftp.ncbi.nlm.nih.gov//genomes/all/GCF/000/001/405/GCF_000001405.39_GRCh38.p13/GCF_000001405.39_GRCh38.p13_genomic.fna.gz
Resolving ftp.ncbi.nlm.nih.gov (ftp.ncbi.nlm.nih.gov)... 130.14.250.7, 130.14.250.10
Connecting to ftp.ncbi.nlm.nih.gov (ftp.ncbi.nlm.nih.gov)|130.14.250.7|:443... connected.
HTTP request sent, awaiting response... 200 OK
Length: 964894122 (920M) [application/x-gzip]
Saving to: ‘/Users/kqrw311/snpEff/download/ncbi/GRCh38.p13/GCF_000001405.39_GRCh38.p13_genomic.fna.gz’

     0K .......... .......... .......... .......... ..........  0%  117K 2h13m
    50K .......... .......... .......... .......... ..........  0%  595K 80m10s
   100K .......... .......... .......... .......... ..........  0% 12.0M 53m52s
   150K .......... .......... .......... .......... ..........  0% 2.75M 41m47s
   200K .......... .......... .......... .......... ..........  0%  341K 42m38s
   250K .......... .......... .......... .......... ..........  0% 4.41M 36m6s
   300K .......... .......... .......... .......... ..........  0% 8.70M 31m12s
   350K .......... .......... .......... .......... ..........  0% 6.93M 27m34s
   400K .......... .......... .......... .......... ..........  0% 4.84M 24m51s
   450K .......... .......... .......... .......... ..........  0%  442K 25m55s
   500K .......... .......... .......... .......... ..........  0% 67.4M 23m35s
   550K .......... .......... .......... .......... ..........  0% 5.31M 21m51s
   600K .......... .......... .......... .......... ..........  0% 13.9M 20m16s
   650K .......... .......... .......... .......... ..........  0%  568K 20m47s
   700K .......... .......... .......... .......... ..........  0% 13.7M 19m28s
   750K .......... .......... .......... .......... ..........  0% 11.9M 18m20s
   800K .......... .......... .......... .......... ..........  0% 4.99M 17m26s
   850K .......... .......... .......... .......... ..........  0% 1.56M 17m1s
   900K .......... .......... .......... .......... ..........  0% 2.12M 16m30s
   950K .......... .......... .......... .......... ..........  0% 5.88M 15m48s
  1000K .......... .......... .......... .......... ..........  0% 6.84M 15m9s
  1050K .......... .......... .......... .......... ..........  0% 8.18M 14m33s
  1100K .......... .......... .......... .......... ..........  0%  472K 15m22s
  1150K .......... .......... .......... .......... ..........  0% 11.3M 14m47s
  1200K .......... .......... .......... .......... ..........  0% 8.20M 14m16s
  1250K .......... .......... .......... .......... ..........  0% 2.54M 13m56s
  1300K .......... .......... .......... .......... ..........  0% 36.7M 13m26s
  1350K .......... .......... .......... .......... ..........  0% 10.8M 13m1s
  1400K .......... .......... .......... .......... ..........  0% 10.1M 12m37s
  1450K .......... .......... .......... .......... ..........  0% 10.3M 12m14s
  1500K .......... .......... .......... .......... ..........  0% 7.66M 11m55s
  1550K .......... .......... .......... .......... ..........  0% 10.8M 11m35s
  1600K .......... .......... .......... .......... ..........  0%  466K 12m15s
  1650K .......... .......... .......... .......... ..........  0% 10.5M 11m56s
  1700K .......... .......... .......... .......... ..........  0% 7.61M 11m39s
  1750K .......... .......... .......... .......... ..........  0% 17.1M 11m21s
  1800K .......... .......... .......... .......... ..........  0% 10.3M 11m5s
  1850K .......... .......... .......... .......... ..........  0% 11.3M 10m49s
  1900K .......... .......... .......... .......... ..........  0% 10.8M 10m35s
  1950K .......... .......... .......... .......... ..........  0% 11.1M 10m21s
  2000K .......... .......... .......... .......... ..........  0% 5.54M 10m10s
  2050K .......... .......... .......... .......... ..........  0% 10.9M 9m57s
  2100K .......... .......... .......... .......... ..........  0% 5.28M 9m48s
  2150K .......... .......... .......... .......... ..........  0% 20.0M 9m35s
  2200K .......... .......... .......... .......... ..........  0%  159K 11m34s
  2250K .......... .......... .......... .......... ..........  0%  755K 11m46s
  2300K .......... .......... .......... .......... ..........  0% 7.35M 11m33s
  2350K .......... .......... .......... .......... ..........  0% 7.72M 11m21s
  2400K .......... .......... .......... .......... ..........  0% 7.72M 11m10s
  2450K .......... .......... .......... .......... ..........  0%  130M 10m57s
  2500K .......... .......... .......... .......... ..........  0%  127M 10m44s
  2550K .......... .......... .......... .......... ..........  0%  122M 10m32s
  2600K .......... .......... .......... .......... ..........  0%  115M 10m20s
  2650K .......... .......... .......... .......... ..........  0%  135M 10m8s
  2700K .......... .......... .......... .......... ..........  0%  115M 9m57s
  2750K .......... .......... .......... .......... ..........  0%  128M 9m47s
  2800K .......... .......... .......... .......... ..........  0%  139M 9m37s
  2850K .......... .......... .......... .......... ..........  0%  216M 9m27s
  2900K .......... .......... .......... .......... ..........  0%  207M 9m17s
  2950K .......... .......... .......... .......... ..........  0%  223M 9m8s
  3000K .......... .......... .......... .......... ..........  0%  201M 8m59s
  3050K .......... .......... .......... .......... ..........  0%  220M 8m50s
  3100K .......... .......... .......... .......... ..........  0%  218M 8m42s
  3150K .......... .......... .......... .......... ..........  0% 15.7M 8m35s
  3200K .......... .......... .......... .......... ..........  0% 7.36M 8m29s
  3250K .......... .......... .......... .......... ..........  0% 11.3M 8m22s
  3300K .......... .......... .......... .......... ..........  0% 8.53M 8m16s
  3350K .......... .......... .......... .......... ..........  0% 10.7M 8m10s
  3400K .......... .......... .......... .......... ..........  0% 4.30M 8m6s
  3450K .......... .......... .......... .......... ..........  0% 7.71M 8m1s
  3500K .......... .......... .......... .......... ..........  0% 12.5M 7m55s
  3550K .......... .......... .......... .......... ..........  0%  475K 8m16s
  3600K .......... .......... .......... .......... ..........  0% 12.0M 8m10s
  3650K .......... .......... .......... .......... ..........  0% 3.65M 8m7s
  3700K .......... .......... .......... .......... ..........  0% 13.1M 8m1s
  3750K .......... .......... .......... .......... ..........  0% 22.7M 7m56s
  3800K .......... .......... .......... .......... ..........  0% 12.5M 7m50s
  3850K .......... .......... .......... .......... ..........  0% 12.0M 7m45s
  3900K .......... .......... .......... .......... ..........  0% 4.52M 7m42s
  3950K .......... .......... .......... .......... ..........  0% 18.1M 7m37s
  4000K .......... .......... .......... .......... ..........  0% 2.83M 7m35s
  4050K .......... .......... .......... .......... ..........  0% 16.3M 7m30s
  4100K .......... .......... .......... .......... ..........  0% 15.9M 7m25s
  4150K .......... .......... .......... .......... ..........  0% 11.8M 7m21s
  4200K .......... .......... .......... .......... ..........  0% 5.91M 7m18s
  4250K .......... .......... .......... .......... ..........  0% 13.2M 7m13s
  4300K .......... .......... .......... .......... ..........  0% 8.89M 7m9s
  4350K .......... .......... .......... .......... ..........  0% 4.74M 7m7s
  4400K .......... .......... .......... .......... ..........  0%  339K 7m33s
  4450K .......... .......... .......... .......... ..........  0% 4.84M 7m30s
  4500K .......... .......... .......... .......... ..........  0%  126M 7m25s
  4550K .......... .......... .......... .......... ..........  0% 17.2M 7m21s
  4600K .......... .......... .......... .......... ..........  0% 5.83M 7m18s
  4650K .......... .......... .......... .......... ..........  0% 5.38M 7m15s
  4700K .......... .......... .......... .......... ..........  0% 61.4M 7m11s
  4750K .......... .......... .......... .......... ..........  0% 42.6M 7m6s
  4800K .......... .......... .......... .......... ..........  0% 8.68M 7m3s
  4850K .......... .......... .......... .......... ..........  0% 10.8M 6m59s
  4900K .......... .......... .......... .......... ..........  0% 4.31M 6m57s
  4950K .......... .......... .......... .......... ..........  0% 41.3M 6m53s
  5000K .......... .......... .......... .......... ..........  0% 5.45M 6m51s
  5050K .......... .......... .......... .......... ..........  0% 57.9M 6m47s
  5100K .......... .......... .......... .......... ..........  0% 4.84M 6m45s
  5150K .......... .......... .......... .......... ..........  0% 21.7M 6m41s
  5200K .......... .......... .......... .......... ..........  0% 1.61M 6m43s
  5250K .......... .......... .......... .......... ..........  0%  634K 6m53s
  5300K .......... .......... .......... .......... ..........  0% 47.9M 6m49s
  5350K .......... .......... .......... .......... ..........  0% 3.43M 6m48s
  5400K .......... .......... .......... .......... ..........  0%  119M 6m44s
  5450K .......... .......... .......... .......... ..........  0% 12.4M 6m41s
  5500K .......... .......... .......... .......... ..........  0% 10.5M 6m38s
  5550K .......... .......... .......... .......... ..........  0% 6.37M 6m36s
  5600K .......... .......... .......... .......... ..........  0% 4.50M 6m34s
  5650K .......... .......... .......... .......... ..........  0% 5.20M 6m32s
  5700K .......... .......... .......... .......... ..........  0% 7.00M 6m30s
  5750K .......... .......... .......... .......... ..........  0% 5.64M 6m28s
  5800K .......... .......... .......... .......... ..........  0% 12.9M 6m25s
  5850K .......... .......... .......... .......... ..........  0% 6.68M 6m23s
  5900K .......... .......... .......... .......... ..........  0% 25.0M 6m20s
  5950K .......... .......... .......... .......... ..........  0% 11.9M 6m18s
  6000K .......... .......... .......... .......... ..........  0% 3.66M 6m17s
  6050K .......... .......... .......... .......... ..........  0% 1.33M 6m19s
  6100K .......... .......... .......... .......... ..........  0% 9.59M 6m17s
  6150K .......... .......... .......... .......... ..........  0%  726K 6m24s
  6200K .......... .......... .......... .......... ..........  0% 27.4M 6m22s
  6250K .......... .......... .......... .......... ..........  0% 7.91M 6m19s
  6300K .......... .......... .......... .......... ..........  0% 8.78M 6m17s
  6350K .......... .......... .......... .......... ..........  0% 4.39M 6m16s
  6400K .......... .......... .......... .......... ..........  0% 41.2M 6m13s
  6450K .......... .......... .......... .......... ..........  0% 9.58M 6m11s
  6500K .......... .......... .......... .......... ..........  0% 13.1M 6m9s
  6550K .......... .......... .......... .......... ..........  0% 6.82M 6m7s
  6600K .......... .......... .......... .......... ..........  0%  203M 6m4s
  6650K .......... .......... .......... .......... ..........  0% 12.6M 6m2s
  6700K .......... .......... .......... .......... ..........  0% 17.4M 6m0s
  6750K .......... .......... .......... .......... ..........  0% 17.5M 5m57s
  6800K .......... .......... .......... .......... ..........  0% 3.09M 5m57s
  6850K .......... .......... .......... .......... ..........  0% 27.8M 5m54s
  6900K .......... .......... .......... .......... ..........  0% 6.93M 5m53s
  6950K .......... .......... .......... .......... ..........  0%  916K 5m58s
  7000K .......... .......... .......... .......... ..........  0%  876K 6m3s
  7050K .......... .......... .......... .......... ..........  0% 5.99M 6m1s
  7100K .......... .......... .......... .......... ..........  0% 28.9M 5m59s
  7150K .......... .......... .......... .......... ..........  0% 52.1M 5m56s
  7200K .......... .......... .......... .......... ..........  0% 13.2M 5m54s
  7250K .......... .......... .......... .......... ..........  0% 20.2M 5m52s
  7300K .......... .......... .......... .......... ..........  0% 20.1M 5m50s
  7350K .......... .......... .......... .......... ..........  0% 8.37M 5m48s
  7400K .......... .......... .......... .......... ..........  0% 10.5M 5m47s
  7450K .......... .......... .......... .......... ..........  0% 20.1M 5m45s
  7500K .......... .......... .......... .......... ..........  0% 17.3M 5m43s
  7550K .......... .......... .......... .......... ..........  0% 7.64M 5m41s
  7600K .......... .......... .......... .......... ..........  0% 28.7M 5m39s
  7650K .......... .......... .......... .......... ..........  0% 5.58M 5m38s
  7700K .......... .......... .......... .......... ..........  0% 10.6M 5m36s
  7750K .......... .......... .......... .......... ..........  0% 14.5M 5m35s
  7800K .......... .......... .......... .......... ..........  0%  571K 5m43s
  7850K .......... .......... .......... .......... ..........  0% 1.76M 5m44s
  7900K .......... .......... .......... .......... ..........  0%  947K 5m48s
  7950K .......... .......... .......... .......... ..........  0%  111M 5m46s
  8000K .......... .......... .......... .......... ..........  0% 6.57M 5m45s
  8050K .......... .......... .......... .......... ..........  0% 7.14M 5m43s
  8100K .......... .......... .......... .......... ..........  0% 16.5M 5m41s
  8150K .......... .......... .......... .......... ..........  0% 23.6M 5m40s
  8200K .......... .......... .......... .......... ..........  0% 8.03M 5m38s
  8250K .......... .......... .......... .......... ..........  0%  206M 5m36s
  8300K .......... .......... .......... .......... ..........  0% 8.21M 5m35s
  8350K .......... .......... .......... .......... ..........  0%  163M 5m33s
  8400K .......... .......... .......... .......... ..........  0% 5.47M 5m32s
  8450K .......... .......... .......... .......... ..........  0% 56.0M 5m30s
  8500K .......... .......... .......... .......... ..........  0% 16.3M 5m28s
  8550K .......... .......... .......... .......... ..........  0% 20.6M 5m27s
  8600K .......... .......... .......... .......... ..........  0% 9.57M 5m25s
  8650K .......... .......... .......... .......... ..........  0%  310K 5m41s
  8700K .......... .......... .......... .......... ..........  0%  136M 5m39s
  8750K .......... .......... .......... .......... ..........  0%  415K 5m50s
  8800K .......... .......... .......... .......... ..........  0% 6.30M 5m48s
  8850K .......... .......... .......... .......... ..........  0% 9.98M 5m47s
  8900K .......... .......... .......... .......... ..........  0% 11.3M 5m45s
  8950K .......... .......... .......... .......... ..........  0% 11.0M 5m44s
  9000K .......... .......... .......... .......... ..........  0% 7.60M 5m43s
  9050K .......... .......... .......... .......... ..........  0% 11.0M 5m41s
  9100K .......... .......... .......... .......... ..........  0% 11.0M 5m40s
  9150K .......... .......... .......... .......... ..........  0% 10.9M 5m38s
  9200K .......... .......... .......... .......... ..........  0% 4.01M 5m38s
  9250K .......... .......... .......... .......... ..........  0% 52.7M 5m36s
  9300K .......... .......... .......... .......... ..........  0% 9.15M 5m35s
  9350K .......... .......... .......... .......... ..........  0% 13.0M 5m33s
  9400K .......... .......... .......... .......... ..........  1% 11.6M 5m32s
  9450K .......... .......... .......... .......... ..........  1% 5.88M 5m31s
  9500K .......... .......... .......... .......... ..........  1% 7.51M 5m30s
  9550K .......... .......... .......... .......... ..........  1%  494K 5m38s
  9600K .......... .......... .......... .......... ..........  1%  855K 5m42s
  9650K .......... .......... .......... .......... ..........  1% 10.7M 5m41s
  9700K .......... .......... .......... .......... ..........  1% 7.37M 5m39s
  9750K .......... .......... .......... .......... ..........  1% 7.62M 5m38s
  9800K .......... .......... .......... .......... ..........  1% 3.73M 5m38s
  9850K .......... .......... .......... .......... ..........  1% 6.57M 5m37s
  9900K .......... .......... .......... .......... ..........  1% 12.0M 5m35s
  9950K .......... .......... .......... .......... ..........  1% 10.3M 5m34s
 10000K .......... .......... .......... .......... ..........  1% 3.73M 5m34s
 10050K .......... .......... .......... .......... ..........  1% 6.72M 5m33s
 10100K .......... .......... .......... .......... ..........  1% 9.72M 5m32s
 10150K .......... .......... .......... .......... ..........  1% 3.37M 5m31s
 10200K .......... .......... .......... .......... ..........  1% 13.1M 5m30s
 10250K .......... .......... .......... .......... ..........  1% 2.76M 5m30s
 10300K .......... .......... .......... .......... ..........  1% 13.7M 5m29s
 10350K .......... .......... .......... .......... ..........  1% 9.26M 5m28s
 10400K .......... .......... .......... .......... ..........  1%  378K 5m38s
 10450K .......... .......... .......... .......... ..........  1%  141M 5m36s
 10500K .......... .......... .......... .......... ..........  1% 36.8M 5m35s
 10550K .......... .......... .......... .......... ..........  1% 19.5M 5m33s
 10600K .......... .......... .......... .......... ..........  1% 4.06M 5m33s
 10650K .......... .......... .......... .......... ..........  1% 5.68M 5m32s
 10700K .......... .......... .......... .......... ..........  1% 8.88M 5m31s
 10750K .......... .......... .......... .......... ..........  1% 5.77M 5m30s
 10800K .......... .......... .......... .......... ..........  1% 2.59M 5m30s
 10850K .......... .......... .......... .......... ..........  1% 5.99M 5m29s
 10900K .......... .......... .......... .......... ..........  1% 4.70M 5m29s
 10950K .......... .......... .......... .......... ..........  1% 92.5M 5m27s
 11000K .......... .......... .......... .......... ..........  1% 13.4M 5m26s
 11050K .......... .......... .......... .......... ..........  1% 17.9M 5m25s
 11100K .......... .......... .......... .......... ..........  1% 11.9M 5m24s
 11150K .......... .......... .......... .......... ..........  1%  219K 5m41s
 11200K .......... .......... .......... .......... ..........  1%  383K 5m50s
 11250K .......... .......... .......... .......... ..........  1% 98.4M 5m49s
 11300K .......... .......... .......... .......... ..........  1%  131M 5m47s
 11350K .......... .......... .......... .......... ..........  1%  147M 5m46s
 11400K .......... .......... .......... .......... ..........  1%  105M 5m44s
 11450K .......... .......... .......... .......... ..........  1%  134M 5m43s
 11500K .......... .......... .......... .......... ..........  1%  178M 5m41s
 11550K .......... .......... .......... .......... ..........  1%  144M 5m40s
 11600K .......... .......... .......... .......... ..........  1%  108M 5m38s
 11650K .......... .......... .......... .......... ..........  1%  149M 5m37s
 11700K .......... .......... .......... .......... ..........  1%  153M 5m36s
 11750K .......... .......... .......... .......... ..........  1%  184M 5m34s
 11800K .......... .......... .......... .......... ..........  1%  195M 5m33s
 11850K .......... .......... .......... .......... ..........  1%  215M 5m31s
 11900K .......... .......... .......... .......... ..........  1%  229M 5m30s
 11950K .......... .......... .......... .......... ..........  1%  234M 5m29s
 12000K .......... .......... .......... .......... ..........  1%  185M 5m27s
 12050K .......... .......... .......... .......... ..........  1%  599K 5m32s
 12100K .......... .......... .......... .......... ..........  1% 13.0M 5m31s
 12150K .......... .......... .......... .......... ..........  1% 2.90M 5m31s
 12200K .......... .......... .......... .......... ..........  1% 1.69M 5m32s
 12250K .......... .......... .......... .......... ..........  1% 8.86M 5m31s
 12300K .......... .......... .......... .......... ..........  1% 17.1M 5m30s
 12350K .......... .......... .......... .......... ..........  1% 1.01M 5m32s
 12400K .......... .......... .......... .......... ..........  1% 1.36M 5m33s
 12450K .......... .......... .......... .......... ..........  1% 17.2M 5m32s
 12500K .......... .......... .......... .......... ..........  1% 12.9M 5m31s
 12550K .......... .......... .......... .......... ..........  1% 8.65M 5m30s
 12600K .......... .......... .......... .......... ..........  1% 10.7M 5m29s
 12650K .......... .......... .......... .......... ..........  1% 11.4M 5m28s
 12700K .......... .......... .......... .......... ..........  1% 2.44M 5m28s
 12750K .......... .......... .......... .......... ..........  1% 58.3M 5m27s
 12800K .......... .......... .......... .......... ..........  1%  239K 5m41s
 12850K .......... .......... .......... .......... ..........  1% 12.6M 5m40s
 12900K .......... .......... .......... .......... ..........  1% 6.46M 5m39s
 12950K .......... .......... .......... .......... ..........  1% 70.3M 5m38s
 13000K .......... .......... .......... .......... ..........  1% 9.05M 5m37s
 13050K .......... .......... .......... .......... ..........  1% 13.5M 5m36s
 13100K .......... .......... .......... .......... ..........  1% 14.8M 5m35s
 13150K .......... .......... .......... .......... ..........  1% 6.46M 5m34s
 13200K .......... .......... .......... .......... ..........  1% 7.57M 5m33s
 13250K .......... .......... .......... .......... ..........  1%  299K 5m44s
 13300K .......... .......... .......... .......... ..........  1% 7.69M 5m43s
 13350K .......... .......... .......... .......... ..........  1% 54.1M 5m42s
 13400K .......... .......... .......... .......... ..........  1% 3.23M 5m41s
 13450K .......... .......... .......... .......... ..........  1% 8.43M 5m40s
 13500K .......... .......... .......... .......... ..........  1% 26.9M 5m39s
 13550K .......... .......... .......... .......... ..........  1% 14.0M 5m38s
 13600K .......... .......... .......... .......... ..........  1% 1.39M 5m39s
 13650K .......... .......... .......... .......... ..........  1% 7.54M 5m39s
 13700K .......... .......... .......... .......... ..........  1%  288K 5m49s
 13750K .......... .......... .......... .......... ..........  1% 14.9M 5m48s
 13800K .......... .......... .......... .......... ..........  1% 8.21M 5m47s
 13850K .......... .......... .......... .......... ..........  1% 1.90M 5m48s
 13900K .......... .......... .......... .......... ..........  1% 5.06M 5m47s
 13950K .......... .......... .......... .......... ..........  1% 24.0M 5m46s
 14000K .......... .......... .......... .......... ..........  1% 6.03M 5m45s
 14050K .......... .......... .......... .......... ..........  1% 8.30M 5m44s
 14100K .......... .......... .......... .......... ..........  1% 4.96M 5m44s
 14150K .......... .......... .......... .......... ..........  1%  523K 5m49s
 14200K .......... .......... .......... .......... ..........  1% 10.9M 5m48s
 14250K .......... .......... .......... .......... ..........  1% 9.47M 5m47s
 14300K .......... .......... .......... .......... ..........  1% 4.10M 5m46s
 14350K .......... .......... .......... .......... ..........  1% 10.8M 5m46s
 14400K .......... .......... .......... .......... ..........  1% 2.52M 5m46s
 14450K .......... .......... .......... .......... ..........  1% 52.6M 5m44s
 14500K .......... .......... .......... .......... ..........  1% 2.46M 5m44s
 14550K .......... .......... .......... .......... ..........  1% 2.40M 5m45s
 14600K .......... .......... .......... .......... ..........  1%  584K 5m49s
 14650K .......... .......... .......... .......... ..........  1% 27.4M 5m48s
 14700K .......... .......... .......... .......... ..........  1% 2.94M 5m48s
 14750K .......... .......... .......... .......... ..........  1% 90.8M 5m46s
 14800K .......... .......... .......... .......... ..........  1% 7.87M 5m46s
 14850K .......... .......... .......... .......... ..........  1% 1.07M 5m47s
 14900K .......... .......... .......... .......... ..........  1% 2.98M 5m47s
 14950K .......... .......... .......... .......... ..........  1% 4.04M 5m47s
 15000K .......... .......... .......... .......... ..........  1% 4.12M 5m46s
 15050K .......... .......... .......... .......... ..........  1% 1.97M 5m47s
 15100K .......... .......... .......... .......... ..........  1% 2.81M 5m46s
 15150K .......... .......... .......... .......... ..........  1% 15.1M 5m45s
 15200K .......... .......... .......... .......... ..........  1% 2.83M 5m45s
 15250K .......... .......... .......... .......... ..........  1% 1.42M 5m46s
 15300K .......... .......... .......... .......... ..........  1% 4.65M 5m46s
 15350K .......... .......... .......... .......... ..........  1% 19.6M 5m45s
 15400K .......... .......... .......... .......... ..........  1% 3.07M 5m45s
 15450K .......... .......... .......... .......... ..........  1% 7.52M 5m44s
 15500K .......... .......... .......... .......... ..........  1% 1.12M 5m45s
 15550K .......... .......... .......... .......... ..........  1% 6.99M 5m45s
 15600K .......... .......... .......... .......... ..........  1% 6.38M 5m44s
 15650K .......... .......... .......... .......... ..........  1% 9.56M 5m43s
 15700K .......... .......... .......... .......... ..........  1%  477K 5m48s
 15750K .......... .......... .......... .......... ..........  1% 6.24M 5m48s
 15800K .......... .......... .......... .......... ..........  1% 3.75M 5m47s
 15850K .......... .......... .......... .......... ..........  1% 10.5M 5m46s
 15900K .......... .......... .......... .......... ..........  1% 3.71M 5m46s
 15950K .......... .......... .......... .......... ..........  1% 6.41M 5m45s
 16000K .......... .......... .......... .......... ..........  1%  475K 5m50s
 16050K .......... .......... .......... .......... ..........  1%  550K 5m54s
 16100K .......... .......... .......... .......... ..........  1% 34.2M 5m53s
 16150K .......... .......... .......... .......... ..........  1% 12.8M 5m53s
 16200K .......... .......... .......... .......... ..........  1%  102M 5m51s
 16250K .......... .......... .......... .......... ..........  1%  162M 5m50s
 16300K .......... .......... .......... .......... ..........  1%  171M 5m49s
 16350K .......... .......... .......... .......... ..........  1% 7.54M 5m49s
 16400K .......... .......... .......... .......... ..........  1% 82.8M 5m48s
 16450K .......... .......... .......... .......... ..........  1%  163M 5m47s
 16500K .......... .......... .......... .......... ..........  1% 12.8M 5m46s
 16550K .......... .......... .......... .......... ..........  1% 7.61M 5m45s
 16600K .......... .......... .......... .......... ..........  1%  408K 5m51s
 16650K .......... .......... .......... .......... ..........  1% 2.47M 5m51s
 16700K .......... .......... .......... .......... ..........  1% 1.92M 5m51s
 16750K .......... .......... .......... .......... ..........  1%  203M 5m50s
 16800K .......... .......... .......... .......... ..........  1% 2.01M 5m50s
 16850K .......... .......... .......... .......... ..........  1% 2.44M 5m50s
 16900K .......... .......... .......... .......... ..........  1% 2.64M 5m50s
 16950K .......... .......... .......... .......... ..........  1% 11.4M 5m49s
 17000K .......... .......... .......... .......... ..........  1% 1006K 5m51s
 17050K .......... .......... .......... .......... ..........  1% 1.23M 5m52s
 17100K .......... .......... .......... .......... ..........  1% 9.75M 5m51s
 17150K .......... .......... .......... .......... ..........  1% 6.63M 5m51s
 17200K .......... .......... .......... .......... ..........  1% 2.23M 5m51s
 17250K .......... .......... .......... .......... ..........  1% 3.34M 5m51s
 17300K .......... .......... .......... .......... ..........  1% 1.92M 5m51s
 17350K .......... .......... .......... .......... ..........  1% 8.97M 5m50s
 17400K .......... .......... .......... .......... ..........  1% 5.12M 5m50s
 17450K .......... .......... .......... .......... ..........  1% 1.88M 5m50s
 17500K .......... .......... .......... .......... ..........  1% 1.76M 5m51s
 17550K .......... .......... .......... .......... ..........  1% 11.0M 5m50s
 17600K .......... .......... .......... .......... ..........  1% 7.11M 5m49s
 17650K .......... .......... .......... .......... ..........  1%  608K 5m52s
 17700K .......... .......... .......... .......... ..........  1% 5.38M 5m52s
 17750K .......... .......... .......... .......... ..........  1% 9.53M 5m51s
 17800K .......... .......... .......... .......... ..........  1% 11.9M 5m50s
 17850K .......... .......... .......... .......... ..........  1% 10.4M 5m50s
 17900K .......... .......... .......... .......... ..........  1%  422K 5m55s
 17950K .......... .......... .......... .......... ..........  1% 10.2M 5m54s
 18000K .......... .......... .......... .......... ..........  1% 5.28M 5m53s
 18050K .......... .......... .......... .......... ..........  1% 7.90M 5m53s
 18100K .......... .......... .......... .......... ..........  1% 1022K 5m54s
 18150K .......... .......... .......... .......... ..........  1% 10.3M 5m54s
 18200K .......... .......... .......... .......... ..........  1% 10.8M 5m53s
 18250K .......... .......... .......... .......... ..........  1% 11.2M 5m52s
 18300K .......... .......... .......... .......... ..........  1% 10.2M 5m51s
 18350K .......... .......... .......... .......... ..........  1%  907K 5m53s
 18400K .......... .......... .......... .......... ..........  1% 5.05M 5m53s
 18450K .......... .......... .......... .......... ..........  1% 6.85M 5m52s
 18500K .......... .......... .......... .......... ..........  1% 3.85M 5m52s
 18550K .......... .......... .......... .......... ..........  1% 3.09M 5m51s
 18600K .......... .......... .......... .......... ..........  1%  547K 5m55s
 18650K .......... .......... .......... .......... ..........  1% 6.27M 5m54s
 18700K .......... .......... .......... .......... ..........  1% 6.26M 5m54s
 18750K .......... .......... .......... .......... ..........  1% 6.74M 5m53s
 18800K .......... .......... .......... .......... ..........  2%  739K 5m56s
 18850K .......... .......... .......... .......... ..........  2% 4.58M 5m55s
 18900K .......... .......... .......... .......... ..........  2% 11.3M 5m54s
 18950K .......... .......... .......... .......... ..........  2% 8.63M 5m54s
 19000K .......... .......... .......... .......... ..........  2% 3.90M 5m53s
 19050K .......... .......... .......... .......... ..........  2% 1.52M 5m54s
 19100K .......... .......... .......... .......... ..........  2% 53.4M 5m53s
 19150K .......... .......... .......... .......... ..........  2% 8.35M 5m52s
 19200K .......... .......... .......... .......... ..........  2% 5.61M 5m52s
 19250K .......... .......... .......... .......... ..........  2% 5.17M 5m51s
 19300K .......... .......... .......... .......... ..........  2% 1.07M 5m53s
 19350K .......... .......... .......... .......... ..........  2% 3.79M 5m52s
 19400K .......... .......... .......... .......... ..........  2% 9.28M 5m52s
 19450K .......... .......... .......... .......... ..........  2% 84.0M 5m51s
 19500K .......... .......... .......... .......... ..........  2% 2.87M 5m51s
 19550K .......... .......... .......... .......... ..........  2% 1.01M 5m52s
 19600K .......... .......... .......... .......... ..........  2% 3.42M 5m52s
 19650K .......... .......... .......... .......... ..........  2% 7.80M 5m51s
 19700K .......... .......... .......... .......... ..........  2% 12.7M 5m50s
 19750K .......... .......... .......... .......... ..........  2%  852K 5m52s
 19800K .......... .......... .......... .......... ..........  2% 10.8M 5m52s
 19850K .......... .......... .......... .......... ..........  2% 3.91M 5m51s
 19900K .......... .......... .......... .......... ..........  2% 33.5M 5m50s
 19950K .......... .......... .......... .......... ..........  2% 13.0M 5m50s
 20000K .......... .......... .......... .......... ..........  2%  577K 5m53s
 20050K .......... .......... .......... .......... ..........  2% 7.49M 5m52s
 20100K .......... .......... .......... .......... ..........  2% 17.6M 5m51s
 20150K .......... .......... .......... .......... ..........  2% 4.54M 5m51s
 20200K .......... .......... .......... .......... ..........  2% 19.5M 5m50s
 20250K .......... .......... .......... .......... ..........  2%  596K 5m53s
 20300K .......... .......... .......... .......... ..........  2% 37.2M 5m52s
 20350K .......... .......... .......... .......... ..........  2% 4.54M 5m52s
 20400K .......... .......... .......... .......... ..........  2%  129M 5m51s
 20450K .......... .......... .......... .......... ..........  2% 1.05M 5m52s
 20500K .......... .......... .......... .......... ..........  2% 9.12M 5m52s
 20550K .......... .......... .......... .......... ..........  2% 59.6M 5m51s
 20600K .......... .......... .......... .......... ..........  2%  755K 5m53s
 20650K .......... .......... .......... .......... ..........  2% 3.19M 5m53s
 20700K .......... .......... .......... .......... ..........  2% 6.28M 5m52s
 20750K .......... .......... .......... .......... ..........  2% 3.08M 5m52s
 20800K .......... .......... .......... .......... ..........  2% 1.54M 5m53s
 20850K .......... .......... .......... .......... ..........  2% 1.48M 5m53s
 20900K .......... .......... .......... .......... ..........  2% 56.2M 5m52s
 20950K .......... .......... .......... .......... ..........  2% 7.84M 5m52s
 21000K .......... .......... .......... .......... ..........  2% 72.6M 5m51s
 21050K .......... .......... .......... .......... ..........  2% 1.22M 5m52s
 21100K .......... .......... .......... .......... ..........  2% 29.2M 5m51s
 21150K .......... .......... .......... .......... ..........  2% 1.21M 5m52s
 21200K .......... .......... .......... .......... ..........  2% 1.11M 5m53s
 21250K .......... .......... .......... .......... ..........  2% 88.0M 5m52s
 21300K .......... .......... .......... .......... ..........  2%  576K 5m55s
 21350K .......... .......... .......... .......... ..........  2% 8.80M 5m54s
 21400K .......... .......... .......... .......... ..........  2% 14.5M 5m54s
 21450K .......... .......... .......... .......... ..........  2% 2.61M 5m54s
 21500K .......... .......... .......... .......... ..........  2% 5.96M 5m53s
 21550K .......... .......... .......... .......... ..........  2% 1.60M 5m54s
 21600K .......... .......... .......... .......... ..........  2% 7.13M 5m53s
 21650K .......... .......... .......... .......... ..........  2% 1.12M 5m54s
 21700K .......... .......... .......... .......... ..........  2% 58.1M 5m53s
 21750K .......... .......... .......... .......... ..........  2% 6.24M 5m53s
 21800K .......... .......... .......... .......... ..........  2% 1.96M 5m53s
 21850K .......... .......... .......... .......... ..........  2% 18.6M 5m52s
 21900K .......... .......... .......... .......... ..........  2% 20.5M 5m52s
 21950K .......... .......... .......... .......... ..........  2% 2.77M 5m52s
 22000K .......... .......... .......... .......... ..........  2% 2.77M 5m52s
 22050K .......... .......... .......... .......... ..........  2% 2.04M 5m52s
 22100K .......... .......... .......... .......... ..........  2% 63.6M 5m51s
 22150K .......... .......... .......... .......... ..........  2% 2.62M 5m51s
 22200K .......... .......... .......... .......... ..........  2% 19.4M 5m50s
 22250K .......... .......... .......... .......... ..........  2% 34.9M 5m49s
 22300K .......... .......... .......... .......... ..........  2% 1.83M 5m50s
 22350K .......... .......... .......... .......... ..........  2% 17.3M 5m49s
 22400K .......... .......... .......... .......... ..........  2% 3.16M 5m49s
 22450K .......... .......... .......... .......... ..........  2% 19.5M 5m48s
 22500K .......... .......... .......... .......... ..........  2% 1.02M 5m49s
 22550K .......... .......... .......... .......... ..........  2% 36.6M 5m49s
 22600K .......... .......... .......... .......... ..........  2% 7.85M 5m48s
 22650K .......... .......... .......... .......... ..........  2% 47.8M 5m47s
 22700K .......... .......... .......... .......... ..........  2% 15.6M 5m47s
 22750K .......... .......... .......... .......... ..........  2%  463K 5m50s
 22800K .......... .......... .......... .......... ..........  2% 23.3M 5m50s
 22850K .......... .......... .......... .......... ..........  2% 19.3M 5m49s
 22900K .......... .......... .......... .......... ..........  2% 7.26M 5m48s
 22950K .......... .......... .......... .......... ..........  2% 17.7M 5m48s
 23000K .......... .......... .......... .......... ..........  2%  518K 5m51s
 23050K .......... .......... .......... .......... ..........  2% 29.4M 5m50s
 23100K .......... .......... .......... .......... ..........  2% 13.8M 5m49s
 23150K .......... .......... .......... .......... ..........  2% 12.8M 5m49s
 23200K .......... .......... .......... .......... ..........  2% 5.71M 5m48s
 23250K .......... .......... .......... .......... ..........  2%  962K 5m50s
 23300K .......... .......... .......... .......... ..........  2% 6.40M 5m49s
 23350K .......... .......... .......... .......... ..........  2% 4.96M 5m49s
 23400K .......... .......... .......... .......... ..........  2% 17.5M 5m48s
 23450K .......... .......... .......... .......... ..........  2% 18.0M 5m47s
 23500K .......... .......... .......... .......... ..........  2%  481K 5m51s
 23550K .......... .......... .......... .......... ..........  2% 3.06M 5m51s
 23600K .......... .......... .......... .......... ..........  2% 10.2M 5m50s
 23650K .......... .......... .......... .......... ..........  2% 13.8M 5m49s
 23700K .......... .......... .......... .......... ..........  2% 2.96M 5m49s
 23750K .......... .......... .......... .......... ..........  2%  697K 5m51s
 23800K .......... .......... .......... .......... ..........  2% 4.21M 5m51s
 23850K .......... .......... .......... .......... ..........  2% 6.41M 5m51s
 23900K .......... .......... .......... .......... ..........  2% 99.0M 5m50s
 23950K .......... .......... .......... .......... ..........  2% 2.81M 5m50s
 24000K .......... .......... .......... .......... ..........  2%  425K 5m54s
 24050K .......... .......... .......... .......... ..........  2% 8.36M 5m53s
 24100K .......... .......... .......... .......... ..........  2% 49.3M 5m52s
 24150K .......... .......... .......... .......... ..........  2% 13.1M 5m52s
 24200K .......... .......... .......... .......... ..........  2% 14.4M 5m51s
 24250K .......... .......... .......... .......... ..........  2% 5.73M 5m51s
 24300K .......... .......... .......... .......... ..........  2%  744K 5m52s
 24350K .......... .......... .......... .......... ..........  2% 6.42M 5m52s
 24400K .......... .......... .......... .......... ..........  2% 14.0M 5m51s
 24450K .......... .......... .......... .......... ..........  2% 4.83M 5m51s
 24500K .......... .......... .......... .......... ..........  2% 14.8M 5m50s
 24550K .......... .......... .......... .......... ..........  2%  312K 5m56s
 24600K .......... .......... .......... .......... ..........  2% 78.6M 5m55s
 24650K .......... .......... .......... .......... ..........  2%  110M 5m54s
 24700K .......... .......... .......... .......... ..........  2%  121M 5m53s
 24750K .......... .......... .......... .......... ..........  2% 54.4M 5m53s
 24800K .......... .......... .......... .......... ..........  2%  776K 5m54s
 24850K .......... .......... .......... .......... ..........  2% 3.37M 5m54s
 24900K .......... .......... .......... .......... ..........  2% 95.6M 5m54s
 24950K .......... .......... .......... .......... ..........  2% 14.4M 5m53s
 25000K .......... .......... .......... .......... ..........  2% 19.8M 5m52s
 25050K .......... .......... .......... .......... ..........  2%  839K 5m54s
 25100K .......... .......... .......... .......... ..........  2% 1.95M 5m54s
 25150K .......... .......... .......... .......... ..........  2% 19.6M 5m53s
 25200K .......... .......... .......... .......... ..........  2% 8.09M 5m53s
 25250K .......... .......... .......... .......... ..........  2% 7.01M 5m52s
 25300K .......... .......... .......... .......... ..........  2% 1.19M 5m53s
 25350K .......... .......... .......... .......... ..........  2% 2.60M 5m53s
 25400K .......... .......... .......... .......... ..........  2% 10.1M 5m53s
 25450K .......... .......... .......... .......... ..........  2% 20.5M 5m52s
 25500K .......... .......... .......... .......... ..........  2% 19.4M 5m51s
 25550K .......... .......... .......... .......... ..........  2% 2.40M 5m51s
 25600K .......... .......... .......... .......... ..........  2% 1.19M 5m52s
 25650K .......... .......... .......... .......... ..........  2% 17.5M 5m51s
 25700K .......... .......... .......... .......... ..........  2% 5.51M 5m51s
 25750K .......... .......... .......... .......... ..........  2% 9.44M 5m51s
 25800K .......... .......... .......... .......... ..........  2% 55.3M 5m50s
 25850K .......... .......... .......... .......... ..........  2% 3.69M 5m50s
 25900K .......... .......... .......... .......... ..........  2%  673K 5m52s
 25950K .......... .......... .......... .......... ..........  2% 2.21M 5m52s
 26000K .......... ......