WARNING: timestamping does nothing in combination with -O. See the manual
for details.

--2021-04-07 06:14:50--  https://ftp.ncbi.nlm.nih.gov//genomes/all/GCF/000/001/405/GCF_000001405.39_GRCh38.p13/GCF_000001405.39_GRCh38.p13_genomic.gtf.gz
Resolving ftp.ncbi.nlm.nih.gov (ftp.ncbi.nlm.nih.gov)... 130.14.250.10, 130.14.250.7
Connecting to ftp.ncbi.nlm.nih.gov (ftp.ncbi.nlm.nih.gov)|130.14.250.10|:443... connected.
HTTP request sent, awaiting response... 200 OK
Length: 44006430 (42M) [application/x-gzip]
Saving to: ‘/Users/kqrw311/snpEff/download/ncbi/GRCh38.p13/GCF_000001405.39_GRCh38.p13_genomic.gtf.gz’

     0K .......... .......... .......... .......... ..........  0%  181K 3m57s
    50K .......... .......... .......... .......... ..........  0%  202K 3m44s
   100K .......... .......... .......... .......... ..........  0% 3.03M 2m34s
   150K .......... .......... .......... .......... ..........  0%  275K 2m34s
   200K .......... .......... .......... .......... ..........  0% 10.9M 2m4s
   250K .......... .......... .......... .......... ..........  0% 10.2M 1m44s
   300K .......... .......... .......... .......... ..........  0%  349K 1m46s
   350K .......... .......... .......... .......... ..........  0% 8.46M 94s
   400K .......... .......... .......... .......... ..........  1% 10.4M 84s
   450K .......... .......... .......... .......... ..........  1% 2.06M 77s
   500K .......... .......... .......... .......... ..........  1%  319K 82s
   550K .......... .......... .......... .......... ..........  1% 2.83M 76s
   600K .......... .......... .......... .......... ..........  1%  940K 74s
   650K .......... .......... .......... .......... ..........  1% 18.4M 69s
   700K .......... .......... .......... .......... ..........  1% 3.01M 65s
   750K .......... .......... .......... .......... ..........  1%  370K 68s
   800K .......... .......... .......... .......... ..........  1% 5.25M 64s
   850K .......... .......... .......... .......... ..........  2% 5.89M 61s
   900K .......... .......... .......... .......... ..........  2% 29.6M 58s
   950K .......... .......... .......... .......... ..........  2% 5.01M 55s
  1000K .......... .......... .......... .......... ..........  2% 74.3M 53s
  1050K .......... .......... .......... .......... ..........  2% 10.1M 50s
  1100K .......... .......... .......... .......... ..........  2% 11.8M 48s
  1150K .......... .......... .......... .......... ..........  2%  368K 51s
  1200K .......... .......... .......... .......... ..........  2% 5.54M 49s
  1250K .......... .......... .......... .......... ..........  3% 1.49M 48s
  1300K .......... .......... .......... .......... ..........  3% 4.42M 47s
  1350K .......... .......... .......... .......... ..........  3% 79.5M 45s
  1400K .......... .......... .......... .......... ..........  3% 9.04M 44s
  1450K .......... .......... .......... .......... ..........  3% 7.31M 42s
  1500K .......... .......... .......... .......... ..........  3% 30.0M 41s
  1550K .......... .......... .......... .......... ..........  3% 11.9M 40s
  1600K .......... .......... .......... .......... ..........  3% 5.91M 39s
  1650K .......... .......... .......... .......... ..........  3%  499K 40s
  1700K .......... .......... .......... .......... ..........  4% 22.2M 39s
  1750K .......... .......... .......... .......... ..........  4% 6.56M 38s
  1800K .......... .......... .......... .......... ..........  4% 5.55M 37s
  1850K .......... .......... .......... .......... ..........  4%  137M 36s
  1900K .......... .......... .......... .......... ..........  4% 7.05M 35s
  1950K .......... .......... .......... .......... ..........  4%  127M 34s
  2000K .......... .......... .......... .......... ..........  4% 14.9M 33s
  2050K .......... .......... .......... .......... ..........  4% 1.54M 33s
  2100K .......... .......... .......... .......... ..........  5%  164M 32s
  2150K .......... .......... .......... .......... ..........  5% 4.79M 32s
  2200K .......... .......... .......... .......... ..........  5% 7.20M 31s
  2250K .......... .......... .......... .......... ..........  5% 8.78M 31s
  2300K .......... .......... .......... .......... ..........  5%  109M 30s
  2350K .......... .......... .......... .......... ..........  5% 16.5M 29s
  2400K .......... .......... .......... .......... ..........  5%  628K 30s
  2450K .......... .......... .......... .......... ..........  5%  233M 29s
  2500K .......... .......... .......... .......... ..........  5% 6.27M 29s
  2550K .......... .......... .......... .......... ..........  6% 6.11M 28s
  2600K .......... .......... .......... .......... ..........  6% 5.62M 28s
  2650K .......... .......... .......... .......... ..........  6%  108M 27s
  2700K .......... .......... .......... .......... ..........  6% 23.8M 27s
  2750K .......... .......... .......... .......... ..........  6% 13.4M 26s
  2800K .......... .......... .......... .......... ..........  6% 3.25M 26s
  2850K .......... .......... .......... .......... ..........  6%  202M 26s
  2900K .......... .......... .......... .......... ..........  6% 2.35M 25s
  2950K .......... .......... .......... .......... ..........  6%  127M 25s
  3000K .......... .......... .......... .......... ..........  7% 1.23M 25s
  3050K .......... .......... .......... .......... ..........  7% 3.66M 25s
  3100K .......... .......... .......... .......... ..........  7%  153M 24s
  3150K .......... .......... .......... .......... ..........  7% 3.38M 24s
  3200K .......... .......... .......... .......... ..........  7% 93.0M 24s
  3250K .......... .......... .......... .......... ..........  7% 5.04M 24s
  3300K .......... .......... .......... .......... ..........  7% 9.23M 23s
  3350K .......... .......... .......... .......... ..........  7%  200M 23s
  3400K .......... .......... .......... .......... ..........  8%  598K 23s
  3450K .......... .......... .......... .......... ..........  8%  123M 23s
  3500K .......... .......... .......... .......... ..........  8% 6.77M 23s
  3550K .......... .......... .......... .......... ..........  8%  186M 22s
  3600K .......... .......... .......... .......... ..........  8% 27.7M 22s
  3650K .......... .......... .......... .......... ..........  8% 17.3M 22s
  3700K .......... .......... .......... .......... ..........  8% 17.1M 22s
  3750K .......... .......... .......... .......... ..........  8% 19.7M 21s
  3800K .......... .......... .......... .......... ..........  8%  132K 25s
  3850K .......... .......... .......... .......... ..........  9%  107M 24s
  3900K .......... .......... .......... .......... ..........  9% 12.3M 24s
  3950K .......... .......... .......... .......... ..........  9% 11.9M 24s
  4000K .......... .......... .......... .......... ..........  9% 7.36M 24s
  4050K .......... .......... .......... .......... ..........  9%  177M 23s
  4100K .......... .......... .......... .......... ..........  9%  108M 23s
  4150K .......... .......... .......... .......... ..........  9% 43.0M 23s
  4200K .......... .......... .......... .......... ..........  9% 23.4M 22s
  4250K .......... .......... .......... .......... .......... 10% 12.7M 22s
  4300K .......... .......... .......... .......... .......... 10% 13.9M 22s
  4350K .......... .......... .......... .......... .......... 10% 17.8M 22s
  4400K .......... .......... .......... .......... .......... 10%  118M 21s
  4450K .......... .......... .......... .......... .......... 10%  144M 21s
  4500K .......... .......... .......... .......... .......... 10%  189M 21s
  4550K .......... .......... .......... .......... .......... 10%  177M 21s
  4600K .......... .......... .......... .......... .......... 10%  175M 20s
  4650K .......... .......... .......... .......... .......... 10%  207M 20s
  4700K .......... .......... .......... .......... .......... 11%  198M 20s
  4750K .......... .......... .......... .......... .......... 11%  223M 20s
  4800K .......... .......... .......... .......... .......... 11%  182M 19s
  4850K .......... .......... .......... .......... .......... 11%  176M 19s
  4900K .......... .......... .......... .......... .......... 11%  203M 19s
  4950K .......... .......... .......... .......... .......... 11%  194M 19s
  5000K .......... .......... .......... .......... .......... 11%  211M 19s
  5050K .......... .......... .......... .......... .......... 11%  197M 18s
  5100K .......... .......... .......... .......... .......... 11%  259K 20s
  5150K .......... .......... .......... .......... .......... 12% 6.53M 19s
  5200K .......... .......... .......... .......... .......... 12% 93.6K 23s
  5250K .......... .......... .......... .......... .......... 12% 97.1M 23s
  5300K .......... .......... .......... .......... .......... 12%  123M 23s
  5350K .......... .......... .......... .......... .......... 12%  149M 22s
  5400K .......... .......... .......... .......... .......... 12%  148M 22s
  5450K .......... .......... .......... .......... .......... 12%  152M 22s
  5500K .......... .......... .......... .......... .......... 12%  151M 22s
  5550K .......... .......... .......... .......... .......... 13%  176M 21s
  5600K .......... .......... .......... .......... .......... 13%  144M 21s
  5650K .......... .......... .......... .......... .......... 13%  155M 21s
  5700K .......... .......... .......... .......... .......... 13%  186M 21s
  5750K .......... .......... .......... .......... .......... 13%  151M 21s
  5800K .......... .......... .......... .......... .......... 13%  146M 20s
  5850K .......... .......... .......... .......... .......... 13%  168M 20s
  5900K .......... .......... .......... .......... .......... 13% 46.2M 20s
  5950K .......... .......... .......... .......... .......... 13%  167M 20s
  6000K .......... .......... .......... .......... .......... 14%  159M 20s
  6050K .......... .......... .......... .......... .......... 14%  161M 19s
  6100K .......... .......... .......... .......... .......... 14%  216M 19s
  6150K .......... .......... .......... .......... .......... 14%  203M 19s
  6200K .......... .......... .......... .......... .......... 14%  190M 19s
  6250K .......... .......... .......... .......... .......... 14%  219M 19s
  6300K .......... .......... .......... .......... .......... 14%  189M 19s
  6350K .......... .......... .......... .......... .......... 14%  209M 18s
  6400K .......... .......... .......... .......... .......... 15%  163M 18s
  6450K .......... .......... .......... .......... .......... 15%  213M 18s
  6500K .......... .......... .......... .......... .......... 15%  221M 18s
  6550K .......... .......... .......... .......... .......... 15%  210M 18s
  6600K .......... .......... .......... .......... .......... 15%  167M 18s
  6650K .......... .......... .......... .......... .......... 15%  219M 17s
  6700K .......... .......... .......... .......... .......... 15%  207M 17s
  6750K .......... .......... .......... .......... .......... 15%  210M 17s
  6800K .......... .......... .......... .......... .......... 15%  185M 17s
  6850K .......... .......... .......... .......... .......... 16%  212M 17s
  6900K .......... .......... .......... .......... .......... 16%  229M 17s
  6950K .......... .......... .......... .......... .......... 16%  212M 17s
  7000K .......... .......... .......... .......... .......... 16%  203M 16s
  7050K .......... .......... .......... .......... .......... 16%  214M 16s
  7100K .......... .......... .......... .......... .......... 16%  214M 16s
  7150K .......... .......... .......... .......... .......... 16%  212M 16s
  7200K .......... .......... .......... .......... .......... 16%  288K 17s
  7250K .......... .......... .......... .......... .......... 16% 6.16M 17s
  7300K .......... .......... .......... .......... .......... 17% 1.75M 17s
  7350K .......... .......... .......... .......... .......... 17%  298K 17s
  7400K .......... .......... .......... .......... .......... 17% 29.5M 17s
  7450K .......... .......... .......... .......... .......... 17% 5.07M 17s
  7500K .......... .......... .......... .......... .......... 17% 11.2M 17s
  7550K .......... .......... .......... .......... .......... 17% 10.3M 17s
  7600K .......... .......... .......... .......... .......... 17% 4.73M 17s
  7650K .......... .......... .......... .......... .......... 17% 4.38M 17s
  7700K .......... .......... .......... .......... .......... 18% 4.32M 17s
  7750K .......... .......... .......... .......... .......... 18% 5.29M 17s
  7800K .......... .......... .......... .......... .......... 18% 7.36M 16s
  7850K .......... .......... .......... .......... .......... 18% 32.5M 16s
  7900K .......... .......... .......... .......... .......... 18% 13.7M 16s
  7950K .......... .......... .......... .......... .......... 18% 12.7M 16s
  8000K .......... .......... .......... .......... .......... 18% 2.33M 16s
  8050K .......... .......... .......... .......... .......... 18% 15.7M 16s
  8100K .......... .......... .......... .......... .......... 18%  151K 17s
  8150K .......... .......... .......... .......... .......... 19% 88.5M 17s
  8200K .......... .......... .......... .......... .......... 19% 31.5M 17s
  8250K .......... .......... .......... .......... .......... 19% 78.8M 17s
  8300K .......... .......... .......... .......... .......... 19%  159M 17s
  8350K .......... .......... .......... .......... .......... 19%  180M 17s
  8400K .......... .......... .......... .......... .......... 19%  158M 16s
  8450K .......... .......... .......... .......... .......... 19%  170M 16s
  8500K .......... .......... .......... .......... .......... 19%  183M 16s
  8550K .......... .......... .......... .......... .......... 20%  186M 16s
  8600K .......... .......... .......... .......... .......... 20%  195M 16s
  8650K .......... .......... .......... .......... .......... 20%  227M 16s
  8700K .......... .......... .......... .......... .......... 20%  243M 16s
  8750K .......... .......... .......... .......... .......... 20%  198M 16s
  8800K .......... .......... .......... .......... .......... 20%  182M 16s
  8850K .......... .......... .......... .......... .......... 20%  224M 15s
  8900K .......... .......... .......... .......... .......... 20%  216M 15s
  8950K .......... .......... .......... .......... .......... 20%  234M 15s
  9000K .......... .......... .......... .......... .......... 21%  204M 15s
  9050K .......... .......... .......... .......... .......... 21%  228M 15s
  9100K .......... .......... .......... .......... .......... 21%  220M 15s
  9150K .......... .......... .......... .......... .......... 21%  227M 15s
  9200K .......... .......... .......... .......... .......... 21% 1.85M 15s
  9250K .......... .......... .......... .......... .......... 21% 5.97M 15s
  9300K .......... .......... .......... .......... .......... 21%  623K 15s
  9350K .......... .......... .......... .......... .......... 21% 46.9M 15s
  9400K .......... .......... .......... .......... .......... 21% 5.26M 15s
  9450K .......... .......... .......... .......... .......... 22% 4.04M 15s
  9500K .......... .......... .......... .......... .......... 22%  811K 15s
  9550K .......... .......... .......... .......... .......... 22% 3.03M 15s
  9600K .......... .......... .......... .......... .......... 22% 20.9M 15s
  9650K .......... .......... .......... .......... .......... 22% 16.3M 15s
  9700K .......... .......... .......... .......... .......... 22% 10.2M 15s
  9750K .......... .......... .......... .......... .......... 22% 71.9M 14s
  9800K .......... .......... .......... .......... .......... 22% 17.7M 14s
  9850K .......... .......... .......... .......... .......... 23% 1.01M 14s
  9900K .......... .......... .......... .......... .......... 23% 1.81M 14s
  9950K .......... .......... .......... .......... .......... 23%  752K 15s
 10000K .......... .......... .......... .......... .......... 23% 21.3M 14s
 10050K .......... .......... .......... .......... .......... 23% 7.13M 14s
 10100K .......... .......... .......... .......... .......... 23% 9.11M 14s
 10150K .......... .......... .......... .......... .......... 23%  106M 14s
 10200K .......... .......... .......... .......... .......... 23% 5.28M 14s
 10250K .......... .......... .......... .......... .......... 23% 1.04M 14s
 10300K .......... .......... .......... .......... .......... 24% 19.3M 14s
 10350K .......... .......... .......... .......... .......... 24% 2.23M 14s
 10400K .......... .......... .......... .......... .......... 24% 1.11M 14s
 10450K .......... .......... .......... .......... .......... 24% 9.20M 14s
 10500K .......... .......... .......... .......... .......... 24% 98.4M 14s
 10550K .......... .......... .......... .......... .......... 24% 8.05M 14s
 10600K .......... .......... .......... .......... .......... 24% 5.62M 14s
 10650K .......... .......... .......... .......... .......... 24% 1.41M 14s
 10700K .......... .......... .......... .......... .......... 25% 1.35M 14s
 10750K .......... .......... .......... .......... .......... 25% 9.53M 14s
 10800K .......... .......... .......... .......... .......... 25% 1.07M 14s
 10850K .......... .......... .......... .......... .......... 25% 9.92M 14s
 10900K .......... .......... .......... .......... .......... 25% 3.04M 14s
 10950K .......... .......... .......... .......... .......... 25% 5.39M 14s
 11000K .......... .......... .......... .......... .......... 25% 3.81M 14s
 11050K .......... .......... .......... .......... .......... 25% 5.07M 14s
 11100K .......... .......... .......... .......... .......... 25% 1.49M 14s
 11150K .......... .......... .......... .......... .......... 26% 9.52M 14s
 11200K .......... .......... .......... .......... .......... 26% 3.86M 14s
 11250K .......... .......... .......... .......... .......... 26% 9.55M 13s
 11300K .......... .......... .......... .......... .......... 26%  472K 14s
 11350K .......... .......... .......... .......... .......... 26% 30.2M 14s
 11400K .......... .......... .......... .......... .......... 26% 11.2M 14s
 11450K .......... .......... .......... .......... .......... 26% 10.9M 13s
 11500K .......... .......... .......... .......... .......... 26% 4.48M 13s
 11550K .......... .......... .......... .......... .......... 26% 2.35M 13s
 11600K .......... .......... .......... .......... .......... 27% 2.73M 13s
 11650K .......... .......... .......... .......... .......... 27% 4.52M 13s
 11700K .......... .......... .......... .......... .......... 27%  280K 14s
 11750K .......... .......... .......... .......... .......... 27%  189M 14s
 11800K .......... .......... .......... .......... .......... 27%  174M 14s
 11850K .......... .......... .......... .......... .......... 27%  211M 13s
 11900K .......... .......... .......... .......... .......... 27%  217M 13s
 11950K .......... .......... .......... .......... .......... 27%  193M 13s
 12000K .......... .......... .......... .......... .......... 28%  201M 13s
 12050K .......... .......... .......... .......... .......... 28%  241M 13s
 12100K .......... .......... .......... .......... .......... 28%  218M 13s
 12150K .......... .......... .......... .......... .......... 28%  227M 13s
 12200K .......... .......... .......... .......... .......... 28%  203M 13s
 12250K .......... .......... .......... .......... .......... 28%  213M 13s
 12300K .......... .......... .......... .......... .......... 28%  103M 13s
 12350K .......... .......... .......... .......... .......... 28% 3.45M 13s
 12400K .......... .......... .......... .......... .......... 28% 1.24M 13s
 12450K .......... .......... .......... .......... .......... 29%  909K 13s
 12500K .......... .......... .......... .......... .......... 29% 7.42M 13s
 12550K .......... .......... .......... .......... .......... 29%  802K 13s
 12600K .......... .......... .......... .......... .......... 29% 2.90M 13s
 12650K .......... .......... .......... .......... .......... 29% 1.77M 13s
 12700K .......... .......... .......... .......... .......... 29% 8.97M 13s
 12750K .......... .......... .......... .......... .......... 29% 12.3M 13s
 12800K .......... .......... .......... .......... .......... 29% 1.52M 13s
 12850K .......... .......... .......... .......... .......... 30% 1.05M 13s
 12900K .......... .......... .......... .......... .......... 30% 10.7M 13s
 12950K .......... .......... .......... .......... .......... 30% 1.38M 13s
 13000K .......... .......... .......... .......... .......... 30% 10.9M 13s
 13050K .......... .......... .......... .......... .......... 30% 1.96M 13s
 13100K .......... .......... .......... .......... .......... 30% 8.87M 13s
 13150K .......... .......... .......... .......... .......... 30% 1.66M 13s
 13200K .......... .......... .......... .......... .......... 30% 4.05M 13s
 13250K .......... .......... .......... .......... .......... 30% 1.36M 13s
 13300K .......... .......... .......... .......... .......... 31% 9.14M 12s
 13350K .......... .......... .......... .......... .......... 31% 3.05M 12s
 13400K .......... .......... .......... .......... .......... 31% 10.8M 12s
 13450K .......... .......... .......... .......... .......... 31% 3.69M 12s
 13500K .......... .......... .......... .......... .......... 31%  633K 12s
 13550K .......... .......... .......... .......... .......... 31% 10.1M 12s
 13600K .......... .......... .......... .......... .......... 31% 8.84M 12s
 13650K .......... .......... .......... .......... .......... 31% 6.60M 12s
 13700K .......... .......... .......... .......... .......... 31% 1.09M 12s
 13750K .......... .......... .......... .......... .......... 32% 10.9M 12s
 13800K .......... .......... .......... .......... .......... 32% 10.9M 12s
 13850K .......... .......... .......... .......... .......... 32%  806K 12s
 13900K .......... .......... .......... .......... .......... 32% 9.59M 12s
 13950K .......... .......... .......... .......... .......... 32% 9.51M 12s
 14000K .......... .......... .......... .......... .......... 32% 5.65M 12s
 14050K .......... .......... .......... .......... .......... 32%  973K 12s
 14100K .......... .......... .......... .......... .......... 32% 9.77M 12s
 14150K .......... .......... .......... .......... .......... 33% 10.7M 12s
 14200K .......... .......... .......... .......... .......... 33% 9.21M 12s
 14250K .......... .......... .......... .......... .......... 33% 6.97M 12s
 14300K .......... .......... .......... .......... .......... 33%  882K 12s
 14350K .......... .......... .......... .......... .......... 33% 5.40M 12s
 14400K .......... .......... .......... .......... .......... 33% 8.22M 12s
 14450K .......... .......... .......... .......... .......... 33% 3.62M 12s
 14500K .......... .......... .......... .......... .......... 33%  467K 12s
 14550K .......... .......... .......... .......... .......... 33% 18.1M 12s
 14600K .......... .......... .......... .......... .......... 34% 6.06M 12s
 14650K .......... .......... .......... .......... .......... 34% 2.68M 12s
 14700K .......... .......... .......... .......... .......... 34% 2.78M 12s
 14750K .......... .......... .......... .......... .......... 34%  964K 12s
 14800K .......... .......... .......... .......... .......... 34% 5.65M 12s
 14850K .......... .......... .......... .......... .......... 34% 3.50M 12s
 14900K .......... .......... .......... .......... .......... 34% 2.29M 12s
 14950K .......... .......... .......... .......... .......... 34% 2.33M 12s
 15000K .......... .......... .......... .......... .......... 35%  118M 12s
 15050K .......... .......... .......... .......... .......... 35% 4.59M 12s
 15100K .......... .......... .......... .......... .......... 35% 4.81M 12s
 15150K .......... .......... .......... .......... .......... 35% 1.23M 12s
 15200K .......... .......... .......... .......... .......... 35% 15.0M 12s
 15250K .......... .......... .......... .......... .......... 35% 4.58M 12s
 15300K .......... .......... .......... .......... .......... 35% 5.46M 12s
 15350K .......... .......... .......... .......... .......... 35% 1.19M 12s
 15400K .......... .......... .......... .......... .......... 35% 5.40M 11s
 15450K .......... .......... .......... .......... .......... 36% 1.96M 11s
 15500K .......... .......... .......... .......... .......... 36% 24.2M 11s
 15550K .......... .......... .......... .......... .......... 36% 3.66M 11s
 15600K .......... .......... .......... .......... .......... 36%  874K 11s
 15650K .......... .......... .......... .......... .......... 36% 11.3M 11s
 15700K .......... .......... .......... .......... .......... 36% 7.05M 11s
 15750K .......... .......... .......... .......... .......... 36% 8.03M 11s
 15800K .......... .......... .......... .......... .......... 36% 1.06M 11s
 15850K .......... .......... .......... .......... .......... 36% 25.3M 11s
 15900K .......... .......... .......... .......... .......... 37% 8.30M 11s
 15950K .......... .......... .......... .......... .......... 37% 1.48M 11s
 16000K .......... .......... .......... .......... .......... 37% 7.18M 11s
 16050K .......... .......... .......... .......... .......... 37% 4.22M 11s
 16100K .......... .......... .......... .......... .......... 37% 80.8M 11s
 16150K .......... .......... .......... .......... .......... 37% 1.11M 11s
 16200K .......... .......... .......... .......... .......... 37%  136M 11s
 16250K .......... .......... .......... .......... .......... 37% 7.50M 11s
 16300K .......... .......... .......... .......... .......... 38% 1.41M 11s
 16350K .......... .......... .......... .......... .......... 38% 8.71M 11s
 16400K .......... .......... .......... .......... .......... 38% 13.7M 11s
 16450K .......... .......... .......... .......... .......... 38% 36.6M 11s
 16500K .......... .......... .......... .......... .......... 38% 1.05M 11s
 16550K .......... .......... .......... .......... .......... 38% 7.99M 11s
 16600K .......... .......... .......... .......... .......... 38% 8.15M 11s
 16650K .......... .......... .......... .......... .......... 38% 15.8M 11s
 16700K .......... .......... .......... .......... .......... 38% 4.57M 11s
 16750K .......... .......... .......... .......... .......... 39% 1.23M 11s
 16800K .......... .......... .......... .......... .......... 39% 4.71M 11s
 16850K .......... .......... .......... .......... .......... 39%  121M 11s
 16900K .......... .......... .......... .......... .......... 39% 23.5M 11s
 16950K .......... .......... .......... .......... .......... 39%  619K 11s
 17000K .......... .......... .......... .......... .......... 39%  130M 11s
 17050K .......... .......... .......... .......... .......... 39% 17.0M 11s
 17100K .......... .......... .......... .......... .......... 39% 9.62M 11s
 17150K .......... .......... .......... .......... .......... 40%  180M 10s
 17200K .......... .......... .......... .......... .......... 40%  860K 11s
 17250K .......... .......... .......... .......... .......... 40% 44.2M 10s
 17300K .......... .......... .......... .......... .......... 40% 9.38M 10s
 17350K .......... .......... .......... .......... .......... 40% 5.19M 10s
 17400K .......... .......... .......... .......... .......... 40%  442K 10s
 17450K .......... .......... .......... .......... .......... 40% 18.7M 10s
 17500K .......... .......... .......... .......... .......... 40% 11.0M 10s
 17550K .......... .......... .......... .......... .......... 40% 6.19M 10s
 17600K .......... .......... .......... .......... .......... 41% 8.14M 10s
 17650K .......... .......... .......... .......... .......... 41% 1.09M 10s
 17700K .......... .......... .......... .......... .......... 41% 65.4M 10s
 17750K .......... .......... .......... .......... .......... 41% 1.66M 10s
 17800K .......... .......... .......... .......... .......... 41% 5.51M 10s
 17850K .......... .......... .......... .......... .......... 41% 7.85M 10s
 17900K .......... .......... .......... .......... .......... 41% 2.70M 10s
 17950K .......... .......... .......... .......... .......... 41% 14.1M 10s
 18000K .......... .......... .......... .......... .......... 42% 1.08M 10s
 18050K .......... .......... .......... .......... .......... 42% 41.2M 10s
 18100K .......... .......... .......... .......... .......... 42% 1.80M 10s
 18150K .......... .......... .......... .......... .......... 42% 4.42M 10s
 18200K .......... .......... .......... .......... .......... 42%  219M 10s
 18250K .......... .......... .......... .......... .......... 42% 3.07M 10s
 18300K .......... .......... .......... .......... .......... 42% 12.8M 10s
 18350K .......... .......... .......... .......... .......... 42% 1.97M 10s
 18400K .......... .......... .......... .......... .......... 42% 6.81M 10s
 18450K .......... .......... .......... .......... .......... 43% 15.1M 10s
 18500K .......... .......... .......... .......... .......... 43% 2.42M 10s
 18550K .......... .......... .......... .......... .......... 43% 9.15M 10s
 18600K .......... .......... .......... .......... .......... 43% 1.85M 10s
 18650K .......... .......... .......... .......... .......... 43% 12.4M 10s
 18700K .......... .......... .......... .......... .......... 43% 26.6M 10s
 18750K .......... .......... .......... .......... .......... 43% 2.99M 10s
 18800K .......... .......... .......... .......... .......... 43% 13.7M 10s
 18850K .......... .......... .......... .......... .......... 43%  747K 10s
 18900K .......... .......... .......... .......... .......... 44% 24.2M 10s
 18950K .......... .......... .......... .......... .......... 44% 20.5M 10s
 19000K .......... .......... .......... .......... .......... 44% 5.20M 10s
 19050K .......... .......... .......... .......... .......... 44% 26.2M 10s
 19100K .......... .......... .......... .......... .......... 44%  688K 10s
 19150K .......... .......... .......... .......... .......... 44% 18.1M 10s
 19200K .......... .......... .......... .......... .......... 44% 6.72M 9s
 19250K .......... .......... .......... .......... .......... 44%  174M 9s
 19300K .......... .......... .......... .......... .......... 45%  536K 9s
 19350K .......... .......... .......... .......... .......... 45% 20.1M 9s
 19400K .......... .......... .......... .......... .......... 45% 4.66M 9s
 19450K .......... .......... .......... .......... .......... 45%  227M 9s
 19500K .......... .......... .......... .......... .......... 45% 5.12M 9s
 19550K .......... .......... .......... .......... .......... 45% 1019K 9s
 19600K .......... .......... .......... .......... .......... 45% 4.67M 9s
 19650K .......... .......... .......... .......... .......... 45% 18.2M 9s
 19700K .......... .......... .......... .......... .......... 45% 6.98M 9s
 19750K .......... .......... .......... .......... .......... 46% 6.19M 9s
 19800K .......... .......... .......... .......... .......... 46%  428K 9s
 19850K .......... .......... .......... .......... .......... 46% 21.6M 9s
 19900K .......... .......... .......... .......... .......... 46% 2.32M 9s
 19950K .......... .......... .......... .......... .......... 46% 9.77M 9s
 20000K .......... .......... .......... .......... .......... 46% 2.41M 9s
 20050K .......... .......... .......... .......... .......... 46% 1008K 9s
 20100K .......... .......... .......... .......... .......... 46% 3.79M 9s
 20150K .......... .......... .......... .......... .......... 47% 23.7M 9s
 20200K .......... .......... .......... .......... .......... 47% 1.17M 9s
 20250K .......... .......... .......... .......... .......... 47% 20.8M 9s
 20300K .......... .......... .......... .......... .......... 47%  990K 9s
 20350K .......... .......... .......... .......... .......... 47% 3.52M 9s
 20400K .......... .......... .......... .......... .......... 47% 1.46M 9s
 20450K .......... .......... .......... .......... .......... 47% 11.9M 9s
 20500K .......... .......... .......... .......... .......... 47% 13.0M 9s
 20550K .......... .......... .......... .......... .......... 47%  840K 9s
 20600K .......... .......... .......... .......... .......... 48% 15.6M 9s
 20650K .......... .......... .......... .......... .......... 48% 12.8M 9s
 20700K .......... .......... .......... .......... .......... 48% 2.63M 9s
 20750K .......... .......... .......... .......... .......... 48% 6.33M 9s
 20800K .......... .......... .......... .......... .......... 48% 1.13M 9s
 20850K .......... .......... .......... .......... .......... 48% 7.81M 9s
 20900K .......... .......... .......... .......... .......... 48% 27.1M 9s
 20950K .......... .......... .......... .......... .......... 48%  335K 9s
 21000K .......... .......... .......... .......... .......... 48% 78.3M 9s
 21050K .......... .......... .......... .......... .......... 49% 9.68M 9s
 21100K .......... .......... .......... .......... .......... 49% 6.36M 9s
 21150K .......... .......... .......... .......... .......... 49%  142M 9s
 21200K .......... .......... .......... .......... .......... 49%  994K 9s
 21250K .......... .......... .......... .......... .......... 49% 10.5M 9s
 21300K .......... .......... .......... .......... .......... 49% 3.35M 9s
 21350K .......... .......... .......... .......... .......... 49% 7.61M 9s
 21400K .......... .......... .......... .......... .......... 49%  124M 9s
 21450K .......... .......... .......... .......... .......... 50% 21.7M 9s
 21500K .......... .......... .......... .......... .......... 50%  978K 9s
 21550K .......... .......... .......... .......... .......... 50% 29.4M 9s
 21600K .......... .......... .......... .......... .......... 50% 17.0M 9s
 21650K .......... .......... .......... .......... .......... 50% 4.71M 9s
 21700K .......... .......... .......... .......... .......... 50% 2.21M 9s
 21750K .......... .......... .......... .......... .......... 50% 1.33M 9s
 21800K .......... .......... .......... .......... .......... 50% 47.2M 8s
 21850K .......... .......... .......... .......... .......... 50% 19.3M 8s
 21900K .......... .......... .......... .......... .......... 51% 18.6M 8s
 21950K .......... .......... .......... .......... .......... 51% 4.39M 8s
 22000K .......... .......... .......... .......... .......... 51%  964K 8s
 22050K .......... .......... .......... .......... .......... 51% 15.0M 8s
 22100K .......... .......... .......... .......... .......... 51% 18.1M 8s
 22150K .......... .......... .......... .......... .......... 51% 5.06M 8s
 22200K .......... .......... .......... .......... .......... 51% 19.0M 8s
 22250K .......... .......... .......... .......... .......... 51% 1.65M 8s
 22300K .......... .......... .......... .......... .......... 52%  863K 8s
 22350K .......... .......... .......... .......... .......... 52% 6.91M 8s
 22400K .......... .......... .......... .......... .......... 52%  122M 8s
 22450K .......... .......... .......... .......... .......... 52% 4.54M 8s
 22500K .......... .......... .......... .......... ....